running egg_info
creating build/servo_sirvo_fisico/servo_sirvo_fisico.egg-info
writing build/servo_sirvo_fisico/servo_sirvo_fisico.egg-info/PKG-INFO
writing dependency_links to build/servo_sirvo_fisico/servo_sirvo_fisico.egg-info/dependency_links.txt
writing entry points to build/servo_sirvo_fisico/servo_sirvo_fisico.egg-info/entry_points.txt
writing requirements to build/servo_sirvo_fisico/servo_sirvo_fisico.egg-info/requires.txt
writing top-level names to build/servo_sirvo_fisico/servo_sirvo_fisico.egg-info/top_level.txt
writing manifest file 'build/servo_sirvo_fisico/servo_sirvo_fisico.egg-info/SOURCES.txt'
reading manifest file 'build/servo_sirvo_fisico/servo_sirvo_fisico.egg-info/SOURCES.txt'
adding license file 'LICENSE'
writing manifest file 'build/servo_sirvo_fisico/servo_sirvo_fisico.egg-info/SOURCES.txt'
running build
running build_py
creating /home/victorn65/ros2_ws/src/servo_sirvo_fisico/build/servo_sirvo_fisico/build
creating /home/victorn65/ros2_ws/src/servo_sirvo_fisico/build/servo_sirvo_fisico/build/lib
creating /home/victorn65/ros2_ws/src/servo_sirvo_fisico/build/servo_sirvo_fisico/build/lib/servo_sirvo_fisico
copying servo_sirvo_fisico/localisation.py -> /home/victorn65/ros2_ws/src/servo_sirvo_fisico/build/servo_sirvo_fisico/build/lib/servo_sirvo_fisico
copying servo_sirvo_fisico/puzzlebot_aruco.py -> /home/victorn65/ros2_ws/src/servo_sirvo_fisico/build/servo_sirvo_fisico/build/lib/servo_sirvo_fisico
copying servo_sirvo_fisico/puzzlebot_kinematic_model.py -> /home/victorn65/ros2_ws/src/servo_sirvo_fisico/build/servo_sirvo_fisico/build/lib/servo_sirvo_fisico
copying servo_sirvo_fisico/__init__.py -> /home/victorn65/ros2_ws/src/servo_sirvo_fisico/build/servo_sirvo_fisico/build/lib/servo_sirvo_fisico
copying servo_sirvo_fisico/point_stabilisation_control.py -> /home/victorn65/ros2_ws/src/servo_sirvo_fisico/build/servo_sirvo_fisico/build/lib/servo_sirvo_fisico
copying servo_sirvo_fisico/joint_state_pub.py -> /home/victorn65/ros2_ws/src/servo_sirvo_fisico/build/servo_sirvo_fisico/build/lib/servo_sirvo_fisico
creating /home/victorn65/ros2_ws/src/servo_sirvo_fisico/build/servo_sirvo_fisico/build/lib/servo_sirvo_fisico/utils
copying servo_sirvo_fisico/utils/puzzlebot_kinematics.py -> /home/victorn65/ros2_ws/src/servo_sirvo_fisico/build/servo_sirvo_fisico/build/lib/servo_sirvo_fisico/utils
copying servo_sirvo_fisico/utils/math_utils.py -> /home/victorn65/ros2_ws/src/servo_sirvo_fisico/build/servo_sirvo_fisico/build/lib/servo_sirvo_fisico/utils
copying servo_sirvo_fisico/utils/observation_utils.py -> /home/victorn65/ros2_ws/src/servo_sirvo_fisico/build/servo_sirvo_fisico/build/lib/servo_sirvo_fisico/utils
copying servo_sirvo_fisico/utils/__init__.py -> /home/victorn65/ros2_ws/src/servo_sirvo_fisico/build/servo_sirvo_fisico/build/lib/servo_sirvo_fisico/utils
running install
running install_lib
creating /home/victorn65/ros2_ws/src/servo_sirvo_fisico/install/servo_sirvo_fisico/lib/python3.10/site-packages/servo_sirvo_fisico
copying /home/victorn65/ros2_ws/src/servo_sirvo_fisico/build/servo_sirvo_fisico/build/lib/servo_sirvo_fisico/localisation.py -> /home/victorn65/ros2_ws/src/servo_sirvo_fisico/install/servo_sirvo_fisico/lib/python3.10/site-packages/servo_sirvo_fisico
copying /home/victorn65/ros2_ws/src/servo_sirvo_fisico/build/servo_sirvo_fisico/build/lib/servo_sirvo_fisico/puzzlebot_aruco.py -> /home/victorn65/ros2_ws/src/servo_sirvo_fisico/install/servo_sirvo_fisico/lib/python3.10/site-packages/servo_sirvo_fisico
copying /home/victorn65/ros2_ws/src/servo_sirvo_fisico/build/servo_sirvo_fisico/build/lib/servo_sirvo_fisico/puzzlebot_kinematic_model.py -> /home/victorn65/ros2_ws/src/servo_sirvo_fisico/install/servo_sirvo_fisico/lib/python3.10/site-packages/servo_sirvo_fisico
creating /home/victorn65/ros2_ws/src/servo_sirvo_fisico/install/servo_sirvo_fisico/lib/python3.10/site-packages/servo_sirvo_fisico/utils
copying /home/victorn65/ros2_ws/src/servo_sirvo_fisico/build/servo_sirvo_fisico/build/lib/servo_sirvo_fisico/utils/puzzlebot_kinematics.py -> /home/victorn65/ros2_ws/src/servo_sirvo_fisico/install/servo_sirvo_fisico/lib/python3.10/site-packages/servo_sirvo_fisico/utils
copying /home/victorn65/ros2_ws/src/servo_sirvo_fisico/build/servo_sirvo_fisico/build/lib/servo_sirvo_fisico/utils/math_utils.py -> /home/victorn65/ros2_ws/src/servo_sirvo_fisico/install/servo_sirvo_fisico/lib/python3.10/site-packages/servo_sirvo_fisico/utils
copying /home/victorn65/ros2_ws/src/servo_sirvo_fisico/build/servo_sirvo_fisico/build/lib/servo_sirvo_fisico/utils/observation_utils.py -> /home/victorn65/ros2_ws/src/servo_sirvo_fisico/install/servo_sirvo_fisico/lib/python3.10/site-packages/servo_sirvo_fisico/utils
copying /home/victorn65/ros2_ws/src/servo_sirvo_fisico/build/servo_sirvo_fisico/build/lib/servo_sirvo_fisico/utils/__init__.py -> /home/victorn65/ros2_ws/src/servo_sirvo_fisico/install/servo_sirvo_fisico/lib/python3.10/site-packages/servo_sirvo_fisico/utils
copying /home/victorn65/ros2_ws/src/servo_sirvo_fisico/build/servo_sirvo_fisico/build/lib/servo_sirvo_fisico/__init__.py -> /home/victorn65/ros2_ws/src/servo_sirvo_fisico/install/servo_sirvo_fisico/lib/python3.10/site-packages/servo_sirvo_fisico
copying /home/victorn65/ros2_ws/src/servo_sirvo_fisico/build/servo_sirvo_fisico/build/lib/servo_sirvo_fisico/point_stabilisation_control.py -> /home/victorn65/ros2_ws/src/servo_sirvo_fisico/install/servo_sirvo_fisico/lib/python3.10/site-packages/servo_sirvo_fisico
copying /home/victorn65/ros2_ws/src/servo_sirvo_fisico/build/servo_sirvo_fisico/build/lib/servo_sirvo_fisico/joint_state_pub.py -> /home/victorn65/ros2_ws/src/servo_sirvo_fisico/install/servo_sirvo_fisico/lib/python3.10/site-packages/servo_sirvo_fisico
byte-compiling /home/victorn65/ros2_ws/src/servo_sirvo_fisico/install/servo_sirvo_fisico/lib/python3.10/site-packages/servo_sirvo_fisico/localisation.py to localisation.cpython-310.pyc
byte-compiling /home/victorn65/ros2_ws/src/servo_sirvo_fisico/install/servo_sirvo_fisico/lib/python3.10/site-packages/servo_sirvo_fisico/puzzlebot_aruco.py to puzzlebot_aruco.cpython-310.pyc
byte-compiling /home/victorn65/ros2_ws/src/servo_sirvo_fisico/install/servo_sirvo_fisico/lib/python3.10/site-packages/servo_sirvo_fisico/puzzlebot_kinematic_model.py to puzzlebot_kinematic_model.cpython-310.pyc
byte-compiling /home/victorn65/ros2_ws/src/servo_sirvo_fisico/install/servo_sirvo_fisico/lib/python3.10/site-packages/servo_sirvo_fisico/utils/puzzlebot_kinematics.py to puzzlebot_kinematics.cpython-310.pyc
byte-compiling /home/victorn65/ros2_ws/src/servo_sirvo_fisico/install/servo_sirvo_fisico/lib/python3.10/site-packages/servo_sirvo_fisico/utils/math_utils.py to math_utils.cpython-310.pyc
byte-compiling /home/victorn65/ros2_ws/src/servo_sirvo_fisico/install/servo_sirvo_fisico/lib/python3.10/site-packages/servo_sirvo_fisico/utils/observation_utils.py to observation_utils.cpython-310.pyc
byte-compiling /home/victorn65/ros2_ws/src/servo_sirvo_fisico/install/servo_sirvo_fisico/lib/python3.10/site-packages/servo_sirvo_fisico/utils/__init__.py to __init__.cpython-310.pyc
byte-compiling /home/victorn65/ros2_ws/src/servo_sirvo_fisico/install/servo_sirvo_fisico/lib/python3.10/site-packages/servo_sirvo_fisico/__init__.py to __init__.cpython-310.pyc
byte-compiling /home/victorn65/ros2_ws/src/servo_sirvo_fisico/install/servo_sirvo_fisico/lib/python3.10/site-packages/servo_sirvo_fisico/point_stabilisation_control.py to point_stabilisation_control.cpython-310.pyc
byte-compiling /home/victorn65/ros2_ws/src/servo_sirvo_fisico/install/servo_sirvo_fisico/lib/python3.10/site-packages/servo_sirvo_fisico/joint_state_pub.py to joint_state_pub.cpython-310.pyc
running install_data
creating /home/victorn65/ros2_ws/src/servo_sirvo_fisico/install/servo_sirvo_fisico/share/ament_index
creating /home/victorn65/ros2_ws/src/servo_sirvo_fisico/install/servo_sirvo_fisico/share/ament_index/resource_index
creating /home/victorn65/ros2_ws/src/servo_sirvo_fisico/install/servo_sirvo_fisico/share/ament_index/resource_index/packages
copying resource/servo_sirvo_fisico -> /home/victorn65/ros2_ws/src/servo_sirvo_fisico/install/servo_sirvo_fisico/share/ament_index/resource_index/packages
copying package.xml -> /home/victorn65/ros2_ws/src/servo_sirvo_fisico/install/servo_sirvo_fisico/share/servo_sirvo_fisico
creating /home/victorn65/ros2_ws/src/servo_sirvo_fisico/install/servo_sirvo_fisico/share/servo_sirvo_fisico/launch
copying launch/start_aruco_opencv.launch.py -> /home/victorn65/ros2_ws/src/servo_sirvo_fisico/install/servo_sirvo_fisico/share/servo_sirvo_fisico/launch
copying launch/gazebo_puzzlebot_launch.py -> /home/victorn65/ros2_ws/src/servo_sirvo_fisico/install/servo_sirvo_fisico/share/servo_sirvo_fisico/launch
copying launch/bringup_simulation_simple_launch.py -> /home/victorn65/ros2_ws/src/servo_sirvo_fisico/install/servo_sirvo_fisico/share/servo_sirvo_fisico/launch
copying launch/puzzlebot_sim_launch.py -> /home/victorn65/ros2_ws/src/servo_sirvo_fisico/install/servo_sirvo_fisico/share/servo_sirvo_fisico/launch
copying launch/gazebo_world_launch.py -> /home/victorn65/ros2_ws/src/servo_sirvo_fisico/install/servo_sirvo_fisico/share/servo_sirvo_fisico/launch
creating /home/victorn65/ros2_ws/src/servo_sirvo_fisico/install/servo_sirvo_fisico/share/servo_sirvo_fisico/config
copying config/nav2_params.yaml -> /home/victorn65/ros2_ws/src/servo_sirvo_fisico/install/servo_sirvo_fisico/share/servo_sirvo_fisico/config
copying config/puzzlebot_hacker_ed.yaml -> /home/victorn65/ros2_ws/src/servo_sirvo_fisico/install/servo_sirvo_fisico/share/servo_sirvo_fisico/config
copying config/mapper_params_online_async.yaml -> /home/victorn65/ros2_ws/src/servo_sirvo_fisico/install/servo_sirvo_fisico/share/servo_sirvo_fisico/config
copying config/puzzlebot_jetson_lidar_ed.yaml -> /home/victorn65/ros2_ws/src/servo_sirvo_fisico/install/servo_sirvo_fisico/share/servo_sirvo_fisico/config
copying config/puzzlebot_jetson_ed.yaml -> /home/victorn65/ros2_ws/src/servo_sirvo_fisico/install/servo_sirvo_fisico/share/servo_sirvo_fisico/config
copying config/parameter_bridge.yaml -> /home/victorn65/ros2_ws/src/servo_sirvo_fisico/install/servo_sirvo_fisico/share/servo_sirvo_fisico/config
copying config/bridge_sim.yaml -> /home/victorn65/ros2_ws/src/servo_sirvo_fisico/install/servo_sirvo_fisico/share/servo_sirvo_fisico/config
creating /home/victorn65/ros2_ws/src/servo_sirvo_fisico/install/servo_sirvo_fisico/share/servo_sirvo_fisico/rviz
copying rviz/puzzlebot_view.rviz -> /home/victorn65/ros2_ws/src/servo_sirvo_fisico/install/servo_sirvo_fisico/share/servo_sirvo_fisico/rviz
creating /home/victorn65/ros2_ws/src/servo_sirvo_fisico/install/servo_sirvo_fisico/share/servo_sirvo_fisico/urdf
copying urdf/gazebo_control.xacro -> /home/victorn65/ros2_ws/src/servo_sirvo_fisico/install/servo_sirvo_fisico/share/servo_sirvo_fisico/urdf
copying urdf/puzzlebot.xacro -> /home/victorn65/ros2_ws/src/servo_sirvo_fisico/install/servo_sirvo_fisico/share/servo_sirvo_fisico/urdf
copying urdf/macros.xacro -> /home/victorn65/ros2_ws/src/servo_sirvo_fisico/install/servo_sirvo_fisico/share/servo_sirvo_fisico/urdf
copying urdf/laser_camera_bracket.xacro -> /home/victorn65/ros2_ws/src/servo_sirvo_fisico/install/servo_sirvo_fisico/share/servo_sirvo_fisico/urdf
copying urdf/lidar.xacro -> /home/victorn65/ros2_ws/src/servo_sirvo_fisico/install/servo_sirvo_fisico/share/servo_sirvo_fisico/urdf
copying urdf/puzzlebot_jetson_lidar_base.urdf.xacro -> /home/victorn65/ros2_ws/src/servo_sirvo_fisico/install/servo_sirvo_fisico/share/servo_sirvo_fisico/urdf
copying urdf/parameters_jetson_lidar.xacro -> /home/victorn65/ros2_ws/src/servo_sirvo_fisico/install/servo_sirvo_fisico/share/servo_sirvo_fisico/urdf
copying urdf/materials.xacro -> /home/victorn65/ros2_ws/src/servo_sirvo_fisico/install/servo_sirvo_fisico/share/servo_sirvo_fisico/urdf
creating /home/victorn65/ros2_ws/src/servo_sirvo_fisico/install/servo_sirvo_fisico/share/servo_sirvo_fisico/meshes
copying meshes/Puzzlebot_Jetson_Lidar_Edition_Base.stl -> /home/victorn65/ros2_ws/src/servo_sirvo_fisico/install/servo_sirvo_fisico/share/servo_sirvo_fisico/meshes
copying meshes/RPLidar.stl -> /home/victorn65/ros2_ws/src/servo_sirvo_fisico/install/servo_sirvo_fisico/share/servo_sirvo_fisico/meshes
copying meshes/NVIDIA_Jetson.stl -> /home/victorn65/ros2_ws/src/servo_sirvo_fisico/install/servo_sirvo_fisico/share/servo_sirvo_fisico/meshes
copying meshes/Laser_Camera_Bracket.stl -> /home/victorn65/ros2_ws/src/servo_sirvo_fisico/install/servo_sirvo_fisico/share/servo_sirvo_fisico/meshes
copying meshes/Puzzlebot_Wheel.stl -> /home/victorn65/ros2_ws/src/servo_sirvo_fisico/install/servo_sirvo_fisico/share/servo_sirvo_fisico/meshes
copying meshes/Puzzlebot_Caster_Wheel.stl -> /home/victorn65/ros2_ws/src/servo_sirvo_fisico/install/servo_sirvo_fisico/share/servo_sirvo_fisico/meshes
creating /home/victorn65/ros2_ws/src/servo_sirvo_fisico/install/servo_sirvo_fisico/share/servo_sirvo_fisico/models
creating /home/victorn65/ros2_ws/src/servo_sirvo_fisico/install/servo_sirvo_fisico/share/servo_sirvo_fisico/models/red_colored_box
copying models/red_colored_box/model.sdf -> /home/victorn65/ros2_ws/src/servo_sirvo_fisico/install/servo_sirvo_fisico/share/servo_sirvo_fisico/models/red_colored_box
copying models/red_colored_box/model.config -> /home/victorn65/ros2_ws/src/servo_sirvo_fisico/install/servo_sirvo_fisico/share/servo_sirvo_fisico/models/red_colored_box
creating /home/victorn65/ros2_ws/src/servo_sirvo_fisico/install/servo_sirvo_fisico/share/servo_sirvo_fisico/models/office_model
copying models/office_model/model.sdf -> /home/victorn65/ros2_ws/src/servo_sirvo_fisico/install/servo_sirvo_fisico/share/servo_sirvo_fisico/models/office_model
copying models/office_model/model.config -> /home/victorn65/ros2_ws/src/servo_sirvo_fisico/install/servo_sirvo_fisico/share/servo_sirvo_fisico/models/office_model
creating /home/victorn65/ros2_ws/src/servo_sirvo_fisico/install/servo_sirvo_fisico/share/servo_sirvo_fisico/models/avoidance_world_1
copying models/avoidance_world_1/model.sdf -> /home/victorn65/ros2_ws/src/servo_sirvo_fisico/install/servo_sirvo_fisico/share/servo_sirvo_fisico/models/avoidance_world_1
copying models/avoidance_world_1/model.config -> /home/victorn65/ros2_ws/src/servo_sirvo_fisico/install/servo_sirvo_fisico/share/servo_sirvo_fisico/models/avoidance_world_1
creating /home/victorn65/ros2_ws/src/servo_sirvo_fisico/install/servo_sirvo_fisico/share/servo_sirvo_fisico/models/box_brick
copying models/box_brick/model.sdf -> /home/victorn65/ros2_ws/src/servo_sirvo_fisico/install/servo_sirvo_fisico/share/servo_sirvo_fisico/models/box_brick
copying models/box_brick/model.config -> /home/victorn65/ros2_ws/src/servo_sirvo_fisico/install/servo_sirvo_fisico/share/servo_sirvo_fisico/models/box_brick
creating /home/victorn65/ros2_ws/src/servo_sirvo_fisico/install/servo_sirvo_fisico/share/servo_sirvo_fisico/models/box_brick/materials
creating /home/victorn65/ros2_ws/src/servo_sirvo_fisico/install/servo_sirvo_fisico/share/servo_sirvo_fisico/models/box_brick/materials/textures
copying models/box_brick/materials/textures/0032-512x512.jpg -> /home/victorn65/ros2_ws/src/servo_sirvo_fisico/install/servo_sirvo_fisico/share/servo_sirvo_fisico/models/box_brick/materials/textures
creating /home/victorn65/ros2_ws/src/servo_sirvo_fisico/install/servo_sirvo_fisico/share/servo_sirvo_fisico/models/box_brick/meshes
copying models/box_brick/meshes/box_brick.dae -> /home/victorn65/ros2_ws/src/servo_sirvo_fisico/install/servo_sirvo_fisico/share/servo_sirvo_fisico/models/box_brick/meshes
creating /home/victorn65/ros2_ws/src/servo_sirvo_fisico/install/servo_sirvo_fisico/share/servo_sirvo_fisico/models/aruco000
copying models/aruco000/model.sdf -> /home/victorn65/ros2_ws/src/servo_sirvo_fisico/install/servo_sirvo_fisico/share/servo_sirvo_fisico/models/aruco000
copying models/aruco000/model.config -> /home/victorn65/ros2_ws/src/servo_sirvo_fisico/install/servo_sirvo_fisico/share/servo_sirvo_fisico/models/aruco000
creating /home/victorn65/ros2_ws/src/servo_sirvo_fisico/install/servo_sirvo_fisico/share/servo_sirvo_fisico/models/aruco000/materials
creating /home/victorn65/ros2_ws/src/servo_sirvo_fisico/install/servo_sirvo_fisico/share/servo_sirvo_fisico/models/aruco000/materials/textures
copying models/aruco000/materials/textures/16h3_000.png -> /home/victorn65/ros2_ws/src/servo_sirvo_fisico/install/servo_sirvo_fisico/share/servo_sirvo_fisico/models/aruco000/materials/textures
creating /home/victorn65/ros2_ws/src/servo_sirvo_fisico/install/servo_sirvo_fisico/share/servo_sirvo_fisico/models/aruco000/meshes
copying models/aruco000/meshes/aruco000.dae -> /home/victorn65/ros2_ws/src/servo_sirvo_fisico/install/servo_sirvo_fisico/share/servo_sirvo_fisico/models/aruco000/meshes
creating /home/victorn65/ros2_ws/src/servo_sirvo_fisico/install/servo_sirvo_fisico/share/servo_sirvo_fisico/models/arena_a_frame
copying models/arena_a_frame/model.sdf -> /home/victorn65/ros2_ws/src/servo_sirvo_fisico/install/servo_sirvo_fisico/share/servo_sirvo_fisico/models/arena_a_frame
copying models/arena_a_frame/model.config -> /home/victorn65/ros2_ws/src/servo_sirvo_fisico/install/servo_sirvo_fisico/share/servo_sirvo_fisico/models/arena_a_frame
creating /home/victorn65/ros2_ws/src/servo_sirvo_fisico/install/servo_sirvo_fisico/share/servo_sirvo_fisico/models/arena_a_frame/materials
creating /home/victorn65/ros2_ws/src/servo_sirvo_fisico/install/servo_sirvo_fisico/share/servo_sirvo_fisico/models/arena_a_frame/materials/textures
copying models/arena_a_frame/materials/textures/mcr2_banner.png -> /home/victorn65/ros2_ws/src/servo_sirvo_fisico/install/servo_sirvo_fisico/share/servo_sirvo_fisico/models/arena_a_frame/materials/textures
creating /home/victorn65/ros2_ws/src/servo_sirvo_fisico/install/servo_sirvo_fisico/share/servo_sirvo_fisico/models/arena_a_frame/meshes
copying models/arena_a_frame/meshes/MCR2_arena_side.stl -> /home/victorn65/ros2_ws/src/servo_sirvo_fisico/install/servo_sirvo_fisico/share/servo_sirvo_fisico/models/arena_a_frame/meshes
creating /home/victorn65/ros2_ws/src/servo_sirvo_fisico/install/servo_sirvo_fisico/share/servo_sirvo_fisico/models/media
creating /home/victorn65/ros2_ws/src/servo_sirvo_fisico/install/servo_sirvo_fisico/share/servo_sirvo_fisico/models/media/materials
creating /home/victorn65/ros2_ws/src/servo_sirvo_fisico/install/servo_sirvo_fisico/share/servo_sirvo_fisico/models/media/materials/scripts
copying models/media/materials/scripts/mcr2_materials.material -> /home/victorn65/ros2_ws/src/servo_sirvo_fisico/install/servo_sirvo_fisico/share/servo_sirvo_fisico/models/media/materials/scripts
creating /home/victorn65/ros2_ws/src/servo_sirvo_fisico/install/servo_sirvo_fisico/share/servo_sirvo_fisico/models/media/materials/textures
copying models/media/materials/textures/puzzlebot_logo_white.png -> /home/victorn65/ros2_ws/src/servo_sirvo_fisico/install/servo_sirvo_fisico/share/servo_sirvo_fisico/models/media/materials/textures
copying models/media/materials/textures/mcr2_goal_1.png -> /home/victorn65/ros2_ws/src/servo_sirvo_fisico/install/servo_sirvo_fisico/share/servo_sirvo_fisico/models/media/materials/textures
copying models/media/materials/textures/nvidia_logo_black.jpg -> /home/victorn65/ros2_ws/src/servo_sirvo_fisico/install/servo_sirvo_fisico/share/servo_sirvo_fisico/models/media/materials/textures
copying models/media/materials/textures/puzzlebot_logo.png -> /home/victorn65/ros2_ws/src/servo_sirvo_fisico/install/servo_sirvo_fisico/share/servo_sirvo_fisico/models/media/materials/textures
copying models/media/materials/textures/mcr2_logo_black.png -> /home/victorn65/ros2_ws/src/servo_sirvo_fisico/install/servo_sirvo_fisico/share/servo_sirvo_fisico/models/media/materials/textures
copying models/media/materials/textures/mcr2_goal_2.png -> /home/victorn65/ros2_ws/src/servo_sirvo_fisico/install/servo_sirvo_fisico/share/servo_sirvo_fisico/models/media/materials/textures
copying models/media/materials/textures/puzzlebot_wood_6.png -> /home/victorn65/ros2_ws/src/servo_sirvo_fisico/install/servo_sirvo_fisico/share/servo_sirvo_fisico/models/media/materials/textures
copying models/media/materials/textures/mcr2_goal_3.png -> /home/victorn65/ros2_ws/src/servo_sirvo_fisico/install/servo_sirvo_fisico/share/servo_sirvo_fisico/models/media/materials/textures
copying models/media/materials/textures/mcr2_goal_4.png -> /home/victorn65/ros2_ws/src/servo_sirvo_fisico/install/servo_sirvo_fisico/share/servo_sirvo_fisico/models/media/materials/textures
copying models/media/materials/textures/nvidia_logo_b_w.jpg -> /home/victorn65/ros2_ws/src/servo_sirvo_fisico/install/servo_sirvo_fisico/share/servo_sirvo_fisico/models/media/materials/textures
copying models/media/materials/textures/mcr2_goal_5.png -> /home/victorn65/ros2_ws/src/servo_sirvo_fisico/install/servo_sirvo_fisico/share/servo_sirvo_fisico/models/media/materials/textures
copying models/media/materials/textures/puzzlebot_wood_4.png -> /home/victorn65/ros2_ws/src/servo_sirvo_fisico/install/servo_sirvo_fisico/share/servo_sirvo_fisico/models/media/materials/textures
copying models/media/materials/textures/puzzlebot_wood_7.png -> /home/victorn65/ros2_ws/src/servo_sirvo_fisico/install/servo_sirvo_fisico/share/servo_sirvo_fisico/models/media/materials/textures
copying models/media/materials/textures/nvidia_logo_white.jpg -> /home/victorn65/ros2_ws/src/servo_sirvo_fisico/install/servo_sirvo_fisico/share/servo_sirvo_fisico/models/media/materials/textures
copying models/media/materials/textures/nvidia_hz_logo_white.jpg -> /home/victorn65/ros2_ws/src/servo_sirvo_fisico/install/servo_sirvo_fisico/share/servo_sirvo_fisico/models/media/materials/textures
copying models/media/materials/textures/puzzlebot_wood_5.png -> /home/victorn65/ros2_ws/src/servo_sirvo_fisico/install/servo_sirvo_fisico/share/servo_sirvo_fisico/models/media/materials/textures
copying models/media/materials/textures/mcr2_banner.png -> /home/victorn65/ros2_ws/src/servo_sirvo_fisico/install/servo_sirvo_fisico/share/servo_sirvo_fisico/models/media/materials/textures
copying models/media/materials/textures/wood_floor.jpg -> /home/victorn65/ros2_ws/src/servo_sirvo_fisico/install/servo_sirvo_fisico/share/servo_sirvo_fisico/models/media/materials/textures
copying models/media/materials/textures/mcr2_logo_white.png -> /home/victorn65/ros2_ws/src/servo_sirvo_fisico/install/servo_sirvo_fisico/share/servo_sirvo_fisico/models/media/materials/textures
creating /home/victorn65/ros2_ws/src/servo_sirvo_fisico/install/servo_sirvo_fisico/share/servo_sirvo_fisico/models/media/materials/textures/aruco_markers
copying models/media/materials/textures/aruco_markers/marker4.png -> /home/victorn65/ros2_ws/src/servo_sirvo_fisico/install/servo_sirvo_fisico/share/servo_sirvo_fisico/models/media/materials/textures/aruco_markers
copying models/media/materials/textures/aruco_markers/marker5.png -> /home/victorn65/ros2_ws/src/servo_sirvo_fisico/install/servo_sirvo_fisico/share/servo_sirvo_fisico/models/media/materials/textures/aruco_markers
copying models/media/materials/textures/aruco_markers/marker1.png -> /home/victorn65/ros2_ws/src/servo_sirvo_fisico/install/servo_sirvo_fisico/share/servo_sirvo_fisico/models/media/materials/textures/aruco_markers
copying models/media/materials/textures/aruco_markers/marker0.png -> /home/victorn65/ros2_ws/src/servo_sirvo_fisico/install/servo_sirvo_fisico/share/servo_sirvo_fisico/models/media/materials/textures/aruco_markers
copying models/media/materials/textures/aruco_markers/marker3.png -> /home/victorn65/ros2_ws/src/servo_sirvo_fisico/install/servo_sirvo_fisico/share/servo_sirvo_fisico/models/media/materials/textures/aruco_markers
copying models/media/materials/textures/aruco_markers/marker2.png -> /home/victorn65/ros2_ws/src/servo_sirvo_fisico/install/servo_sirvo_fisico/share/servo_sirvo_fisico/models/media/materials/textures/aruco_markers
creating /home/victorn65/ros2_ws/src/servo_sirvo_fisico/install/servo_sirvo_fisico/share/servo_sirvo_fisico/models/puzzlebot_camera
copying models/puzzlebot_camera/model.sdf -> /home/victorn65/ros2_ws/src/servo_sirvo_fisico/install/servo_sirvo_fisico/share/servo_sirvo_fisico/models/puzzlebot_camera
copying models/puzzlebot_camera/model.config -> /home/victorn65/ros2_ws/src/servo_sirvo_fisico/install/servo_sirvo_fisico/share/servo_sirvo_fisico/models/puzzlebot_camera
creating /home/victorn65/ros2_ws/src/servo_sirvo_fisico/install/servo_sirvo_fisico/share/servo_sirvo_fisico/models/puzzlebot_camera/meshes
copying models/puzzlebot_camera/meshes/chassis1.dae -> /home/victorn65/ros2_ws/src/servo_sirvo_fisico/install/servo_sirvo_fisico/share/servo_sirvo_fisico/models/puzzlebot_camera/meshes
copying models/puzzlebot_camera/meshes/wheel.dae -> /home/victorn65/ros2_ws/src/servo_sirvo_fisico/install/servo_sirvo_fisico/share/servo_sirvo_fisico/models/puzzlebot_camera/meshes
creating /home/victorn65/ros2_ws/src/servo_sirvo_fisico/install/servo_sirvo_fisico/share/servo_sirvo_fisico/models/aruco_4x4_50_0
copying models/aruco_4x4_50_0/model.sdf -> /home/victorn65/ros2_ws/src/servo_sirvo_fisico/install/servo_sirvo_fisico/share/servo_sirvo_fisico/models/aruco_4x4_50_0
copying models/aruco_4x4_50_0/model.config -> /home/victorn65/ros2_ws/src/servo_sirvo_fisico/install/servo_sirvo_fisico/share/servo_sirvo_fisico/models/aruco_4x4_50_0
creating /home/victorn65/ros2_ws/src/servo_sirvo_fisico/install/servo_sirvo_fisico/share/servo_sirvo_fisico/models/aruco_4x4_50_0/materials
creating /home/victorn65/ros2_ws/src/servo_sirvo_fisico/install/servo_sirvo_fisico/share/servo_sirvo_fisico/models/aruco_4x4_50_0/materials/textures
copying models/aruco_4x4_50_0/materials/textures/aruco_4x4_50_0.png -> /home/victorn65/ros2_ws/src/servo_sirvo_fisico/install/servo_sirvo_fisico/share/servo_sirvo_fisico/models/aruco_4x4_50_0/materials/textures
creating /home/victorn65/ros2_ws/src/servo_sirvo_fisico/install/servo_sirvo_fisico/share/servo_sirvo_fisico/models/aruco_4x4_50_0/meshes
copying models/aruco_4x4_50_0/meshes/aruco_4x4_50_0.dae -> /home/victorn65/ros2_ws/src/servo_sirvo_fisico/install/servo_sirvo_fisico/share/servo_sirvo_fisico/models/aruco_4x4_50_0/meshes
creating /home/victorn65/ros2_ws/src/servo_sirvo_fisico/install/servo_sirvo_fisico/share/servo_sirvo_fisico/models/plugins
copying models/plugins/libDiffDynamicPlugin.so -> /home/victorn65/ros2_ws/src/servo_sirvo_fisico/install/servo_sirvo_fisico/share/servo_sirvo_fisico/models/plugins
creating /home/victorn65/ros2_ws/src/servo_sirvo_fisico/install/servo_sirvo_fisico/share/servo_sirvo_fisico/models/goal_marker_2
copying models/goal_marker_2/model.sdf -> /home/victorn65/ros2_ws/src/servo_sirvo_fisico/install/servo_sirvo_fisico/share/servo_sirvo_fisico/models/goal_marker_2
copying models/goal_marker_2/model.config -> /home/victorn65/ros2_ws/src/servo_sirvo_fisico/install/servo_sirvo_fisico/share/servo_sirvo_fisico/models/goal_marker_2
creating /home/victorn65/ros2_ws/src/servo_sirvo_fisico/install/servo_sirvo_fisico/share/servo_sirvo_fisico/models/goal_marker_2/materials
creating /home/victorn65/ros2_ws/src/servo_sirvo_fisico/install/servo_sirvo_fisico/share/servo_sirvo_fisico/models/goal_marker_2/materials/textures
copying models/goal_marker_2/materials/textures/mcr2_goal_2.png -> /home/victorn65/ros2_ws/src/servo_sirvo_fisico/install/servo_sirvo_fisico/share/servo_sirvo_fisico/models/goal_marker_2/materials/textures
creating /home/victorn65/ros2_ws/src/servo_sirvo_fisico/install/servo_sirvo_fisico/share/servo_sirvo_fisico/models/aruco001_cv
copying models/aruco001_cv/model.sdf -> /home/victorn65/ros2_ws/src/servo_sirvo_fisico/install/servo_sirvo_fisico/share/servo_sirvo_fisico/models/aruco001_cv
copying models/aruco001_cv/model.config -> /home/victorn65/ros2_ws/src/servo_sirvo_fisico/install/servo_sirvo_fisico/share/servo_sirvo_fisico/models/aruco001_cv
creating /home/victorn65/ros2_ws/src/servo_sirvo_fisico/install/servo_sirvo_fisico/share/servo_sirvo_fisico/models/aruco001_cv/materials
creating /home/victorn65/ros2_ws/src/servo_sirvo_fisico/install/servo_sirvo_fisico/share/servo_sirvo_fisico/models/aruco001_cv/materials/textures
copying models/aruco001_cv/materials/textures/4x4_50_001.png -> /home/victorn65/ros2_ws/src/servo_sirvo_fisico/install/servo_sirvo_fisico/share/servo_sirvo_fisico/models/aruco001_cv/materials/textures
creating /home/victorn65/ros2_ws/src/servo_sirvo_fisico/install/servo_sirvo_fisico/share/servo_sirvo_fisico/models/aruco001_cv/meshes
copying models/aruco001_cv/meshes/aruco001.dae -> /home/victorn65/ros2_ws/src/servo_sirvo_fisico/install/servo_sirvo_fisico/share/servo_sirvo_fisico/models/aruco001_cv/meshes
creating /home/victorn65/ros2_ws/src/servo_sirvo_fisico/install/servo_sirvo_fisico/share/servo_sirvo_fisico/models/goal_marker_4
copying models/goal_marker_4/model.sdf -> /home/victorn65/ros2_ws/src/servo_sirvo_fisico/install/servo_sirvo_fisico/share/servo_sirvo_fisico/models/goal_marker_4
copying models/goal_marker_4/model.config -> /home/victorn65/ros2_ws/src/servo_sirvo_fisico/install/servo_sirvo_fisico/share/servo_sirvo_fisico/models/goal_marker_4
creating /home/victorn65/ros2_ws/src/servo_sirvo_fisico/install/servo_sirvo_fisico/share/servo_sirvo_fisico/models/goal_marker_4/materials
creating /home/victorn65/ros2_ws/src/servo_sirvo_fisico/install/servo_sirvo_fisico/share/servo_sirvo_fisico/models/goal_marker_4/materials/textures
copying models/goal_marker_4/materials/textures/mcr2_goal_4.png -> /home/victorn65/ros2_ws/src/servo_sirvo_fisico/install/servo_sirvo_fisico/share/servo_sirvo_fisico/models/goal_marker_4/materials/textures
creating /home/victorn65/ros2_ws/src/servo_sirvo_fisico/install/servo_sirvo_fisico/share/servo_sirvo_fisico/models/puzzlebot_base
copying models/puzzlebot_base/model.sdf -> /home/victorn65/ros2_ws/src/servo_sirvo_fisico/install/servo_sirvo_fisico/share/servo_sirvo_fisico/models/puzzlebot_base
copying models/puzzlebot_base/model.config -> /home/victorn65/ros2_ws/src/servo_sirvo_fisico/install/servo_sirvo_fisico/share/servo_sirvo_fisico/models/puzzlebot_base
creating /home/victorn65/ros2_ws/src/servo_sirvo_fisico/install/servo_sirvo_fisico/share/servo_sirvo_fisico/models/puzzlebot_base/materials
creating /home/victorn65/ros2_ws/src/servo_sirvo_fisico/install/servo_sirvo_fisico/share/servo_sirvo_fisico/models/puzzlebot_base/materials/textures
copying models/puzzlebot_base/materials/textures/puzzlebot_wood_6.png -> /home/victorn65/ros2_ws/src/servo_sirvo_fisico/install/servo_sirvo_fisico/share/servo_sirvo_fisico/models/puzzlebot_base/materials/textures
creating /home/victorn65/ros2_ws/src/servo_sirvo_fisico/install/servo_sirvo_fisico/share/servo_sirvo_fisico/models/avoidance_world_2
copying models/avoidance_world_2/model.sdf -> /home/victorn65/ros2_ws/src/servo_sirvo_fisico/install/servo_sirvo_fisico/share/servo_sirvo_fisico/models/avoidance_world_2
copying models/avoidance_world_2/model.config -> /home/victorn65/ros2_ws/src/servo_sirvo_fisico/install/servo_sirvo_fisico/share/servo_sirvo_fisico/models/avoidance_world_2
creating /home/victorn65/ros2_ws/src/servo_sirvo_fisico/install/servo_sirvo_fisico/share/servo_sirvo_fisico/models/aruco003_cv
copying models/aruco003_cv/model.sdf -> /home/victorn65/ros2_ws/src/servo_sirvo_fisico/install/servo_sirvo_fisico/share/servo_sirvo_fisico/models/aruco003_cv
copying models/aruco003_cv/model.config -> /home/victorn65/ros2_ws/src/servo_sirvo_fisico/install/servo_sirvo_fisico/share/servo_sirvo_fisico/models/aruco003_cv
creating /home/victorn65/ros2_ws/src/servo_sirvo_fisico/install/servo_sirvo_fisico/share/servo_sirvo_fisico/models/aruco003_cv/materials
creating /home/victorn65/ros2_ws/src/servo_sirvo_fisico/install/servo_sirvo_fisico/share/servo_sirvo_fisico/models/aruco003_cv/materials/textures
copying models/aruco003_cv/materials/textures/4x4_50_003.png -> /home/victorn65/ros2_ws/src/servo_sirvo_fisico/install/servo_sirvo_fisico/share/servo_sirvo_fisico/models/aruco003_cv/materials/textures
creating /home/victorn65/ros2_ws/src/servo_sirvo_fisico/install/servo_sirvo_fisico/share/servo_sirvo_fisico/models/aruco003_cv/meshes
copying models/aruco003_cv/meshes/aruco003.dae -> /home/victorn65/ros2_ws/src/servo_sirvo_fisico/install/servo_sirvo_fisico/share/servo_sirvo_fisico/models/aruco003_cv/meshes
creating /home/victorn65/ros2_ws/src/servo_sirvo_fisico/install/servo_sirvo_fisico/share/servo_sirvo_fisico/models/aruco_marker_0
copying models/aruco_marker_0/model.sdf -> /home/victorn65/ros2_ws/src/servo_sirvo_fisico/install/servo_sirvo_fisico/share/servo_sirvo_fisico/models/aruco_marker_0
copying models/aruco_marker_0/model.config -> /home/victorn65/ros2_ws/src/servo_sirvo_fisico/install/servo_sirvo_fisico/share/servo_sirvo_fisico/models/aruco_marker_0
creating /home/victorn65/ros2_ws/src/servo_sirvo_fisico/install/servo_sirvo_fisico/share/servo_sirvo_fisico/models/aruco_marker_0/materials
creating /home/victorn65/ros2_ws/src/servo_sirvo_fisico/install/servo_sirvo_fisico/share/servo_sirvo_fisico/models/aruco_marker_0/materials/textures
copying models/aruco_marker_0/materials/textures/marker0.png -> /home/victorn65/ros2_ws/src/servo_sirvo_fisico/install/servo_sirvo_fisico/share/servo_sirvo_fisico/models/aruco_marker_0/materials/textures
creating /home/victorn65/ros2_ws/src/servo_sirvo_fisico/install/servo_sirvo_fisico/share/servo_sirvo_fisico/models/aruco001
copying models/aruco001/model.sdf -> /home/victorn65/ros2_ws/src/servo_sirvo_fisico/install/servo_sirvo_fisico/share/servo_sirvo_fisico/models/aruco001
copying models/aruco001/model.config -> /home/victorn65/ros2_ws/src/servo_sirvo_fisico/install/servo_sirvo_fisico/share/servo_sirvo_fisico/models/aruco001
creating /home/victorn65/ros2_ws/src/servo_sirvo_fisico/install/servo_sirvo_fisico/share/servo_sirvo_fisico/models/aruco001/materials
creating /home/victorn65/ros2_ws/src/servo_sirvo_fisico/install/servo_sirvo_fisico/share/servo_sirvo_fisico/models/aruco001/materials/textures
copying models/aruco001/materials/textures/16h3_001.png -> /home/victorn65/ros2_ws/src/servo_sirvo_fisico/install/servo_sirvo_fisico/share/servo_sirvo_fisico/models/aruco001/materials/textures
creating /home/victorn65/ros2_ws/src/servo_sirvo_fisico/install/servo_sirvo_fisico/share/servo_sirvo_fisico/models/aruco001/meshes
copying models/aruco001/meshes/aruco001.dae -> /home/victorn65/ros2_ws/src/servo_sirvo_fisico/install/servo_sirvo_fisico/share/servo_sirvo_fisico/models/aruco001/meshes
creating /home/victorn65/ros2_ws/src/servo_sirvo_fisico/install/servo_sirvo_fisico/share/servo_sirvo_fisico/models/avoidance_world_3
copying models/avoidance_world_3/model.sdf -> /home/victorn65/ros2_ws/src/servo_sirvo_fisico/install/servo_sirvo_fisico/share/servo_sirvo_fisico/models/avoidance_world_3
copying models/avoidance_world_3/model.config -> /home/victorn65/ros2_ws/src/servo_sirvo_fisico/install/servo_sirvo_fisico/share/servo_sirvo_fisico/models/avoidance_world_3
creating /home/victorn65/ros2_ws/src/servo_sirvo_fisico/install/servo_sirvo_fisico/share/servo_sirvo_fisico/models/modulo3_world
copying models/modulo3_world/model.sdf -> /home/victorn65/ros2_ws/src/servo_sirvo_fisico/install/servo_sirvo_fisico/share/servo_sirvo_fisico/models/modulo3_world
copying models/modulo3_world/model.config -> /home/victorn65/ros2_ws/src/servo_sirvo_fisico/install/servo_sirvo_fisico/share/servo_sirvo_fisico/models/modulo3_world
creating /home/victorn65/ros2_ws/src/servo_sirvo_fisico/install/servo_sirvo_fisico/share/servo_sirvo_fisico/models/puzzlebot_lidar
copying models/puzzlebot_lidar/model.sdf -> /home/victorn65/ros2_ws/src/servo_sirvo_fisico/install/servo_sirvo_fisico/share/servo_sirvo_fisico/models/puzzlebot_lidar
copying models/puzzlebot_lidar/model.config -> /home/victorn65/ros2_ws/src/servo_sirvo_fisico/install/servo_sirvo_fisico/share/servo_sirvo_fisico/models/puzzlebot_lidar
creating /home/victorn65/ros2_ws/src/servo_sirvo_fisico/install/servo_sirvo_fisico/share/servo_sirvo_fisico/models/puzzlebot_lidar/meshes
copying models/puzzlebot_lidar/meshes/chassis1.dae -> /home/victorn65/ros2_ws/src/servo_sirvo_fisico/install/servo_sirvo_fisico/share/servo_sirvo_fisico/models/puzzlebot_lidar/meshes
copying models/puzzlebot_lidar/meshes/wheel.dae -> /home/victorn65/ros2_ws/src/servo_sirvo_fisico/install/servo_sirvo_fisico/share/servo_sirvo_fisico/models/puzzlebot_lidar/meshes
creating /home/victorn65/ros2_ws/src/servo_sirvo_fisico/install/servo_sirvo_fisico/share/servo_sirvo_fisico/models/materials
copying models/materials/wood.jpg -> /home/victorn65/ros2_ws/src/servo_sirvo_fisico/install/servo_sirvo_fisico/share/servo_sirvo_fisico/models/materials
creating /home/victorn65/ros2_ws/src/servo_sirvo_fisico/install/servo_sirvo_fisico/share/servo_sirvo_fisico/models/aruco_marker_3
copying models/aruco_marker_3/model.sdf -> /home/victorn65/ros2_ws/src/servo_sirvo_fisico/install/servo_sirvo_fisico/share/servo_sirvo_fisico/models/aruco_marker_3
copying models/aruco_marker_3/model.config -> /home/victorn65/ros2_ws/src/servo_sirvo_fisico/install/servo_sirvo_fisico/share/servo_sirvo_fisico/models/aruco_marker_3
creating /home/victorn65/ros2_ws/src/servo_sirvo_fisico/install/servo_sirvo_fisico/share/servo_sirvo_fisico/models/aruco_marker_3/materials
creating /home/victorn65/ros2_ws/src/servo_sirvo_fisico/install/servo_sirvo_fisico/share/servo_sirvo_fisico/models/aruco_marker_3/materials/textures
copying models/aruco_marker_3/materials/textures/marker3.png -> /home/victorn65/ros2_ws/src/servo_sirvo_fisico/install/servo_sirvo_fisico/share/servo_sirvo_fisico/models/aruco_marker_3/materials/textures
creating /home/victorn65/ros2_ws/src/servo_sirvo_fisico/install/servo_sirvo_fisico/share/servo_sirvo_fisico/models/aruco_4x4_50_2
copying models/aruco_4x4_50_2/model.sdf -> /home/victorn65/ros2_ws/src/servo_sirvo_fisico/install/servo_sirvo_fisico/share/servo_sirvo_fisico/models/aruco_4x4_50_2
copying models/aruco_4x4_50_2/model.config -> /home/victorn65/ros2_ws/src/servo_sirvo_fisico/install/servo_sirvo_fisico/share/servo_sirvo_fisico/models/aruco_4x4_50_2
creating /home/victorn65/ros2_ws/src/servo_sirvo_fisico/install/servo_sirvo_fisico/share/servo_sirvo_fisico/models/aruco_4x4_50_2/materials
creating /home/victorn65/ros2_ws/src/servo_sirvo_fisico/install/servo_sirvo_fisico/share/servo_sirvo_fisico/models/aruco_4x4_50_2/materials/textures
copying models/aruco_4x4_50_2/materials/textures/aruco_4x4_50_2.png -> /home/victorn65/ros2_ws/src/servo_sirvo_fisico/install/servo_sirvo_fisico/share/servo_sirvo_fisico/models/aruco_4x4_50_2/materials/textures
creating /home/victorn65/ros2_ws/src/servo_sirvo_fisico/install/servo_sirvo_fisico/share/servo_sirvo_fisico/models/aruco_4x4_50_2/meshes
copying models/aruco_4x4_50_2/meshes/aruco_4x4_50_2.dae -> /home/victorn65/ros2_ws/src/servo_sirvo_fisico/install/servo_sirvo_fisico/share/servo_sirvo_fisico/models/aruco_4x4_50_2/meshes
creating /home/victorn65/ros2_ws/src/servo_sirvo_fisico/install/servo_sirvo_fisico/share/servo_sirvo_fisico/models/aruco000_cv
copying models/aruco000_cv/model.sdf -> /home/victorn65/ros2_ws/src/servo_sirvo_fisico/install/servo_sirvo_fisico/share/servo_sirvo_fisico/models/aruco000_cv
copying models/aruco000_cv/model.config -> /home/victorn65/ros2_ws/src/servo_sirvo_fisico/install/servo_sirvo_fisico/share/servo_sirvo_fisico/models/aruco000_cv
creating /home/victorn65/ros2_ws/src/servo_sirvo_fisico/install/servo_sirvo_fisico/share/servo_sirvo_fisico/models/aruco000_cv/materials
creating /home/victorn65/ros2_ws/src/servo_sirvo_fisico/install/servo_sirvo_fisico/share/servo_sirvo_fisico/models/aruco000_cv/materials/textures
copying models/aruco000_cv/materials/textures/4x4_50_000.png -> /home/victorn65/ros2_ws/src/servo_sirvo_fisico/install/servo_sirvo_fisico/share/servo_sirvo_fisico/models/aruco000_cv/materials/textures
creating /home/victorn65/ros2_ws/src/servo_sirvo_fisico/install/servo_sirvo_fisico/share/servo_sirvo_fisico/models/aruco000_cv/meshes
copying models/aruco000_cv/meshes/aruco000.dae -> /home/victorn65/ros2_ws/src/servo_sirvo_fisico/install/servo_sirvo_fisico/share/servo_sirvo_fisico/models/aruco000_cv/meshes
creating /home/victorn65/ros2_ws/src/servo_sirvo_fisico/install/servo_sirvo_fisico/share/servo_sirvo_fisico/models/goal_marker_1
copying models/goal_marker_1/model.sdf -> /home/victorn65/ros2_ws/src/servo_sirvo_fisico/install/servo_sirvo_fisico/share/servo_sirvo_fisico/models/goal_marker_1
copying models/goal_marker_1/model.config -> /home/victorn65/ros2_ws/src/servo_sirvo_fisico/install/servo_sirvo_fisico/share/servo_sirvo_fisico/models/goal_marker_1
creating /home/victorn65/ros2_ws/src/servo_sirvo_fisico/install/servo_sirvo_fisico/share/servo_sirvo_fisico/models/goal_marker_1/materials
creating /home/victorn65/ros2_ws/src/servo_sirvo_fisico/install/servo_sirvo_fisico/share/servo_sirvo_fisico/models/goal_marker_1/materials/textures
copying models/goal_marker_1/materials/textures/mcr2_goal_1.png -> /home/victorn65/ros2_ws/src/servo_sirvo_fisico/install/servo_sirvo_fisico/share/servo_sirvo_fisico/models/goal_marker_1/materials/textures
creating /home/victorn65/ros2_ws/src/servo_sirvo_fisico/install/servo_sirvo_fisico/share/servo_sirvo_fisico/models/puzzlebot
copying models/puzzlebot/model.sdf -> /home/victorn65/ros2_ws/src/servo_sirvo_fisico/install/servo_sirvo_fisico/share/servo_sirvo_fisico/models/puzzlebot
copying models/puzzlebot/model.config -> /home/victorn65/ros2_ws/src/servo_sirvo_fisico/install/servo_sirvo_fisico/share/servo_sirvo_fisico/models/puzzlebot
creating /home/victorn65/ros2_ws/src/servo_sirvo_fisico/install/servo_sirvo_fisico/share/servo_sirvo_fisico/models/puzzlebot/meshes
copying models/puzzlebot/meshes/box13_16.blend -> /home/victorn65/ros2_ws/src/servo_sirvo_fisico/install/servo_sirvo_fisico/share/servo_sirvo_fisico/models/puzzlebot/meshes
copying models/puzzlebot/meshes/camera.stl -> /home/victorn65/ros2_ws/src/servo_sirvo_fisico/install/servo_sirvo_fisico/share/servo_sirvo_fisico/models/puzzlebot/meshes
copying models/puzzlebot/meshes/wheel.blend -> /home/victorn65/ros2_ws/src/servo_sirvo_fisico/install/servo_sirvo_fisico/share/servo_sirvo_fisico/models/puzzlebot/meshes
copying models/puzzlebot/meshes/chassis1.dae -> /home/victorn65/ros2_ws/src/servo_sirvo_fisico/install/servo_sirvo_fisico/share/servo_sirvo_fisico/models/puzzlebot/meshes
copying models/puzzlebot/meshes/world_wall1.blend -> /home/victorn65/ros2_ws/src/servo_sirvo_fisico/install/servo_sirvo_fisico/share/servo_sirvo_fisico/models/puzzlebot/meshes
copying models/puzzlebot/meshes/wheel.blend1 -> /home/victorn65/ros2_ws/src/servo_sirvo_fisico/install/servo_sirvo_fisico/share/servo_sirvo_fisico/models/puzzlebot/meshes
copying models/puzzlebot/meshes/wheel.dae -> /home/victorn65/ros2_ws/src/servo_sirvo_fisico/install/servo_sirvo_fisico/share/servo_sirvo_fisico/models/puzzlebot/meshes
copying models/puzzlebot/meshes/world_wall1.blend1 -> /home/victorn65/ros2_ws/src/servo_sirvo_fisico/install/servo_sirvo_fisico/share/servo_sirvo_fisico/models/puzzlebot/meshes
copying models/puzzlebot/meshes/box9_12.blend -> /home/victorn65/ros2_ws/src/servo_sirvo_fisico/install/servo_sirvo_fisico/share/servo_sirvo_fisico/models/puzzlebot/meshes
copying models/puzzlebot/meshes/box1_4.blend1 -> /home/victorn65/ros2_ws/src/servo_sirvo_fisico/install/servo_sirvo_fisico/share/servo_sirvo_fisico/models/puzzlebot/meshes
copying models/puzzlebot/meshes/box1-5.blend -> /home/victorn65/ros2_ws/src/servo_sirvo_fisico/install/servo_sirvo_fisico/share/servo_sirvo_fisico/models/puzzlebot/meshes
copying models/puzzlebot/meshes/box5_8.blend -> /home/victorn65/ros2_ws/src/servo_sirvo_fisico/install/servo_sirvo_fisico/share/servo_sirvo_fisico/models/puzzlebot/meshes
copying models/puzzlebot/meshes/chassis1.blend -> /home/victorn65/ros2_ws/src/servo_sirvo_fisico/install/servo_sirvo_fisico/share/servo_sirvo_fisico/models/puzzlebot/meshes
copying models/puzzlebot/meshes/chassis1.blend1 -> /home/victorn65/ros2_ws/src/servo_sirvo_fisico/install/servo_sirvo_fisico/share/servo_sirvo_fisico/models/puzzlebot/meshes
copying models/puzzlebot/meshes/chassis.stl -> /home/victorn65/ros2_ws/src/servo_sirvo_fisico/install/servo_sirvo_fisico/share/servo_sirvo_fisico/models/puzzlebot/meshes
copying models/puzzlebot/meshes/wheel.stl -> /home/victorn65/ros2_ws/src/servo_sirvo_fisico/install/servo_sirvo_fisico/share/servo_sirvo_fisico/models/puzzlebot/meshes
copying models/puzzlebot/meshes/box5_8.blend1 -> /home/victorn65/ros2_ws/src/servo_sirvo_fisico/install/servo_sirvo_fisico/share/servo_sirvo_fisico/models/puzzlebot/meshes
creating /home/victorn65/ros2_ws/src/servo_sirvo_fisico/install/servo_sirvo_fisico/share/servo_sirvo_fisico/models/blue_colored_box
copying models/blue_colored_box/model.sdf -> /home/victorn65/ros2_ws/src/servo_sirvo_fisico/install/servo_sirvo_fisico/share/servo_sirvo_fisico/models/blue_colored_box
copying models/blue_colored_box/model.config -> /home/victorn65/ros2_ws/src/servo_sirvo_fisico/install/servo_sirvo_fisico/share/servo_sirvo_fisico/models/blue_colored_box
creating /home/victorn65/ros2_ws/src/servo_sirvo_fisico/install/servo_sirvo_fisico/share/servo_sirvo_fisico/models/aruco_marker_5
copying models/aruco_marker_5/model.sdf -> /home/victorn65/ros2_ws/src/servo_sirvo_fisico/install/servo_sirvo_fisico/share/servo_sirvo_fisico/models/aruco_marker_5
copying models/aruco_marker_5/model.config -> /home/victorn65/ros2_ws/src/servo_sirvo_fisico/install/servo_sirvo_fisico/share/servo_sirvo_fisico/models/aruco_marker_5
creating /home/victorn65/ros2_ws/src/servo_sirvo_fisico/install/servo_sirvo_fisico/share/servo_sirvo_fisico/models/aruco_marker_5/materials
creating /home/victorn65/ros2_ws/src/servo_sirvo_fisico/install/servo_sirvo_fisico/share/servo_sirvo_fisico/models/aruco_marker_5/materials/textures
copying models/aruco_marker_5/materials/textures/marker5.png -> /home/victorn65/ros2_ws/src/servo_sirvo_fisico/install/servo_sirvo_fisico/share/servo_sirvo_fisico/models/aruco_marker_5/materials/textures
creating /home/victorn65/ros2_ws/src/servo_sirvo_fisico/install/servo_sirvo_fisico/share/servo_sirvo_fisico/models/aruco002_cv
copying models/aruco002_cv/model.sdf -> /home/victorn65/ros2_ws/src/servo_sirvo_fisico/install/servo_sirvo_fisico/share/servo_sirvo_fisico/models/aruco002_cv
copying models/aruco002_cv/model.config -> /home/victorn65/ros2_ws/src/servo_sirvo_fisico/install/servo_sirvo_fisico/share/servo_sirvo_fisico/models/aruco002_cv
creating /home/victorn65/ros2_ws/src/servo_sirvo_fisico/install/servo_sirvo_fisico/share/servo_sirvo_fisico/models/aruco002_cv/materials
creating /home/victorn65/ros2_ws/src/servo_sirvo_fisico/install/servo_sirvo_fisico/share/servo_sirvo_fisico/models/aruco002_cv/materials/textures
copying models/aruco002_cv/materials/textures/4x4_50_002.png -> /home/victorn65/ros2_ws/src/servo_sirvo_fisico/install/servo_sirvo_fisico/share/servo_sirvo_fisico/models/aruco002_cv/materials/textures
creating /home/victorn65/ros2_ws/src/servo_sirvo_fisico/install/servo_sirvo_fisico/share/servo_sirvo_fisico/models/aruco002_cv/meshes
copying models/aruco002_cv/meshes/aruco002.dae -> /home/victorn65/ros2_ws/src/servo_sirvo_fisico/install/servo_sirvo_fisico/share/servo_sirvo_fisico/models/aruco002_cv/meshes
creating /home/victorn65/ros2_ws/src/servo_sirvo_fisico/install/servo_sirvo_fisico/share/servo_sirvo_fisico/models/puzzlebot_track
copying models/puzzlebot_track/model.sdf -> /home/victorn65/ros2_ws/src/servo_sirvo_fisico/install/servo_sirvo_fisico/share/servo_sirvo_fisico/models/puzzlebot_track
copying models/puzzlebot_track/model.config -> /home/victorn65/ros2_ws/src/servo_sirvo_fisico/install/servo_sirvo_fisico/share/servo_sirvo_fisico/models/puzzlebot_track
creating /home/victorn65/ros2_ws/src/servo_sirvo_fisico/install/servo_sirvo_fisico/share/servo_sirvo_fisico/models/puzzlebot_track/materials
creating /home/victorn65/ros2_ws/src/servo_sirvo_fisico/install/servo_sirvo_fisico/share/servo_sirvo_fisico/models/puzzlebot_track/materials/textures
copying models/puzzlebot_track/materials/textures/puzzlebot_track.png -> /home/victorn65/ros2_ws/src/servo_sirvo_fisico/install/servo_sirvo_fisico/share/servo_sirvo_fisico/models/puzzlebot_track/materials/textures
creating /home/victorn65/ros2_ws/src/servo_sirvo_fisico/install/servo_sirvo_fisico/share/servo_sirvo_fisico/models/aruco_4x4_50_3
copying models/aruco_4x4_50_3/model.sdf -> /home/victorn65/ros2_ws/src/servo_sirvo_fisico/install/servo_sirvo_fisico/share/servo_sirvo_fisico/models/aruco_4x4_50_3
copying models/aruco_4x4_50_3/model.config -> /home/victorn65/ros2_ws/src/servo_sirvo_fisico/install/servo_sirvo_fisico/share/servo_sirvo_fisico/models/aruco_4x4_50_3
creating /home/victorn65/ros2_ws/src/servo_sirvo_fisico/install/servo_sirvo_fisico/share/servo_sirvo_fisico/models/aruco_4x4_50_3/materials
creating /home/victorn65/ros2_ws/src/servo_sirvo_fisico/install/servo_sirvo_fisico/share/servo_sirvo_fisico/models/aruco_4x4_50_3/materials/textures
copying models/aruco_4x4_50_3/materials/textures/aruco_4x4_50_3.png -> /home/victorn65/ros2_ws/src/servo_sirvo_fisico/install/servo_sirvo_fisico/share/servo_sirvo_fisico/models/aruco_4x4_50_3/materials/textures
creating /home/victorn65/ros2_ws/src/servo_sirvo_fisico/install/servo_sirvo_fisico/share/servo_sirvo_fisico/models/aruco_4x4_50_3/meshes
copying models/aruco_4x4_50_3/meshes/aruco_4x4_50_3.dae -> /home/victorn65/ros2_ws/src/servo_sirvo_fisico/install/servo_sirvo_fisico/share/servo_sirvo_fisico/models/aruco_4x4_50_3/meshes
creating /home/victorn65/ros2_ws/src/servo_sirvo_fisico/install/servo_sirvo_fisico/share/servo_sirvo_fisico/models/avoidance_world_4
copying models/avoidance_world_4/model.sdf -> /home/victorn65/ros2_ws/src/servo_sirvo_fisico/install/servo_sirvo_fisico/share/servo_sirvo_fisico/models/avoidance_world_4
copying models/avoidance_world_4/model.config -> /home/victorn65/ros2_ws/src/servo_sirvo_fisico/install/servo_sirvo_fisico/share/servo_sirvo_fisico/models/avoidance_world_4
creating /home/victorn65/ros2_ws/src/servo_sirvo_fisico/install/servo_sirvo_fisico/share/servo_sirvo_fisico/models/aruco002
copying models/aruco002/model.sdf -> /home/victorn65/ros2_ws/src/servo_sirvo_fisico/install/servo_sirvo_fisico/share/servo_sirvo_fisico/models/aruco002
copying models/aruco002/model.config -> /home/victorn65/ros2_ws/src/servo_sirvo_fisico/install/servo_sirvo_fisico/share/servo_sirvo_fisico/models/aruco002
creating /home/victorn65/ros2_ws/src/servo_sirvo_fisico/install/servo_sirvo_fisico/share/servo_sirvo_fisico/models/aruco002/materials
creating /home/victorn65/ros2_ws/src/servo_sirvo_fisico/install/servo_sirvo_fisico/share/servo_sirvo_fisico/models/aruco002/materials/textures
copying models/aruco002/materials/textures/16h3_002.png -> /home/victorn65/ros2_ws/src/servo_sirvo_fisico/install/servo_sirvo_fisico/share/servo_sirvo_fisico/models/aruco002/materials/textures
creating /home/victorn65/ros2_ws/src/servo_sirvo_fisico/install/servo_sirvo_fisico/share/servo_sirvo_fisico/models/aruco002/meshes
copying models/aruco002/meshes/aruco002.dae -> /home/victorn65/ros2_ws/src/servo_sirvo_fisico/install/servo_sirvo_fisico/share/servo_sirvo_fisico/models/aruco002/meshes
creating /home/victorn65/ros2_ws/src/servo_sirvo_fisico/install/servo_sirvo_fisico/share/servo_sirvo_fisico/models/empty
copying models/empty/model.sdf -> /home/victorn65/ros2_ws/src/servo_sirvo_fisico/install/servo_sirvo_fisico/share/servo_sirvo_fisico/models/empty
copying models/empty/model.config -> /home/victorn65/ros2_ws/src/servo_sirvo_fisico/install/servo_sirvo_fisico/share/servo_sirvo_fisico/models/empty
creating /home/victorn65/ros2_ws/src/servo_sirvo_fisico/install/servo_sirvo_fisico/share/servo_sirvo_fisico/models/simple_light
copying models/simple_light/model.sdf -> /home/victorn65/ros2_ws/src/servo_sirvo_fisico/install/servo_sirvo_fisico/share/servo_sirvo_fisico/models/simple_light
copying models/simple_light/model.config -> /home/victorn65/ros2_ws/src/servo_sirvo_fisico/install/servo_sirvo_fisico/share/servo_sirvo_fisico/models/simple_light
creating /home/victorn65/ros2_ws/src/servo_sirvo_fisico/install/servo_sirvo_fisico/share/servo_sirvo_fisico/models/aruco003
copying models/aruco003/model.sdf -> /home/victorn65/ros2_ws/src/servo_sirvo_fisico/install/servo_sirvo_fisico/share/servo_sirvo_fisico/models/aruco003
copying models/aruco003/model.config -> /home/victorn65/ros2_ws/src/servo_sirvo_fisico/install/servo_sirvo_fisico/share/servo_sirvo_fisico/models/aruco003
creating /home/victorn65/ros2_ws/src/servo_sirvo_fisico/install/servo_sirvo_fisico/share/servo_sirvo_fisico/models/aruco003/materials
creating /home/victorn65/ros2_ws/src/servo_sirvo_fisico/install/servo_sirvo_fisico/share/servo_sirvo_fisico/models/aruco003/materials/textures
copying models/aruco003/materials/textures/16h3_003.png -> /home/victorn65/ros2_ws/src/servo_sirvo_fisico/install/servo_sirvo_fisico/share/servo_sirvo_fisico/models/aruco003/materials/textures
creating /home/victorn65/ros2_ws/src/servo_sirvo_fisico/install/servo_sirvo_fisico/share/servo_sirvo_fisico/models/aruco003/meshes
copying models/aruco003/meshes/aruco003.dae -> /home/victorn65/ros2_ws/src/servo_sirvo_fisico/install/servo_sirvo_fisico/share/servo_sirvo_fisico/models/aruco003/meshes
creating /home/victorn65/ros2_ws/src/servo_sirvo_fisico/install/servo_sirvo_fisico/share/servo_sirvo_fisico/models/aruco_4x4_50_4
copying models/aruco_4x4_50_4/model.sdf -> /home/victorn65/ros2_ws/src/servo_sirvo_fisico/install/servo_sirvo_fisico/share/servo_sirvo_fisico/models/aruco_4x4_50_4
copying models/aruco_4x4_50_4/model.config -> /home/victorn65/ros2_ws/src/servo_sirvo_fisico/install/servo_sirvo_fisico/share/servo_sirvo_fisico/models/aruco_4x4_50_4
creating /home/victorn65/ros2_ws/src/servo_sirvo_fisico/install/servo_sirvo_fisico/share/servo_sirvo_fisico/models/aruco_4x4_50_4/materials
creating /home/victorn65/ros2_ws/src/servo_sirvo_fisico/install/servo_sirvo_fisico/share/servo_sirvo_fisico/models/aruco_4x4_50_4/materials/textures
copying models/aruco_4x4_50_4/materials/textures/aruco_4x4_50_4.png -> /home/victorn65/ros2_ws/src/servo_sirvo_fisico/install/servo_sirvo_fisico/share/servo_sirvo_fisico/models/aruco_4x4_50_4/materials/textures
creating /home/victorn65/ros2_ws/src/servo_sirvo_fisico/install/servo_sirvo_fisico/share/servo_sirvo_fisico/models/aruco_4x4_50_4/meshes
copying models/aruco_4x4_50_4/meshes/aruco_4x4_50_4.dae -> /home/victorn65/ros2_ws/src/servo_sirvo_fisico/install/servo_sirvo_fisico/share/servo_sirvo_fisico/models/aruco_4x4_50_4/meshes
creating /home/victorn65/ros2_ws/src/servo_sirvo_fisico/install/servo_sirvo_fisico/share/servo_sirvo_fisico/models/yellow_colored_box
copying models/yellow_colored_box/model.sdf -> /home/victorn65/ros2_ws/src/servo_sirvo_fisico/install/servo_sirvo_fisico/share/servo_sirvo_fisico/models/yellow_colored_box
copying models/yellow_colored_box/model.config -> /home/victorn65/ros2_ws/src/servo_sirvo_fisico/install/servo_sirvo_fisico/share/servo_sirvo_fisico/models/yellow_colored_box
creating /home/victorn65/ros2_ws/src/servo_sirvo_fisico/install/servo_sirvo_fisico/share/servo_sirvo_fisico/models/aruco_box
copying models/aruco_box/model.sdf -> /home/victorn65/ros2_ws/src/servo_sirvo_fisico/install/servo_sirvo_fisico/share/servo_sirvo_fisico/models/aruco_box
copying models/aruco_box/model.config -> /home/victorn65/ros2_ws/src/servo_sirvo_fisico/install/servo_sirvo_fisico/share/servo_sirvo_fisico/models/aruco_box
creating /home/victorn65/ros2_ws/src/servo_sirvo_fisico/install/servo_sirvo_fisico/share/servo_sirvo_fisico/models/aruco_box/materials
creating /home/victorn65/ros2_ws/src/servo_sirvo_fisico/install/servo_sirvo_fisico/share/servo_sirvo_fisico/models/aruco_box/materials/textures
copying models/aruco_box/materials/textures/marker4.png -> /home/victorn65/ros2_ws/src/servo_sirvo_fisico/install/servo_sirvo_fisico/share/servo_sirvo_fisico/models/aruco_box/materials/textures
copying models/aruco_box/materials/textures/marker5.png -> /home/victorn65/ros2_ws/src/servo_sirvo_fisico/install/servo_sirvo_fisico/share/servo_sirvo_fisico/models/aruco_box/materials/textures
copying models/aruco_box/materials/textures/marker1.png -> /home/victorn65/ros2_ws/src/servo_sirvo_fisico/install/servo_sirvo_fisico/share/servo_sirvo_fisico/models/aruco_box/materials/textures
copying models/aruco_box/materials/textures/marker0.png -> /home/victorn65/ros2_ws/src/servo_sirvo_fisico/install/servo_sirvo_fisico/share/servo_sirvo_fisico/models/aruco_box/materials/textures
copying models/aruco_box/materials/textures/marker3.png -> /home/victorn65/ros2_ws/src/servo_sirvo_fisico/install/servo_sirvo_fisico/share/servo_sirvo_fisico/models/aruco_box/materials/textures
copying models/aruco_box/materials/textures/marker2.png -> /home/victorn65/ros2_ws/src/servo_sirvo_fisico/install/servo_sirvo_fisico/share/servo_sirvo_fisico/models/aruco_box/materials/textures
creating /home/victorn65/ros2_ws/src/servo_sirvo_fisico/install/servo_sirvo_fisico/share/servo_sirvo_fisico/models/aruco_marker_2
copying models/aruco_marker_2/model.sdf -> /home/victorn65/ros2_ws/src/servo_sirvo_fisico/install/servo_sirvo_fisico/share/servo_sirvo_fisico/models/aruco_marker_2
copying models/aruco_marker_2/model.config -> /home/victorn65/ros2_ws/src/servo_sirvo_fisico/install/servo_sirvo_fisico/share/servo_sirvo_fisico/models/aruco_marker_2
creating /home/victorn65/ros2_ws/src/servo_sirvo_fisico/install/servo_sirvo_fisico/share/servo_sirvo_fisico/models/aruco_marker_2/materials
creating /home/victorn65/ros2_ws/src/servo_sirvo_fisico/install/servo_sirvo_fisico/share/servo_sirvo_fisico/models/aruco_marker_2/materials/textures
copying models/aruco_marker_2/materials/textures/marker2.png -> /home/victorn65/ros2_ws/src/servo_sirvo_fisico/install/servo_sirvo_fisico/share/servo_sirvo_fisico/models/aruco_marker_2/materials/textures
creating /home/victorn65/ros2_ws/src/servo_sirvo_fisico/install/servo_sirvo_fisico/share/servo_sirvo_fisico/models/aruco_marker_4
copying models/aruco_marker_4/model.sdf -> /home/victorn65/ros2_ws/src/servo_sirvo_fisico/install/servo_sirvo_fisico/share/servo_sirvo_fisico/models/aruco_marker_4
copying models/aruco_marker_4/model.config -> /home/victorn65/ros2_ws/src/servo_sirvo_fisico/install/servo_sirvo_fisico/share/servo_sirvo_fisico/models/aruco_marker_4
creating /home/victorn65/ros2_ws/src/servo_sirvo_fisico/install/servo_sirvo_fisico/share/servo_sirvo_fisico/models/aruco_marker_4/materials
creating /home/victorn65/ros2_ws/src/servo_sirvo_fisico/install/servo_sirvo_fisico/share/servo_sirvo_fisico/models/aruco_marker_4/materials/textures
copying models/aruco_marker_4/materials/textures/marker4.png -> /home/victorn65/ros2_ws/src/servo_sirvo_fisico/install/servo_sirvo_fisico/share/servo_sirvo_fisico/models/aruco_marker_4/materials/textures
creating /home/victorn65/ros2_ws/src/servo_sirvo_fisico/install/servo_sirvo_fisico/share/servo_sirvo_fisico/models/world_wall
copying models/world_wall/model.sdf -> /home/victorn65/ros2_ws/src/servo_sirvo_fisico/install/servo_sirvo_fisico/share/servo_sirvo_fisico/models/world_wall
copying models/world_wall/model.config -> /home/victorn65/ros2_ws/src/servo_sirvo_fisico/install/servo_sirvo_fisico/share/servo_sirvo_fisico/models/world_wall
creating /home/victorn65/ros2_ws/src/servo_sirvo_fisico/install/servo_sirvo_fisico/share/servo_sirvo_fisico/models/world_wall/materials
creating /home/victorn65/ros2_ws/src/servo_sirvo_fisico/install/servo_sirvo_fisico/share/servo_sirvo_fisico/models/world_wall/materials/textures
copying models/world_wall/materials/textures/MapAll.jpg -> /home/victorn65/ros2_ws/src/servo_sirvo_fisico/install/servo_sirvo_fisico/share/servo_sirvo_fisico/models/world_wall/materials/textures
copying models/world_wall/materials/textures/0032-512x512.jpg -> /home/victorn65/ros2_ws/src/servo_sirvo_fisico/install/servo_sirvo_fisico/share/servo_sirvo_fisico/models/world_wall/materials/textures
copying models/world_wall/materials/textures/wood_floor.jpg -> /home/victorn65/ros2_ws/src/servo_sirvo_fisico/install/servo_sirvo_fisico/share/servo_sirvo_fisico/models/world_wall/materials/textures
creating /home/victorn65/ros2_ws/src/servo_sirvo_fisico/install/servo_sirvo_fisico/share/servo_sirvo_fisico/models/world_wall/meshes
copying models/world_wall/meshes/world_wall1.dae -> /home/victorn65/ros2_ws/src/servo_sirvo_fisico/install/servo_sirvo_fisico/share/servo_sirvo_fisico/models/world_wall/meshes
copying models/world_wall/meshes/0032-512x512.jpg -> /home/victorn65/ros2_ws/src/servo_sirvo_fisico/install/servo_sirvo_fisico/share/servo_sirvo_fisico/models/world_wall/meshes
copying models/world_wall/meshes/wood_floor.jpg -> /home/victorn65/ros2_ws/src/servo_sirvo_fisico/install/servo_sirvo_fisico/share/servo_sirvo_fisico/models/world_wall/meshes
creating /home/victorn65/ros2_ws/src/servo_sirvo_fisico/install/servo_sirvo_fisico/share/servo_sirvo_fisico/models/goal_marker_3
copying models/goal_marker_3/model.sdf -> /home/victorn65/ros2_ws/src/servo_sirvo_fisico/install/servo_sirvo_fisico/share/servo_sirvo_fisico/models/goal_marker_3
copying models/goal_marker_3/model.config -> /home/victorn65/ros2_ws/src/servo_sirvo_fisico/install/servo_sirvo_fisico/share/servo_sirvo_fisico/models/goal_marker_3
creating /home/victorn65/ros2_ws/src/servo_sirvo_fisico/install/servo_sirvo_fisico/share/servo_sirvo_fisico/models/goal_marker_3/materials
creating /home/victorn65/ros2_ws/src/servo_sirvo_fisico/install/servo_sirvo_fisico/share/servo_sirvo_fisico/models/goal_marker_3/materials/textures
copying models/goal_marker_3/materials/textures/mcr2_goal_3.png -> /home/victorn65/ros2_ws/src/servo_sirvo_fisico/install/servo_sirvo_fisico/share/servo_sirvo_fisico/models/goal_marker_3/materials/textures
creating /home/victorn65/ros2_ws/src/servo_sirvo_fisico/install/servo_sirvo_fisico/share/servo_sirvo_fisico/models/aruco_marker_1
copying models/aruco_marker_1/model.sdf -> /home/victorn65/ros2_ws/src/servo_sirvo_fisico/install/servo_sirvo_fisico/share/servo_sirvo_fisico/models/aruco_marker_1
copying models/aruco_marker_1/model.config -> /home/victorn65/ros2_ws/src/servo_sirvo_fisico/install/servo_sirvo_fisico/share/servo_sirvo_fisico/models/aruco_marker_1
creating /home/victorn65/ros2_ws/src/servo_sirvo_fisico/install/servo_sirvo_fisico/share/servo_sirvo_fisico/models/aruco_marker_1/materials
creating /home/victorn65/ros2_ws/src/servo_sirvo_fisico/install/servo_sirvo_fisico/share/servo_sirvo_fisico/models/aruco_marker_1/materials/textures
copying models/aruco_marker_1/materials/textures/marker1.png -> /home/victorn65/ros2_ws/src/servo_sirvo_fisico/install/servo_sirvo_fisico/share/servo_sirvo_fisico/models/aruco_marker_1/materials/textures
creating /home/victorn65/ros2_ws/src/servo_sirvo_fisico/install/servo_sirvo_fisico/share/servo_sirvo_fisico/models/aruco_4x4_50_1
copying models/aruco_4x4_50_1/model.sdf -> /home/victorn65/ros2_ws/src/servo_sirvo_fisico/install/servo_sirvo_fisico/share/servo_sirvo_fisico/models/aruco_4x4_50_1
copying models/aruco_4x4_50_1/model.config -> /home/victorn65/ros2_ws/src/servo_sirvo_fisico/install/servo_sirvo_fisico/share/servo_sirvo_fisico/models/aruco_4x4_50_1
creating /home/victorn65/ros2_ws/src/servo_sirvo_fisico/install/servo_sirvo_fisico/share/servo_sirvo_fisico/models/aruco_4x4_50_1/materials
creating /home/victorn65/ros2_ws/src/servo_sirvo_fisico/install/servo_sirvo_fisico/share/servo_sirvo_fisico/models/aruco_4x4_50_1/materials/textures
copying models/aruco_4x4_50_1/materials/textures/aruco_4x4_50_1.png -> /home/victorn65/ros2_ws/src/servo_sirvo_fisico/install/servo_sirvo_fisico/share/servo_sirvo_fisico/models/aruco_4x4_50_1/materials/textures
creating /home/victorn65/ros2_ws/src/servo_sirvo_fisico/install/servo_sirvo_fisico/share/servo_sirvo_fisico/models/aruco_4x4_50_1/meshes
copying models/aruco_4x4_50_1/meshes/aruco_4x4_50_1.dae -> /home/victorn65/ros2_ws/src/servo_sirvo_fisico/install/servo_sirvo_fisico/share/servo_sirvo_fisico/models/aruco_4x4_50_1/meshes
creating /home/victorn65/ros2_ws/src/servo_sirvo_fisico/install/servo_sirvo_fisico/share/servo_sirvo_fisico/models/goal_marker_5
copying models/goal_marker_5/model.sdf -> /home/victorn65/ros2_ws/src/servo_sirvo_fisico/install/servo_sirvo_fisico/share/servo_sirvo_fisico/models/goal_marker_5
copying models/goal_marker_5/model.config -> /home/victorn65/ros2_ws/src/servo_sirvo_fisico/install/servo_sirvo_fisico/share/servo_sirvo_fisico/models/goal_marker_5
creating /home/victorn65/ros2_ws/src/servo_sirvo_fisico/install/servo_sirvo_fisico/share/servo_sirvo_fisico/models/goal_marker_5/materials
creating /home/victorn65/ros2_ws/src/servo_sirvo_fisico/install/servo_sirvo_fisico/share/servo_sirvo_fisico/models/goal_marker_5/materials/textures
copying models/goal_marker_5/materials/textures/mcr2_goal_5.png -> /home/victorn65/ros2_ws/src/servo_sirvo_fisico/install/servo_sirvo_fisico/share/servo_sirvo_fisico/models/goal_marker_5/materials/textures
creating /home/victorn65/ros2_ws/src/servo_sirvo_fisico/install/servo_sirvo_fisico/share/servo_sirvo_fisico/models/office_floor
copying models/office_floor/model.sdf -> /home/victorn65/ros2_ws/src/servo_sirvo_fisico/install/servo_sirvo_fisico/share/servo_sirvo_fisico/models/office_floor
copying models/office_floor/model.config -> /home/victorn65/ros2_ws/src/servo_sirvo_fisico/install/servo_sirvo_fisico/share/servo_sirvo_fisico/models/office_floor
creating /home/victorn65/ros2_ws/src/servo_sirvo_fisico/install/servo_sirvo_fisico/share/servo_sirvo_fisico/models/office_floor/materials
creating /home/victorn65/ros2_ws/src/servo_sirvo_fisico/install/servo_sirvo_fisico/share/servo_sirvo_fisico/models/office_floor/materials/textures
copying models/office_floor/materials/textures/puzzlebot_wood_7.png -> /home/victorn65/ros2_ws/src/servo_sirvo_fisico/install/servo_sirvo_fisico/share/servo_sirvo_fisico/models/office_floor/materials/textures
creating /home/victorn65/ros2_ws/src/servo_sirvo_fisico/install/servo_sirvo_fisico/share/servo_sirvo_fisico/worlds
copying worlds/obstacle_avoidance_4.world -> /home/victorn65/ros2_ws/src/servo_sirvo_fisico/install/servo_sirvo_fisico/share/servo_sirvo_fisico/worlds
copying worlds/maze_aruco.world -> /home/victorn65/ros2_ws/src/servo_sirvo_fisico/install/servo_sirvo_fisico/share/servo_sirvo_fisico/worlds
copying worlds/mundo.world -> /home/victorn65/ros2_ws/src/servo_sirvo_fisico/install/servo_sirvo_fisico/share/servo_sirvo_fisico/worlds
copying worlds/puzzlebot_arena.world -> /home/victorn65/ros2_ws/src/servo_sirvo_fisico/install/servo_sirvo_fisico/share/servo_sirvo_fisico/worlds
copying worlds/world_empty.sdf -> /home/victorn65/ros2_ws/src/servo_sirvo_fisico/install/servo_sirvo_fisico/share/servo_sirvo_fisico/worlds
copying worlds/world_prueba.world -> /home/victorn65/ros2_ws/src/servo_sirvo_fisico/install/servo_sirvo_fisico/share/servo_sirvo_fisico/worlds
copying worlds/obstacle_avoidance_1.world -> /home/victorn65/ros2_ws/src/servo_sirvo_fisico/install/servo_sirvo_fisico/share/servo_sirvo_fisico/worlds
copying worlds/world_aruco_cv.sdf -> /home/victorn65/ros2_ws/src/servo_sirvo_fisico/install/servo_sirvo_fisico/share/servo_sirvo_fisico/worlds
copying worlds/puzzlebot_track.world -> /home/victorn65/ros2_ws/src/servo_sirvo_fisico/install/servo_sirvo_fisico/share/servo_sirvo_fisico/worlds
copying worlds/obstacle_avoidance_3.world -> /home/victorn65/ros2_ws/src/servo_sirvo_fisico/install/servo_sirvo_fisico/share/servo_sirvo_fisico/worlds
copying worlds/obstacle_avoidance_2.world -> /home/victorn65/ros2_ws/src/servo_sirvo_fisico/install/servo_sirvo_fisico/share/servo_sirvo_fisico/worlds
copying worlds/puzzlebot_world.world -> /home/victorn65/ros2_ws/src/servo_sirvo_fisico/install/servo_sirvo_fisico/share/servo_sirvo_fisico/worlds
copying worlds/puzzlebot_arena_markers.world -> /home/victorn65/ros2_ws/src/servo_sirvo_fisico/install/servo_sirvo_fisico/share/servo_sirvo_fisico/worlds
copying worlds/empty.world -> /home/victorn65/ros2_ws/src/servo_sirvo_fisico/install/servo_sirvo_fisico/share/servo_sirvo_fisico/worlds
copying worlds/world_aruco_mip.sdf -> /home/victorn65/ros2_ws/src/servo_sirvo_fisico/install/servo_sirvo_fisico/share/servo_sirvo_fisico/worlds
copying worlds/office.world -> /home/victorn65/ros2_ws/src/servo_sirvo_fisico/install/servo_sirvo_fisico/share/servo_sirvo_fisico/worlds
copying worlds/mundo1.world -> /home/victorn65/ros2_ws/src/servo_sirvo_fisico/install/servo_sirvo_fisico/share/servo_sirvo_fisico/worlds
copying worlds/puzzlebot_aruco_markers.world -> /home/victorn65/ros2_ws/src/servo_sirvo_fisico/install/servo_sirvo_fisico/share/servo_sirvo_fisico/worlds
copying worlds/world_box.sdf -> /home/victorn65/ros2_ws/src/servo_sirvo_fisico/install/servo_sirvo_fisico/share/servo_sirvo_fisico/worlds
creating /home/victorn65/ros2_ws/src/servo_sirvo_fisico/install/servo_sirvo_fisico/share/servo_sirvo_fisico/worlds/office_2
copying worlds/office_2/model.sdf -> /home/victorn65/ros2_ws/src/servo_sirvo_fisico/install/servo_sirvo_fisico/share/servo_sirvo_fisico/worlds/office_2
copying worlds/office_2/model.config -> /home/victorn65/ros2_ws/src/servo_sirvo_fisico/install/servo_sirvo_fisico/share/servo_sirvo_fisico/worlds/office_2
creating /home/victorn65/ros2_ws/src/servo_sirvo_fisico/install/servo_sirvo_fisico/share/servo_sirvo_fisico/plugins
copying plugins/libDiffDynamicPlugin.so -> /home/victorn65/ros2_ws/src/servo_sirvo_fisico/install/servo_sirvo_fisico/share/servo_sirvo_fisico/plugins
running install_egg_info
Copying build/servo_sirvo_fisico/servo_sirvo_fisico.egg-info to /home/victorn65/ros2_ws/src/servo_sirvo_fisico/install/servo_sirvo_fisico/lib/python3.10/site-packages/servo_sirvo_fisico-0.0.0-py3.10.egg-info
running install_scripts
Installing aruco_debug script to /home/victorn65/ros2_ws/src/servo_sirvo_fisico/install/servo_sirvo_fisico/lib/ServoYSirvo_nav2_puzzlebot
Installing dynamic_tf script to /home/victorn65/ros2_ws/src/servo_sirvo_fisico/install/servo_sirvo_fisico/lib/ServoYSirvo_nav2_puzzlebot
Installing joint_state_pub script to /home/victorn65/ros2_ws/src/servo_sirvo_fisico/install/servo_sirvo_fisico/lib/ServoYSirvo_nav2_puzzlebot
Installing localisation script to /home/victorn65/ros2_ws/src/servo_sirvo_fisico/install/servo_sirvo_fisico/lib/ServoYSirvo_nav2_puzzlebot
Installing point_stabilisation_control script to /home/victorn65/ros2_ws/src/servo_sirvo_fisico/install/servo_sirvo_fisico/lib/ServoYSirvo_nav2_puzzlebot
Installing puzzlebot_aruco script to /home/victorn65/ros2_ws/src/servo_sirvo_fisico/install/servo_sirvo_fisico/lib/ServoYSirvo_nav2_puzzlebot
Installing puzzlebot_kinematic_model script to /home/victorn65/ros2_ws/src/servo_sirvo_fisico/install/servo_sirvo_fisico/lib/ServoYSirvo_nav2_puzzlebot
Installing static_tf script to /home/victorn65/ros2_ws/src/servo_sirvo_fisico/install/servo_sirvo_fisico/lib/ServoYSirvo_nav2_puzzlebot
writing list of installed files to '/home/victorn65/ros2_ws/src/servo_sirvo_fisico/build/servo_sirvo_fisico/install.log'
