[0.538s] Invoking command in '/home/victorn65/ros2_ws/src/servo_sirvo_fisico': PYTHONPATH=/home/victorn65/ros2_ws/src/servo_sirvo_fisico/build/servo_sirvo_fisico/prefix_override:/usr/lib/python3/dist-packages/colcon_core/task/python/colcon_distutils_commands:/home/victorn65/ros2_ws/src/servo_sirvo_fisico/install/servo_sirvo_fisico/lib/python3.10/site-packages:${PYTHONPATH} /usr/bin/python3 -W ignore:setup.py install is deprecated -W ignore:easy_install command is deprecated setup.py egg_info --egg-base build/servo_sirvo_fisico build --build-base /home/victorn65/ros2_ws/src/servo_sirvo_fisico/build/servo_sirvo_fisico/build install --record /home/victorn65/ros2_ws/src/servo_sirvo_fisico/build/servo_sirvo_fisico/install.log --single-version-externally-managed install_data
[0.753s] running egg_info
[0.753s] creating build/servo_sirvo_fisico/servo_sirvo_fisico.egg-info
[0.753s] writing build/servo_sirvo_fisico/servo_sirvo_fisico.egg-info/PKG-INFO
[0.754s] writing dependency_links to build/servo_sirvo_fisico/servo_sirvo_fisico.egg-info/dependency_links.txt
[0.754s] writing entry points to build/servo_sirvo_fisico/servo_sirvo_fisico.egg-info/entry_points.txt
[0.754s] writing requirements to build/servo_sirvo_fisico/servo_sirvo_fisico.egg-info/requires.txt
[0.754s] writing top-level names to build/servo_sirvo_fisico/servo_sirvo_fisico.egg-info/top_level.txt
[0.754s] writing manifest file 'build/servo_sirvo_fisico/servo_sirvo_fisico.egg-info/SOURCES.txt'
[0.757s] reading manifest file 'build/servo_sirvo_fisico/servo_sirvo_fisico.egg-info/SOURCES.txt'
[0.757s] adding license file 'LICENSE'
[0.759s] writing manifest file 'build/servo_sirvo_fisico/servo_sirvo_fisico.egg-info/SOURCES.txt'
[0.759s] running build
[0.759s] running build_py
[0.759s] creating /home/victorn65/ros2_ws/src/servo_sirvo_fisico/build/servo_sirvo_fisico/build
[0.759s] creating /home/victorn65/ros2_ws/src/servo_sirvo_fisico/build/servo_sirvo_fisico/build/lib
[0.759s] creating /home/victorn65/ros2_ws/src/servo_sirvo_fisico/build/servo_sirvo_fisico/build/lib/servo_sirvo_fisico
[0.759s] copying servo_sirvo_fisico/localisation.py -> /home/victorn65/ros2_ws/src/servo_sirvo_fisico/build/servo_sirvo_fisico/build/lib/servo_sirvo_fisico
[0.760s] copying servo_sirvo_fisico/puzzlebot_aruco.py -> /home/victorn65/ros2_ws/src/servo_sirvo_fisico/build/servo_sirvo_fisico/build/lib/servo_sirvo_fisico
[0.760s] copying servo_sirvo_fisico/puzzlebot_kinematic_model.py -> /home/victorn65/ros2_ws/src/servo_sirvo_fisico/build/servo_sirvo_fisico/build/lib/servo_sirvo_fisico
[0.760s] copying servo_sirvo_fisico/__init__.py -> /home/victorn65/ros2_ws/src/servo_sirvo_fisico/build/servo_sirvo_fisico/build/lib/servo_sirvo_fisico
[0.760s] copying servo_sirvo_fisico/point_stabilisation_control.py -> /home/victorn65/ros2_ws/src/servo_sirvo_fisico/build/servo_sirvo_fisico/build/lib/servo_sirvo_fisico
[0.760s] copying servo_sirvo_fisico/joint_state_pub.py -> /home/victorn65/ros2_ws/src/servo_sirvo_fisico/build/servo_sirvo_fisico/build/lib/servo_sirvo_fisico
[0.760s] creating /home/victorn65/ros2_ws/src/servo_sirvo_fisico/build/servo_sirvo_fisico/build/lib/servo_sirvo_fisico/utils
[0.760s] copying servo_sirvo_fisico/utils/puzzlebot_kinematics.py -> /home/victorn65/ros2_ws/src/servo_sirvo_fisico/build/servo_sirvo_fisico/build/lib/servo_sirvo_fisico/utils
[0.760s] copying servo_sirvo_fisico/utils/math_utils.py -> /home/victorn65/ros2_ws/src/servo_sirvo_fisico/build/servo_sirvo_fisico/build/lib/servo_sirvo_fisico/utils
[0.760s] copying servo_sirvo_fisico/utils/observation_utils.py -> /home/victorn65/ros2_ws/src/servo_sirvo_fisico/build/servo_sirvo_fisico/build/lib/servo_sirvo_fisico/utils
[0.760s] copying servo_sirvo_fisico/utils/__init__.py -> /home/victorn65/ros2_ws/src/servo_sirvo_fisico/build/servo_sirvo_fisico/build/lib/servo_sirvo_fisico/utils
[0.760s] running install
[0.760s] running install_lib
[0.761s] creating /home/victorn65/ros2_ws/src/servo_sirvo_fisico/install/servo_sirvo_fisico/lib/python3.10/site-packages/servo_sirvo_fisico
[0.761s] copying /home/victorn65/ros2_ws/src/servo_sirvo_fisico/build/servo_sirvo_fisico/build/lib/servo_sirvo_fisico/localisation.py -> /home/victorn65/ros2_ws/src/servo_sirvo_fisico/install/servo_sirvo_fisico/lib/python3.10/site-packages/servo_sirvo_fisico
[0.761s] copying /home/victorn65/ros2_ws/src/servo_sirvo_fisico/build/servo_sirvo_fisico/build/lib/servo_sirvo_fisico/puzzlebot_aruco.py -> /home/victorn65/ros2_ws/src/servo_sirvo_fisico/install/servo_sirvo_fisico/lib/python3.10/site-packages/servo_sirvo_fisico
[0.761s] copying /home/victorn65/ros2_ws/src/servo_sirvo_fisico/build/servo_sirvo_fisico/build/lib/servo_sirvo_fisico/puzzlebot_kinematic_model.py -> /home/victorn65/ros2_ws/src/servo_sirvo_fisico/install/servo_sirvo_fisico/lib/python3.10/site-packages/servo_sirvo_fisico
[0.762s] creating /home/victorn65/ros2_ws/src/servo_sirvo_fisico/install/servo_sirvo_fisico/lib/python3.10/site-packages/servo_sirvo_fisico/utils
[0.762s] copying /home/victorn65/ros2_ws/src/servo_sirvo_fisico/build/servo_sirvo_fisico/build/lib/servo_sirvo_fisico/utils/puzzlebot_kinematics.py -> /home/victorn65/ros2_ws/src/servo_sirvo_fisico/install/servo_sirvo_fisico/lib/python3.10/site-packages/servo_sirvo_fisico/utils
[0.762s] copying /home/victorn65/ros2_ws/src/servo_sirvo_fisico/build/servo_sirvo_fisico/build/lib/servo_sirvo_fisico/utils/math_utils.py -> /home/victorn65/ros2_ws/src/servo_sirvo_fisico/install/servo_sirvo_fisico/lib/python3.10/site-packages/servo_sirvo_fisico/utils
[0.762s] copying /home/victorn65/ros2_ws/src/servo_sirvo_fisico/build/servo_sirvo_fisico/build/lib/servo_sirvo_fisico/utils/observation_utils.py -> /home/victorn65/ros2_ws/src/servo_sirvo_fisico/install/servo_sirvo_fisico/lib/python3.10/site-packages/servo_sirvo_fisico/utils
[0.762s] copying /home/victorn65/ros2_ws/src/servo_sirvo_fisico/build/servo_sirvo_fisico/build/lib/servo_sirvo_fisico/utils/__init__.py -> /home/victorn65/ros2_ws/src/servo_sirvo_fisico/install/servo_sirvo_fisico/lib/python3.10/site-packages/servo_sirvo_fisico/utils
[0.762s] copying /home/victorn65/ros2_ws/src/servo_sirvo_fisico/build/servo_sirvo_fisico/build/lib/servo_sirvo_fisico/__init__.py -> /home/victorn65/ros2_ws/src/servo_sirvo_fisico/install/servo_sirvo_fisico/lib/python3.10/site-packages/servo_sirvo_fisico
[0.762s] copying /home/victorn65/ros2_ws/src/servo_sirvo_fisico/build/servo_sirvo_fisico/build/lib/servo_sirvo_fisico/point_stabilisation_control.py -> /home/victorn65/ros2_ws/src/servo_sirvo_fisico/install/servo_sirvo_fisico/lib/python3.10/site-packages/servo_sirvo_fisico
[0.762s] copying /home/victorn65/ros2_ws/src/servo_sirvo_fisico/build/servo_sirvo_fisico/build/lib/servo_sirvo_fisico/joint_state_pub.py -> /home/victorn65/ros2_ws/src/servo_sirvo_fisico/install/servo_sirvo_fisico/lib/python3.10/site-packages/servo_sirvo_fisico
[0.763s] byte-compiling /home/victorn65/ros2_ws/src/servo_sirvo_fisico/install/servo_sirvo_fisico/lib/python3.10/site-packages/servo_sirvo_fisico/localisation.py to localisation.cpython-310.pyc
[0.764s] byte-compiling /home/victorn65/ros2_ws/src/servo_sirvo_fisico/install/servo_sirvo_fisico/lib/python3.10/site-packages/servo_sirvo_fisico/puzzlebot_aruco.py to puzzlebot_aruco.cpython-310.pyc
[0.765s] byte-compiling /home/victorn65/ros2_ws/src/servo_sirvo_fisico/install/servo_sirvo_fisico/lib/python3.10/site-packages/servo_sirvo_fisico/puzzlebot_kinematic_model.py to puzzlebot_kinematic_model.cpython-310.pyc
[0.765s] byte-compiling /home/victorn65/ros2_ws/src/servo_sirvo_fisico/install/servo_sirvo_fisico/lib/python3.10/site-packages/servo_sirvo_fisico/utils/puzzlebot_kinematics.py to puzzlebot_kinematics.cpython-310.pyc
[0.766s] byte-compiling /home/victorn65/ros2_ws/src/servo_sirvo_fisico/install/servo_sirvo_fisico/lib/python3.10/site-packages/servo_sirvo_fisico/utils/math_utils.py to math_utils.cpython-310.pyc
[0.766s] byte-compiling /home/victorn65/ros2_ws/src/servo_sirvo_fisico/install/servo_sirvo_fisico/lib/python3.10/site-packages/servo_sirvo_fisico/utils/observation_utils.py to observation_utils.cpython-310.pyc
[0.766s] byte-compiling /home/victorn65/ros2_ws/src/servo_sirvo_fisico/install/servo_sirvo_fisico/lib/python3.10/site-packages/servo_sirvo_fisico/utils/__init__.py to __init__.cpython-310.pyc
[0.766s] byte-compiling /home/victorn65/ros2_ws/src/servo_sirvo_fisico/install/servo_sirvo_fisico/lib/python3.10/site-packages/servo_sirvo_fisico/__init__.py to __init__.cpython-310.pyc
[0.766s] byte-compiling /home/victorn65/ros2_ws/src/servo_sirvo_fisico/install/servo_sirvo_fisico/lib/python3.10/site-packages/servo_sirvo_fisico/point_stabilisation_control.py to point_stabilisation_control.cpython-310.pyc
[0.768s] byte-compiling /home/victorn65/ros2_ws/src/servo_sirvo_fisico/install/servo_sirvo_fisico/lib/python3.10/site-packages/servo_sirvo_fisico/joint_state_pub.py to joint_state_pub.cpython-310.pyc
[0.768s] running install_data
[0.769s] creating /home/victorn65/ros2_ws/src/servo_sirvo_fisico/install/servo_sirvo_fisico/share/ament_index
[0.769s] creating /home/victorn65/ros2_ws/src/servo_sirvo_fisico/install/servo_sirvo_fisico/share/ament_index/resource_index
[0.769s] creating /home/victorn65/ros2_ws/src/servo_sirvo_fisico/install/servo_sirvo_fisico/share/ament_index/resource_index/packages
[0.769s] copying resource/servo_sirvo_fisico -> /home/victorn65/ros2_ws/src/servo_sirvo_fisico/install/servo_sirvo_fisico/share/ament_index/resource_index/packages
[0.769s] copying package.xml -> /home/victorn65/ros2_ws/src/servo_sirvo_fisico/install/servo_sirvo_fisico/share/servo_sirvo_fisico
[0.769s] creating /home/victorn65/ros2_ws/src/servo_sirvo_fisico/install/servo_sirvo_fisico/share/servo_sirvo_fisico/launch
[0.769s] copying launch/start_aruco_opencv.launch.py -> /home/victorn65/ros2_ws/src/servo_sirvo_fisico/install/servo_sirvo_fisico/share/servo_sirvo_fisico/launch
[0.770s] copying launch/gazebo_puzzlebot_launch.py -> /home/victorn65/ros2_ws/src/servo_sirvo_fisico/install/servo_sirvo_fisico/share/servo_sirvo_fisico/launch
[0.770s] copying launch/bringup_simulation_simple_launch.py -> /home/victorn65/ros2_ws/src/servo_sirvo_fisico/install/servo_sirvo_fisico/share/servo_sirvo_fisico/launch
[0.770s] copying launch/puzzlebot_sim_launch.py -> /home/victorn65/ros2_ws/src/servo_sirvo_fisico/install/servo_sirvo_fisico/share/servo_sirvo_fisico/launch
[0.770s] copying launch/gazebo_world_launch.py -> /home/victorn65/ros2_ws/src/servo_sirvo_fisico/install/servo_sirvo_fisico/share/servo_sirvo_fisico/launch
[0.770s] creating /home/victorn65/ros2_ws/src/servo_sirvo_fisico/install/servo_sirvo_fisico/share/servo_sirvo_fisico/config
[0.770s] copying config/nav2_params.yaml -> /home/victorn65/ros2_ws/src/servo_sirvo_fisico/install/servo_sirvo_fisico/share/servo_sirvo_fisico/config
[0.770s] copying config/puzzlebot_hacker_ed.yaml -> /home/victorn65/ros2_ws/src/servo_sirvo_fisico/install/servo_sirvo_fisico/share/servo_sirvo_fisico/config
[0.770s] copying config/mapper_params_online_async.yaml -> /home/victorn65/ros2_ws/src/servo_sirvo_fisico/install/servo_sirvo_fisico/share/servo_sirvo_fisico/config
[0.770s] copying config/puzzlebot_jetson_lidar_ed.yaml -> /home/victorn65/ros2_ws/src/servo_sirvo_fisico/install/servo_sirvo_fisico/share/servo_sirvo_fisico/config
[0.770s] copying config/puzzlebot_jetson_ed.yaml -> /home/victorn65/ros2_ws/src/servo_sirvo_fisico/install/servo_sirvo_fisico/share/servo_sirvo_fisico/config
[0.770s] copying config/parameter_bridge.yaml -> /home/victorn65/ros2_ws/src/servo_sirvo_fisico/install/servo_sirvo_fisico/share/servo_sirvo_fisico/config
[0.770s] copying config/bridge_sim.yaml -> /home/victorn65/ros2_ws/src/servo_sirvo_fisico/install/servo_sirvo_fisico/share/servo_sirvo_fisico/config
[0.770s] creating /home/victorn65/ros2_ws/src/servo_sirvo_fisico/install/servo_sirvo_fisico/share/servo_sirvo_fisico/rviz
[0.770s] copying rviz/puzzlebot_view.rviz -> /home/victorn65/ros2_ws/src/servo_sirvo_fisico/install/servo_sirvo_fisico/share/servo_sirvo_fisico/rviz
[0.770s] creating /home/victorn65/ros2_ws/src/servo_sirvo_fisico/install/servo_sirvo_fisico/share/servo_sirvo_fisico/urdf
[0.770s] copying urdf/gazebo_control.xacro -> /home/victorn65/ros2_ws/src/servo_sirvo_fisico/install/servo_sirvo_fisico/share/servo_sirvo_fisico/urdf
[0.770s] copying urdf/puzzlebot.xacro -> /home/victorn65/ros2_ws/src/servo_sirvo_fisico/install/servo_sirvo_fisico/share/servo_sirvo_fisico/urdf
[0.770s] copying urdf/macros.xacro -> /home/victorn65/ros2_ws/src/servo_sirvo_fisico/install/servo_sirvo_fisico/share/servo_sirvo_fisico/urdf
[0.770s] copying urdf/laser_camera_bracket.xacro -> /home/victorn65/ros2_ws/src/servo_sirvo_fisico/install/servo_sirvo_fisico/share/servo_sirvo_fisico/urdf
[0.770s] copying urdf/lidar.xacro -> /home/victorn65/ros2_ws/src/servo_sirvo_fisico/install/servo_sirvo_fisico/share/servo_sirvo_fisico/urdf
[0.771s] copying urdf/puzzlebot_jetson_lidar_base.urdf.xacro -> /home/victorn65/ros2_ws/src/servo_sirvo_fisico/install/servo_sirvo_fisico/share/servo_sirvo_fisico/urdf
[0.771s] copying urdf/parameters_jetson_lidar.xacro -> /home/victorn65/ros2_ws/src/servo_sirvo_fisico/install/servo_sirvo_fisico/share/servo_sirvo_fisico/urdf
[0.771s] copying urdf/materials.xacro -> /home/victorn65/ros2_ws/src/servo_sirvo_fisico/install/servo_sirvo_fisico/share/servo_sirvo_fisico/urdf
[0.771s] creating /home/victorn65/ros2_ws/src/servo_sirvo_fisico/install/servo_sirvo_fisico/share/servo_sirvo_fisico/meshes
[0.771s] copying meshes/Puzzlebot_Jetson_Lidar_Edition_Base.stl -> /home/victorn65/ros2_ws/src/servo_sirvo_fisico/install/servo_sirvo_fisico/share/servo_sirvo_fisico/meshes
[0.771s] copying meshes/RPLidar.stl -> /home/victorn65/ros2_ws/src/servo_sirvo_fisico/install/servo_sirvo_fisico/share/servo_sirvo_fisico/meshes
[0.771s] copying meshes/NVIDIA_Jetson.stl -> /home/victorn65/ros2_ws/src/servo_sirvo_fisico/install/servo_sirvo_fisico/share/servo_sirvo_fisico/meshes
[0.772s] copying meshes/Laser_Camera_Bracket.stl -> /home/victorn65/ros2_ws/src/servo_sirvo_fisico/install/servo_sirvo_fisico/share/servo_sirvo_fisico/meshes
[0.772s] copying meshes/Puzzlebot_Wheel.stl -> /home/victorn65/ros2_ws/src/servo_sirvo_fisico/install/servo_sirvo_fisico/share/servo_sirvo_fisico/meshes
[0.772s] copying meshes/Puzzlebot_Caster_Wheel.stl -> /home/victorn65/ros2_ws/src/servo_sirvo_fisico/install/servo_sirvo_fisico/share/servo_sirvo_fisico/meshes
[0.772s] creating /home/victorn65/ros2_ws/src/servo_sirvo_fisico/install/servo_sirvo_fisico/share/servo_sirvo_fisico/models
[0.772s] creating /home/victorn65/ros2_ws/src/servo_sirvo_fisico/install/servo_sirvo_fisico/share/servo_sirvo_fisico/models/red_colored_box
[0.772s] copying models/red_colored_box/model.sdf -> /home/victorn65/ros2_ws/src/servo_sirvo_fisico/install/servo_sirvo_fisico/share/servo_sirvo_fisico/models/red_colored_box
[0.772s] copying models/red_colored_box/model.config -> /home/victorn65/ros2_ws/src/servo_sirvo_fisico/install/servo_sirvo_fisico/share/servo_sirvo_fisico/models/red_colored_box
[0.772s] creating /home/victorn65/ros2_ws/src/servo_sirvo_fisico/install/servo_sirvo_fisico/share/servo_sirvo_fisico/models/office_model
[0.772s] copying models/office_model/model.sdf -> /home/victorn65/ros2_ws/src/servo_sirvo_fisico/install/servo_sirvo_fisico/share/servo_sirvo_fisico/models/office_model
[0.773s] copying models/office_model/model.config -> /home/victorn65/ros2_ws/src/servo_sirvo_fisico/install/servo_sirvo_fisico/share/servo_sirvo_fisico/models/office_model
[0.773s] creating /home/victorn65/ros2_ws/src/servo_sirvo_fisico/install/servo_sirvo_fisico/share/servo_sirvo_fisico/models/avoidance_world_1
[0.773s] copying models/avoidance_world_1/model.sdf -> /home/victorn65/ros2_ws/src/servo_sirvo_fisico/install/servo_sirvo_fisico/share/servo_sirvo_fisico/models/avoidance_world_1
[0.773s] copying models/avoidance_world_1/model.config -> /home/victorn65/ros2_ws/src/servo_sirvo_fisico/install/servo_sirvo_fisico/share/servo_sirvo_fisico/models/avoidance_world_1
[0.773s] creating /home/victorn65/ros2_ws/src/servo_sirvo_fisico/install/servo_sirvo_fisico/share/servo_sirvo_fisico/models/box_brick
[0.773s] copying models/box_brick/model.sdf -> /home/victorn65/ros2_ws/src/servo_sirvo_fisico/install/servo_sirvo_fisico/share/servo_sirvo_fisico/models/box_brick
[0.773s] copying models/box_brick/model.config -> /home/victorn65/ros2_ws/src/servo_sirvo_fisico/install/servo_sirvo_fisico/share/servo_sirvo_fisico/models/box_brick
[0.773s] creating /home/victorn65/ros2_ws/src/servo_sirvo_fisico/install/servo_sirvo_fisico/share/servo_sirvo_fisico/models/box_brick/materials
[0.773s] creating /home/victorn65/ros2_ws/src/servo_sirvo_fisico/install/servo_sirvo_fisico/share/servo_sirvo_fisico/models/box_brick/materials/textures
[0.773s] copying models/box_brick/materials/textures/0032-512x512.jpg -> /home/victorn65/ros2_ws/src/servo_sirvo_fisico/install/servo_sirvo_fisico/share/servo_sirvo_fisico/models/box_brick/materials/textures
[0.773s] creating /home/victorn65/ros2_ws/src/servo_sirvo_fisico/install/servo_sirvo_fisico/share/servo_sirvo_fisico/models/box_brick/meshes
[0.773s] copying models/box_brick/meshes/box_brick.dae -> /home/victorn65/ros2_ws/src/servo_sirvo_fisico/install/servo_sirvo_fisico/share/servo_sirvo_fisico/models/box_brick/meshes
[0.774s] creating /home/victorn65/ros2_ws/src/servo_sirvo_fisico/install/servo_sirvo_fisico/share/servo_sirvo_fisico/models/aruco000
[0.774s] copying models/aruco000/model.sdf -> /home/victorn65/ros2_ws/src/servo_sirvo_fisico/install/servo_sirvo_fisico/share/servo_sirvo_fisico/models/aruco000
[0.774s] copying models/aruco000/model.config -> /home/victorn65/ros2_ws/src/servo_sirvo_fisico/install/servo_sirvo_fisico/share/servo_sirvo_fisico/models/aruco000
[0.774s] creating /home/victorn65/ros2_ws/src/servo_sirvo_fisico/install/servo_sirvo_fisico/share/servo_sirvo_fisico/models/aruco000/materials
[0.774s] creating /home/victorn65/ros2_ws/src/servo_sirvo_fisico/install/servo_sirvo_fisico/share/servo_sirvo_fisico/models/aruco000/materials/textures
[0.774s] copying models/aruco000/materials/textures/16h3_000.png -> /home/victorn65/ros2_ws/src/servo_sirvo_fisico/install/servo_sirvo_fisico/share/servo_sirvo_fisico/models/aruco000/materials/textures
[0.774s] creating /home/victorn65/ros2_ws/src/servo_sirvo_fisico/install/servo_sirvo_fisico/share/servo_sirvo_fisico/models/aruco000/meshes
[0.774s] copying models/aruco000/meshes/aruco000.dae -> /home/victorn65/ros2_ws/src/servo_sirvo_fisico/install/servo_sirvo_fisico/share/servo_sirvo_fisico/models/aruco000/meshes
[0.774s] creating /home/victorn65/ros2_ws/src/servo_sirvo_fisico/install/servo_sirvo_fisico/share/servo_sirvo_fisico/models/arena_a_frame
[0.774s] copying models/arena_a_frame/model.sdf -> /home/victorn65/ros2_ws/src/servo_sirvo_fisico/install/servo_sirvo_fisico/share/servo_sirvo_fisico/models/arena_a_frame
[0.774s] copying models/arena_a_frame/model.config -> /home/victorn65/ros2_ws/src/servo_sirvo_fisico/install/servo_sirvo_fisico/share/servo_sirvo_fisico/models/arena_a_frame
[0.774s] creating /home/victorn65/ros2_ws/src/servo_sirvo_fisico/install/servo_sirvo_fisico/share/servo_sirvo_fisico/models/arena_a_frame/materials
[0.774s] creating /home/victorn65/ros2_ws/src/servo_sirvo_fisico/install/servo_sirvo_fisico/share/servo_sirvo_fisico/models/arena_a_frame/materials/textures
[0.774s] copying models/arena_a_frame/materials/textures/mcr2_banner.png -> /home/victorn65/ros2_ws/src/servo_sirvo_fisico/install/servo_sirvo_fisico/share/servo_sirvo_fisico/models/arena_a_frame/materials/textures
[0.775s] creating /home/victorn65/ros2_ws/src/servo_sirvo_fisico/install/servo_sirvo_fisico/share/servo_sirvo_fisico/models/arena_a_frame/meshes
[0.775s] copying models/arena_a_frame/meshes/MCR2_arena_side.stl -> /home/victorn65/ros2_ws/src/servo_sirvo_fisico/install/servo_sirvo_fisico/share/servo_sirvo_fisico/models/arena_a_frame/meshes
[0.775s] creating /home/victorn65/ros2_ws/src/servo_sirvo_fisico/install/servo_sirvo_fisico/share/servo_sirvo_fisico/models/media
[0.775s] creating /home/victorn65/ros2_ws/src/servo_sirvo_fisico/install/servo_sirvo_fisico/share/servo_sirvo_fisico/models/media/materials
[0.775s] creating /home/victorn65/ros2_ws/src/servo_sirvo_fisico/install/servo_sirvo_fisico/share/servo_sirvo_fisico/models/media/materials/scripts
[0.775s] copying models/media/materials/scripts/mcr2_materials.material -> /home/victorn65/ros2_ws/src/servo_sirvo_fisico/install/servo_sirvo_fisico/share/servo_sirvo_fisico/models/media/materials/scripts
[0.775s] creating /home/victorn65/ros2_ws/src/servo_sirvo_fisico/install/servo_sirvo_fisico/share/servo_sirvo_fisico/models/media/materials/textures
[0.775s] copying models/media/materials/textures/puzzlebot_logo_white.png -> /home/victorn65/ros2_ws/src/servo_sirvo_fisico/install/servo_sirvo_fisico/share/servo_sirvo_fisico/models/media/materials/textures
[0.775s] copying models/media/materials/textures/mcr2_goal_1.png -> /home/victorn65/ros2_ws/src/servo_sirvo_fisico/install/servo_sirvo_fisico/share/servo_sirvo_fisico/models/media/materials/textures
[0.775s] copying models/media/materials/textures/nvidia_logo_black.jpg -> /home/victorn65/ros2_ws/src/servo_sirvo_fisico/install/servo_sirvo_fisico/share/servo_sirvo_fisico/models/media/materials/textures
[0.775s] copying models/media/materials/textures/puzzlebot_logo.png -> /home/victorn65/ros2_ws/src/servo_sirvo_fisico/install/servo_sirvo_fisico/share/servo_sirvo_fisico/models/media/materials/textures
[0.775s] copying models/media/materials/textures/mcr2_logo_black.png -> /home/victorn65/ros2_ws/src/servo_sirvo_fisico/install/servo_sirvo_fisico/share/servo_sirvo_fisico/models/media/materials/textures
[0.776s] copying models/media/materials/textures/mcr2_goal_2.png -> /home/victorn65/ros2_ws/src/servo_sirvo_fisico/install/servo_sirvo_fisico/share/servo_sirvo_fisico/models/media/materials/textures
[0.776s] copying models/media/materials/textures/puzzlebot_wood_6.png -> /home/victorn65/ros2_ws/src/servo_sirvo_fisico/install/servo_sirvo_fisico/share/servo_sirvo_fisico/models/media/materials/textures
[0.777s] copying models/media/materials/textures/mcr2_goal_3.png -> /home/victorn65/ros2_ws/src/servo_sirvo_fisico/install/servo_sirvo_fisico/share/servo_sirvo_fisico/models/media/materials/textures
[0.777s] copying models/media/materials/textures/mcr2_goal_4.png -> /home/victorn65/ros2_ws/src/servo_sirvo_fisico/install/servo_sirvo_fisico/share/servo_sirvo_fisico/models/media/materials/textures
[0.777s] copying models/media/materials/textures/nvidia_logo_b_w.jpg -> /home/victorn65/ros2_ws/src/servo_sirvo_fisico/install/servo_sirvo_fisico/share/servo_sirvo_fisico/models/media/materials/textures
[0.777s] copying models/media/materials/textures/mcr2_goal_5.png -> /home/victorn65/ros2_ws/src/servo_sirvo_fisico/install/servo_sirvo_fisico/share/servo_sirvo_fisico/models/media/materials/textures
[0.777s] copying models/media/materials/textures/puzzlebot_wood_4.png -> /home/victorn65/ros2_ws/src/servo_sirvo_fisico/install/servo_sirvo_fisico/share/servo_sirvo_fisico/models/media/materials/textures
[0.780s] copying models/media/materials/textures/puzzlebot_wood_7.png -> /home/victorn65/ros2_ws/src/servo_sirvo_fisico/install/servo_sirvo_fisico/share/servo_sirvo_fisico/models/media/materials/textures
[0.781s] copying models/media/materials/textures/nvidia_logo_white.jpg -> /home/victorn65/ros2_ws/src/servo_sirvo_fisico/install/servo_sirvo_fisico/share/servo_sirvo_fisico/models/media/materials/textures
[0.781s] copying models/media/materials/textures/nvidia_hz_logo_white.jpg -> /home/victorn65/ros2_ws/src/servo_sirvo_fisico/install/servo_sirvo_fisico/share/servo_sirvo_fisico/models/media/materials/textures
[0.782s] copying models/media/materials/textures/puzzlebot_wood_5.png -> /home/victorn65/ros2_ws/src/servo_sirvo_fisico/install/servo_sirvo_fisico/share/servo_sirvo_fisico/models/media/materials/textures
[0.784s] copying models/media/materials/textures/mcr2_banner.png -> /home/victorn65/ros2_ws/src/servo_sirvo_fisico/install/servo_sirvo_fisico/share/servo_sirvo_fisico/models/media/materials/textures
[0.784s] copying models/media/materials/textures/wood_floor.jpg -> /home/victorn65/ros2_ws/src/servo_sirvo_fisico/install/servo_sirvo_fisico/share/servo_sirvo_fisico/models/media/materials/textures
[0.785s] copying models/media/materials/textures/mcr2_logo_white.png -> /home/victorn65/ros2_ws/src/servo_sirvo_fisico/install/servo_sirvo_fisico/share/servo_sirvo_fisico/models/media/materials/textures
[0.785s] creating /home/victorn65/ros2_ws/src/servo_sirvo_fisico/install/servo_sirvo_fisico/share/servo_sirvo_fisico/models/media/materials/textures/aruco_markers
[0.785s] copying models/media/materials/textures/aruco_markers/marker4.png -> /home/victorn65/ros2_ws/src/servo_sirvo_fisico/install/servo_sirvo_fisico/share/servo_sirvo_fisico/models/media/materials/textures/aruco_markers
[0.785s] copying models/media/materials/textures/aruco_markers/marker5.png -> /home/victorn65/ros2_ws/src/servo_sirvo_fisico/install/servo_sirvo_fisico/share/servo_sirvo_fisico/models/media/materials/textures/aruco_markers
[0.785s] copying models/media/materials/textures/aruco_markers/marker1.png -> /home/victorn65/ros2_ws/src/servo_sirvo_fisico/install/servo_sirvo_fisico/share/servo_sirvo_fisico/models/media/materials/textures/aruco_markers
[0.785s] copying models/media/materials/textures/aruco_markers/marker0.png -> /home/victorn65/ros2_ws/src/servo_sirvo_fisico/install/servo_sirvo_fisico/share/servo_sirvo_fisico/models/media/materials/textures/aruco_markers
[0.785s] copying models/media/materials/textures/aruco_markers/marker3.png -> /home/victorn65/ros2_ws/src/servo_sirvo_fisico/install/servo_sirvo_fisico/share/servo_sirvo_fisico/models/media/materials/textures/aruco_markers
[0.785s] copying models/media/materials/textures/aruco_markers/marker2.png -> /home/victorn65/ros2_ws/src/servo_sirvo_fisico/install/servo_sirvo_fisico/share/servo_sirvo_fisico/models/media/materials/textures/aruco_markers
[0.785s] creating /home/victorn65/ros2_ws/src/servo_sirvo_fisico/install/servo_sirvo_fisico/share/servo_sirvo_fisico/models/puzzlebot_camera
[0.785s] copying models/puzzlebot_camera/model.sdf -> /home/victorn65/ros2_ws/src/servo_sirvo_fisico/install/servo_sirvo_fisico/share/servo_sirvo_fisico/models/puzzlebot_camera
[0.785s] copying models/puzzlebot_camera/model.config -> /home/victorn65/ros2_ws/src/servo_sirvo_fisico/install/servo_sirvo_fisico/share/servo_sirvo_fisico/models/puzzlebot_camera
[0.785s] creating /home/victorn65/ros2_ws/src/servo_sirvo_fisico/install/servo_sirvo_fisico/share/servo_sirvo_fisico/models/puzzlebot_camera/meshes
[0.786s] copying models/puzzlebot_camera/meshes/chassis1.dae -> /home/victorn65/ros2_ws/src/servo_sirvo_fisico/install/servo_sirvo_fisico/share/servo_sirvo_fisico/models/puzzlebot_camera/meshes
[0.802s] copying models/puzzlebot_camera/meshes/wheel.dae -> /home/victorn65/ros2_ws/src/servo_sirvo_fisico/install/servo_sirvo_fisico/share/servo_sirvo_fisico/models/puzzlebot_camera/meshes
[0.802s] creating /home/victorn65/ros2_ws/src/servo_sirvo_fisico/install/servo_sirvo_fisico/share/servo_sirvo_fisico/models/aruco_4x4_50_0
[0.802s] copying models/aruco_4x4_50_0/model.sdf -> /home/victorn65/ros2_ws/src/servo_sirvo_fisico/install/servo_sirvo_fisico/share/servo_sirvo_fisico/models/aruco_4x4_50_0
[0.803s] copying models/aruco_4x4_50_0/model.config -> /home/victorn65/ros2_ws/src/servo_sirvo_fisico/install/servo_sirvo_fisico/share/servo_sirvo_fisico/models/aruco_4x4_50_0
[0.803s] creating /home/victorn65/ros2_ws/src/servo_sirvo_fisico/install/servo_sirvo_fisico/share/servo_sirvo_fisico/models/aruco_4x4_50_0/materials
[0.803s] creating /home/victorn65/ros2_ws/src/servo_sirvo_fisico/install/servo_sirvo_fisico/share/servo_sirvo_fisico/models/aruco_4x4_50_0/materials/textures
[0.803s] copying models/aruco_4x4_50_0/materials/textures/aruco_4x4_50_0.png -> /home/victorn65/ros2_ws/src/servo_sirvo_fisico/install/servo_sirvo_fisico/share/servo_sirvo_fisico/models/aruco_4x4_50_0/materials/textures
[0.803s] creating /home/victorn65/ros2_ws/src/servo_sirvo_fisico/install/servo_sirvo_fisico/share/servo_sirvo_fisico/models/aruco_4x4_50_0/meshes
[0.803s] copying models/aruco_4x4_50_0/meshes/aruco_4x4_50_0.dae -> /home/victorn65/ros2_ws/src/servo_sirvo_fisico/install/servo_sirvo_fisico/share/servo_sirvo_fisico/models/aruco_4x4_50_0/meshes
[0.803s] creating /home/victorn65/ros2_ws/src/servo_sirvo_fisico/install/servo_sirvo_fisico/share/servo_sirvo_fisico/models/plugins
[0.803s] copying models/plugins/libDiffDynamicPlugin.so -> /home/victorn65/ros2_ws/src/servo_sirvo_fisico/install/servo_sirvo_fisico/share/servo_sirvo_fisico/models/plugins
[0.805s] creating /home/victorn65/ros2_ws/src/servo_sirvo_fisico/install/servo_sirvo_fisico/share/servo_sirvo_fisico/models/goal_marker_2
[0.805s] copying models/goal_marker_2/model.sdf -> /home/victorn65/ros2_ws/src/servo_sirvo_fisico/install/servo_sirvo_fisico/share/servo_sirvo_fisico/models/goal_marker_2
[0.805s] copying models/goal_marker_2/model.config -> /home/victorn65/ros2_ws/src/servo_sirvo_fisico/install/servo_sirvo_fisico/share/servo_sirvo_fisico/models/goal_marker_2
[0.805s] creating /home/victorn65/ros2_ws/src/servo_sirvo_fisico/install/servo_sirvo_fisico/share/servo_sirvo_fisico/models/goal_marker_2/materials
[0.805s] creating /home/victorn65/ros2_ws/src/servo_sirvo_fisico/install/servo_sirvo_fisico/share/servo_sirvo_fisico/models/goal_marker_2/materials/textures
[0.805s] copying models/goal_marker_2/materials/textures/mcr2_goal_2.png -> /home/victorn65/ros2_ws/src/servo_sirvo_fisico/install/servo_sirvo_fisico/share/servo_sirvo_fisico/models/goal_marker_2/materials/textures
[0.805s] creating /home/victorn65/ros2_ws/src/servo_sirvo_fisico/install/servo_sirvo_fisico/share/servo_sirvo_fisico/models/aruco001_cv
[0.805s] copying models/aruco001_cv/model.sdf -> /home/victorn65/ros2_ws/src/servo_sirvo_fisico/install/servo_sirvo_fisico/share/servo_sirvo_fisico/models/aruco001_cv
[0.805s] copying models/aruco001_cv/model.config -> /home/victorn65/ros2_ws/src/servo_sirvo_fisico/install/servo_sirvo_fisico/share/servo_sirvo_fisico/models/aruco001_cv
[0.805s] creating /home/victorn65/ros2_ws/src/servo_sirvo_fisico/install/servo_sirvo_fisico/share/servo_sirvo_fisico/models/aruco001_cv/materials
[0.805s] creating /home/victorn65/ros2_ws/src/servo_sirvo_fisico/install/servo_sirvo_fisico/share/servo_sirvo_fisico/models/aruco001_cv/materials/textures
[0.805s] copying models/aruco001_cv/materials/textures/4x4_50_001.png -> /home/victorn65/ros2_ws/src/servo_sirvo_fisico/install/servo_sirvo_fisico/share/servo_sirvo_fisico/models/aruco001_cv/materials/textures
[0.805s] creating /home/victorn65/ros2_ws/src/servo_sirvo_fisico/install/servo_sirvo_fisico/share/servo_sirvo_fisico/models/aruco001_cv/meshes
[0.806s] copying models/aruco001_cv/meshes/aruco001.dae -> /home/victorn65/ros2_ws/src/servo_sirvo_fisico/install/servo_sirvo_fisico/share/servo_sirvo_fisico/models/aruco001_cv/meshes
[0.806s] creating /home/victorn65/ros2_ws/src/servo_sirvo_fisico/install/servo_sirvo_fisico/share/servo_sirvo_fisico/models/goal_marker_4
[0.806s] copying models/goal_marker_4/model.sdf -> /home/victorn65/ros2_ws/src/servo_sirvo_fisico/install/servo_sirvo_fisico/share/servo_sirvo_fisico/models/goal_marker_4
[0.806s] copying models/goal_marker_4/model.config -> /home/victorn65/ros2_ws/src/servo_sirvo_fisico/install/servo_sirvo_fisico/share/servo_sirvo_fisico/models/goal_marker_4
[0.806s] creating /home/victorn65/ros2_ws/src/servo_sirvo_fisico/install/servo_sirvo_fisico/share/servo_sirvo_fisico/models/goal_marker_4/materials
[0.806s] creating /home/victorn65/ros2_ws/src/servo_sirvo_fisico/install/servo_sirvo_fisico/share/servo_sirvo_fisico/models/goal_marker_4/materials/textures
[0.806s] copying models/goal_marker_4/materials/textures/mcr2_goal_4.png -> /home/victorn65/ros2_ws/src/servo_sirvo_fisico/install/servo_sirvo_fisico/share/servo_sirvo_fisico/models/goal_marker_4/materials/textures
[0.806s] creating /home/victorn65/ros2_ws/src/servo_sirvo_fisico/install/servo_sirvo_fisico/share/servo_sirvo_fisico/models/puzzlebot_base
[0.806s] copying models/puzzlebot_base/model.sdf -> /home/victorn65/ros2_ws/src/servo_sirvo_fisico/install/servo_sirvo_fisico/share/servo_sirvo_fisico/models/puzzlebot_base
[0.806s] copying models/puzzlebot_base/model.config -> /home/victorn65/ros2_ws/src/servo_sirvo_fisico/install/servo_sirvo_fisico/share/servo_sirvo_fisico/models/puzzlebot_base
[0.806s] creating /home/victorn65/ros2_ws/src/servo_sirvo_fisico/install/servo_sirvo_fisico/share/servo_sirvo_fisico/models/puzzlebot_base/materials
[0.806s] creating /home/victorn65/ros2_ws/src/servo_sirvo_fisico/install/servo_sirvo_fisico/share/servo_sirvo_fisico/models/puzzlebot_base/materials/textures
[0.806s] copying models/puzzlebot_base/materials/textures/puzzlebot_wood_6.png -> /home/victorn65/ros2_ws/src/servo_sirvo_fisico/install/servo_sirvo_fisico/share/servo_sirvo_fisico/models/puzzlebot_base/materials/textures
[0.807s] creating /home/victorn65/ros2_ws/src/servo_sirvo_fisico/install/servo_sirvo_fisico/share/servo_sirvo_fisico/models/avoidance_world_2
[0.807s] copying models/avoidance_world_2/model.sdf -> /home/victorn65/ros2_ws/src/servo_sirvo_fisico/install/servo_sirvo_fisico/share/servo_sirvo_fisico/models/avoidance_world_2
[0.807s] copying models/avoidance_world_2/model.config -> /home/victorn65/ros2_ws/src/servo_sirvo_fisico/install/servo_sirvo_fisico/share/servo_sirvo_fisico/models/avoidance_world_2
[0.807s] creating /home/victorn65/ros2_ws/src/servo_sirvo_fisico/install/servo_sirvo_fisico/share/servo_sirvo_fisico/models/aruco003_cv
[0.807s] copying models/aruco003_cv/model.sdf -> /home/victorn65/ros2_ws/src/servo_sirvo_fisico/install/servo_sirvo_fisico/share/servo_sirvo_fisico/models/aruco003_cv
[0.807s] copying models/aruco003_cv/model.config -> /home/victorn65/ros2_ws/src/servo_sirvo_fisico/install/servo_sirvo_fisico/share/servo_sirvo_fisico/models/aruco003_cv
[0.808s] creating /home/victorn65/ros2_ws/src/servo_sirvo_fisico/install/servo_sirvo_fisico/share/servo_sirvo_fisico/models/aruco003_cv/materials
[0.808s] creating /home/victorn65/ros2_ws/src/servo_sirvo_fisico/install/servo_sirvo_fisico/share/servo_sirvo_fisico/models/aruco003_cv/materials/textures
[0.808s] copying models/aruco003_cv/materials/textures/4x4_50_003.png -> /home/victorn65/ros2_ws/src/servo_sirvo_fisico/install/servo_sirvo_fisico/share/servo_sirvo_fisico/models/aruco003_cv/materials/textures
[0.808s] creating /home/victorn65/ros2_ws/src/servo_sirvo_fisico/install/servo_sirvo_fisico/share/servo_sirvo_fisico/models/aruco003_cv/meshes
[0.808s] copying models/aruco003_cv/meshes/aruco003.dae -> /home/victorn65/ros2_ws/src/servo_sirvo_fisico/install/servo_sirvo_fisico/share/servo_sirvo_fisico/models/aruco003_cv/meshes
[0.808s] creating /home/victorn65/ros2_ws/src/servo_sirvo_fisico/install/servo_sirvo_fisico/share/servo_sirvo_fisico/models/aruco_marker_0
[0.808s] copying models/aruco_marker_0/model.sdf -> /home/victorn65/ros2_ws/src/servo_sirvo_fisico/install/servo_sirvo_fisico/share/servo_sirvo_fisico/models/aruco_marker_0
[0.808s] copying models/aruco_marker_0/model.config -> /home/victorn65/ros2_ws/src/servo_sirvo_fisico/install/servo_sirvo_fisico/share/servo_sirvo_fisico/models/aruco_marker_0
[0.808s] creating /home/victorn65/ros2_ws/src/servo_sirvo_fisico/install/servo_sirvo_fisico/share/servo_sirvo_fisico/models/aruco_marker_0/materials
[0.808s] creating /home/victorn65/ros2_ws/src/servo_sirvo_fisico/install/servo_sirvo_fisico/share/servo_sirvo_fisico/models/aruco_marker_0/materials/textures
[0.808s] copying models/aruco_marker_0/materials/textures/marker0.png -> /home/victorn65/ros2_ws/src/servo_sirvo_fisico/install/servo_sirvo_fisico/share/servo_sirvo_fisico/models/aruco_marker_0/materials/textures
[0.808s] creating /home/victorn65/ros2_ws/src/servo_sirvo_fisico/install/servo_sirvo_fisico/share/servo_sirvo_fisico/models/aruco001
[0.808s] copying models/aruco001/model.sdf -> /home/victorn65/ros2_ws/src/servo_sirvo_fisico/install/servo_sirvo_fisico/share/servo_sirvo_fisico/models/aruco001
[0.808s] copying models/aruco001/model.config -> /home/victorn65/ros2_ws/src/servo_sirvo_fisico/install/servo_sirvo_fisico/share/servo_sirvo_fisico/models/aruco001
[0.809s] creating /home/victorn65/ros2_ws/src/servo_sirvo_fisico/install/servo_sirvo_fisico/share/servo_sirvo_fisico/models/aruco001/materials
[0.809s] creating /home/victorn65/ros2_ws/src/servo_sirvo_fisico/install/servo_sirvo_fisico/share/servo_sirvo_fisico/models/aruco001/materials/textures
[0.809s] copying models/aruco001/materials/textures/16h3_001.png -> /home/victorn65/ros2_ws/src/servo_sirvo_fisico/install/servo_sirvo_fisico/share/servo_sirvo_fisico/models/aruco001/materials/textures
[0.809s] creating /home/victorn65/ros2_ws/src/servo_sirvo_fisico/install/servo_sirvo_fisico/share/servo_sirvo_fisico/models/aruco001/meshes
[0.809s] copying models/aruco001/meshes/aruco001.dae -> /home/victorn65/ros2_ws/src/servo_sirvo_fisico/install/servo_sirvo_fisico/share/servo_sirvo_fisico/models/aruco001/meshes
[0.809s] creating /home/victorn65/ros2_ws/src/servo_sirvo_fisico/install/servo_sirvo_fisico/share/servo_sirvo_fisico/models/avoidance_world_3
[0.809s] copying models/avoidance_world_3/model.sdf -> /home/victorn65/ros2_ws/src/servo_sirvo_fisico/install/servo_sirvo_fisico/share/servo_sirvo_fisico/models/avoidance_world_3
[0.809s] copying models/avoidance_world_3/model.config -> /home/victorn65/ros2_ws/src/servo_sirvo_fisico/install/servo_sirvo_fisico/share/servo_sirvo_fisico/models/avoidance_world_3
[0.809s] creating /home/victorn65/ros2_ws/src/servo_sirvo_fisico/install/servo_sirvo_fisico/share/servo_sirvo_fisico/models/modulo3_world
[0.810s] copying models/modulo3_world/model.sdf -> /home/victorn65/ros2_ws/src/servo_sirvo_fisico/install/servo_sirvo_fisico/share/servo_sirvo_fisico/models/modulo3_world
[0.810s] copying models/modulo3_world/model.config -> /home/victorn65/ros2_ws/src/servo_sirvo_fisico/install/servo_sirvo_fisico/share/servo_sirvo_fisico/models/modulo3_world
[0.810s] creating /home/victorn65/ros2_ws/src/servo_sirvo_fisico/install/servo_sirvo_fisico/share/servo_sirvo_fisico/models/puzzlebot_lidar
[0.810s] copying models/puzzlebot_lidar/model.sdf -> /home/victorn65/ros2_ws/src/servo_sirvo_fisico/install/servo_sirvo_fisico/share/servo_sirvo_fisico/models/puzzlebot_lidar
[0.810s] copying models/puzzlebot_lidar/model.config -> /home/victorn65/ros2_ws/src/servo_sirvo_fisico/install/servo_sirvo_fisico/share/servo_sirvo_fisico/models/puzzlebot_lidar
[0.810s] creating /home/victorn65/ros2_ws/src/servo_sirvo_fisico/install/servo_sirvo_fisico/share/servo_sirvo_fisico/models/puzzlebot_lidar/meshes
[0.810s] copying models/puzzlebot_lidar/meshes/chassis1.dae -> /home/victorn65/ros2_ws/src/servo_sirvo_fisico/install/servo_sirvo_fisico/share/servo_sirvo_fisico/models/puzzlebot_lidar/meshes
[0.826s] copying models/puzzlebot_lidar/meshes/wheel.dae -> /home/victorn65/ros2_ws/src/servo_sirvo_fisico/install/servo_sirvo_fisico/share/servo_sirvo_fisico/models/puzzlebot_lidar/meshes
[0.826s] creating /home/victorn65/ros2_ws/src/servo_sirvo_fisico/install/servo_sirvo_fisico/share/servo_sirvo_fisico/models/materials
[0.827s] copying models/materials/wood.jpg -> /home/victorn65/ros2_ws/src/servo_sirvo_fisico/install/servo_sirvo_fisico/share/servo_sirvo_fisico/models/materials
[0.827s] creating /home/victorn65/ros2_ws/src/servo_sirvo_fisico/install/servo_sirvo_fisico/share/servo_sirvo_fisico/models/aruco_marker_3
[0.827s] copying models/aruco_marker_3/model.sdf -> /home/victorn65/ros2_ws/src/servo_sirvo_fisico/install/servo_sirvo_fisico/share/servo_sirvo_fisico/models/aruco_marker_3
[0.827s] copying models/aruco_marker_3/model.config -> /home/victorn65/ros2_ws/src/servo_sirvo_fisico/install/servo_sirvo_fisico/share/servo_sirvo_fisico/models/aruco_marker_3
[0.827s] creating /home/victorn65/ros2_ws/src/servo_sirvo_fisico/install/servo_sirvo_fisico/share/servo_sirvo_fisico/models/aruco_marker_3/materials
[0.827s] creating /home/victorn65/ros2_ws/src/servo_sirvo_fisico/install/servo_sirvo_fisico/share/servo_sirvo_fisico/models/aruco_marker_3/materials/textures
[0.827s] copying models/aruco_marker_3/materials/textures/marker3.png -> /home/victorn65/ros2_ws/src/servo_sirvo_fisico/install/servo_sirvo_fisico/share/servo_sirvo_fisico/models/aruco_marker_3/materials/textures
[0.827s] creating /home/victorn65/ros2_ws/src/servo_sirvo_fisico/install/servo_sirvo_fisico/share/servo_sirvo_fisico/models/aruco_4x4_50_2
[0.827s] copying models/aruco_4x4_50_2/model.sdf -> /home/victorn65/ros2_ws/src/servo_sirvo_fisico/install/servo_sirvo_fisico/share/servo_sirvo_fisico/models/aruco_4x4_50_2
[0.828s] copying models/aruco_4x4_50_2/model.config -> /home/victorn65/ros2_ws/src/servo_sirvo_fisico/install/servo_sirvo_fisico/share/servo_sirvo_fisico/models/aruco_4x4_50_2
[0.828s] creating /home/victorn65/ros2_ws/src/servo_sirvo_fisico/install/servo_sirvo_fisico/share/servo_sirvo_fisico/models/aruco_4x4_50_2/materials
[0.828s] creating /home/victorn65/ros2_ws/src/servo_sirvo_fisico/install/servo_sirvo_fisico/share/servo_sirvo_fisico/models/aruco_4x4_50_2/materials/textures
[0.828s] copying models/aruco_4x4_50_2/materials/textures/aruco_4x4_50_2.png -> /home/victorn65/ros2_ws/src/servo_sirvo_fisico/install/servo_sirvo_fisico/share/servo_sirvo_fisico/models/aruco_4x4_50_2/materials/textures
[0.828s] creating /home/victorn65/ros2_ws/src/servo_sirvo_fisico/install/servo_sirvo_fisico/share/servo_sirvo_fisico/models/aruco_4x4_50_2/meshes
[0.828s] copying models/aruco_4x4_50_2/meshes/aruco_4x4_50_2.dae -> /home/victorn65/ros2_ws/src/servo_sirvo_fisico/install/servo_sirvo_fisico/share/servo_sirvo_fisico/models/aruco_4x4_50_2/meshes
[0.828s] creating /home/victorn65/ros2_ws/src/servo_sirvo_fisico/install/servo_sirvo_fisico/share/servo_sirvo_fisico/models/aruco000_cv
[0.828s] copying models/aruco000_cv/model.sdf -> /home/victorn65/ros2_ws/src/servo_sirvo_fisico/install/servo_sirvo_fisico/share/servo_sirvo_fisico/models/aruco000_cv
[0.828s] copying models/aruco000_cv/model.config -> /home/victorn65/ros2_ws/src/servo_sirvo_fisico/install/servo_sirvo_fisico/share/servo_sirvo_fisico/models/aruco000_cv
[0.828s] creating /home/victorn65/ros2_ws/src/servo_sirvo_fisico/install/servo_sirvo_fisico/share/servo_sirvo_fisico/models/aruco000_cv/materials
[0.828s] creating /home/victorn65/ros2_ws/src/servo_sirvo_fisico/install/servo_sirvo_fisico/share/servo_sirvo_fisico/models/aruco000_cv/materials/textures
[0.828s] copying models/aruco000_cv/materials/textures/4x4_50_000.png -> /home/victorn65/ros2_ws/src/servo_sirvo_fisico/install/servo_sirvo_fisico/share/servo_sirvo_fisico/models/aruco000_cv/materials/textures
[0.828s] creating /home/victorn65/ros2_ws/src/servo_sirvo_fisico/install/servo_sirvo_fisico/share/servo_sirvo_fisico/models/aruco000_cv/meshes
[0.828s] copying models/aruco000_cv/meshes/aruco000.dae -> /home/victorn65/ros2_ws/src/servo_sirvo_fisico/install/servo_sirvo_fisico/share/servo_sirvo_fisico/models/aruco000_cv/meshes
[0.828s] creating /home/victorn65/ros2_ws/src/servo_sirvo_fisico/install/servo_sirvo_fisico/share/servo_sirvo_fisico/models/goal_marker_1
[0.828s] copying models/goal_marker_1/model.sdf -> /home/victorn65/ros2_ws/src/servo_sirvo_fisico/install/servo_sirvo_fisico/share/servo_sirvo_fisico/models/goal_marker_1
[0.828s] copying models/goal_marker_1/model.config -> /home/victorn65/ros2_ws/src/servo_sirvo_fisico/install/servo_sirvo_fisico/share/servo_sirvo_fisico/models/goal_marker_1
[0.828s] creating /home/victorn65/ros2_ws/src/servo_sirvo_fisico/install/servo_sirvo_fisico/share/servo_sirvo_fisico/models/goal_marker_1/materials
[0.829s] creating /home/victorn65/ros2_ws/src/servo_sirvo_fisico/install/servo_sirvo_fisico/share/servo_sirvo_fisico/models/goal_marker_1/materials/textures
[0.829s] copying models/goal_marker_1/materials/textures/mcr2_goal_1.png -> /home/victorn65/ros2_ws/src/servo_sirvo_fisico/install/servo_sirvo_fisico/share/servo_sirvo_fisico/models/goal_marker_1/materials/textures
[0.829s] creating /home/victorn65/ros2_ws/src/servo_sirvo_fisico/install/servo_sirvo_fisico/share/servo_sirvo_fisico/models/puzzlebot
[0.829s] copying models/puzzlebot/model.sdf -> /home/victorn65/ros2_ws/src/servo_sirvo_fisico/install/servo_sirvo_fisico/share/servo_sirvo_fisico/models/puzzlebot
[0.829s] copying models/puzzlebot/model.config -> /home/victorn65/ros2_ws/src/servo_sirvo_fisico/install/servo_sirvo_fisico/share/servo_sirvo_fisico/models/puzzlebot
[0.829s] creating /home/victorn65/ros2_ws/src/servo_sirvo_fisico/install/servo_sirvo_fisico/share/servo_sirvo_fisico/models/puzzlebot/meshes
[0.829s] copying models/puzzlebot/meshes/box13_16.blend -> /home/victorn65/ros2_ws/src/servo_sirvo_fisico/install/servo_sirvo_fisico/share/servo_sirvo_fisico/models/puzzlebot/meshes
[0.830s] copying models/puzzlebot/meshes/camera.stl -> /home/victorn65/ros2_ws/src/servo_sirvo_fisico/install/servo_sirvo_fisico/share/servo_sirvo_fisico/models/puzzlebot/meshes
[0.831s] copying models/puzzlebot/meshes/wheel.blend -> /home/victorn65/ros2_ws/src/servo_sirvo_fisico/install/servo_sirvo_fisico/share/servo_sirvo_fisico/models/puzzlebot/meshes
[0.833s] copying models/puzzlebot/meshes/chassis1.dae -> /home/victorn65/ros2_ws/src/servo_sirvo_fisico/install/servo_sirvo_fisico/share/servo_sirvo_fisico/models/puzzlebot/meshes
[0.849s] copying models/puzzlebot/meshes/world_wall1.blend -> /home/victorn65/ros2_ws/src/servo_sirvo_fisico/install/servo_sirvo_fisico/share/servo_sirvo_fisico/models/puzzlebot/meshes
[0.850s] copying models/puzzlebot/meshes/wheel.blend1 -> /home/victorn65/ros2_ws/src/servo_sirvo_fisico/install/servo_sirvo_fisico/share/servo_sirvo_fisico/models/puzzlebot/meshes
[0.851s] copying models/puzzlebot/meshes/wheel.dae -> /home/victorn65/ros2_ws/src/servo_sirvo_fisico/install/servo_sirvo_fisico/share/servo_sirvo_fisico/models/puzzlebot/meshes
[0.852s] copying models/puzzlebot/meshes/world_wall1.blend1 -> /home/victorn65/ros2_ws/src/servo_sirvo_fisico/install/servo_sirvo_fisico/share/servo_sirvo_fisico/models/puzzlebot/meshes
[0.853s] copying models/puzzlebot/meshes/box9_12.blend -> /home/victorn65/ros2_ws/src/servo_sirvo_fisico/install/servo_sirvo_fisico/share/servo_sirvo_fisico/models/puzzlebot/meshes
[0.854s] copying models/puzzlebot/meshes/box1_4.blend1 -> /home/victorn65/ros2_ws/src/servo_sirvo_fisico/install/servo_sirvo_fisico/share/servo_sirvo_fisico/models/puzzlebot/meshes
[0.855s] copying models/puzzlebot/meshes/box1-5.blend -> /home/victorn65/ros2_ws/src/servo_sirvo_fisico/install/servo_sirvo_fisico/share/servo_sirvo_fisico/models/puzzlebot/meshes
[0.856s] copying models/puzzlebot/meshes/box5_8.blend -> /home/victorn65/ros2_ws/src/servo_sirvo_fisico/install/servo_sirvo_fisico/share/servo_sirvo_fisico/models/puzzlebot/meshes
[0.856s] copying models/puzzlebot/meshes/chassis1.blend -> /home/victorn65/ros2_ws/src/servo_sirvo_fisico/install/servo_sirvo_fisico/share/servo_sirvo_fisico/models/puzzlebot/meshes
[0.875s] copying models/puzzlebot/meshes/chassis1.blend1 -> /home/victorn65/ros2_ws/src/servo_sirvo_fisico/install/servo_sirvo_fisico/share/servo_sirvo_fisico/models/puzzlebot/meshes
[0.893s] copying models/puzzlebot/meshes/chassis.stl -> /home/victorn65/ros2_ws/src/servo_sirvo_fisico/install/servo_sirvo_fisico/share/servo_sirvo_fisico/models/puzzlebot/meshes
[0.906s] copying models/puzzlebot/meshes/wheel.stl -> /home/victorn65/ros2_ws/src/servo_sirvo_fisico/install/servo_sirvo_fisico/share/servo_sirvo_fisico/models/puzzlebot/meshes
[0.906s] copying models/puzzlebot/meshes/box5_8.blend1 -> /home/victorn65/ros2_ws/src/servo_sirvo_fisico/install/servo_sirvo_fisico/share/servo_sirvo_fisico/models/puzzlebot/meshes
[0.907s] creating /home/victorn65/ros2_ws/src/servo_sirvo_fisico/install/servo_sirvo_fisico/share/servo_sirvo_fisico/models/blue_colored_box
[0.907s] copying models/blue_colored_box/model.sdf -> /home/victorn65/ros2_ws/src/servo_sirvo_fisico/install/servo_sirvo_fisico/share/servo_sirvo_fisico/models/blue_colored_box
[0.907s] copying models/blue_colored_box/model.config -> /home/victorn65/ros2_ws/src/servo_sirvo_fisico/install/servo_sirvo_fisico/share/servo_sirvo_fisico/models/blue_colored_box
[0.908s] creating /home/victorn65/ros2_ws/src/servo_sirvo_fisico/install/servo_sirvo_fisico/share/servo_sirvo_fisico/models/aruco_marker_5
[0.908s] copying models/aruco_marker_5/model.sdf -> /home/victorn65/ros2_ws/src/servo_sirvo_fisico/install/servo_sirvo_fisico/share/servo_sirvo_fisico/models/aruco_marker_5
[0.908s] copying models/aruco_marker_5/model.config -> /home/victorn65/ros2_ws/src/servo_sirvo_fisico/install/servo_sirvo_fisico/share/servo_sirvo_fisico/models/aruco_marker_5
[0.908s] creating /home/victorn65/ros2_ws/src/servo_sirvo_fisico/install/servo_sirvo_fisico/share/servo_sirvo_fisico/models/aruco_marker_5/materials
[0.908s] creating /home/victorn65/ros2_ws/src/servo_sirvo_fisico/install/servo_sirvo_fisico/share/servo_sirvo_fisico/models/aruco_marker_5/materials/textures
[0.908s] copying models/aruco_marker_5/materials/textures/marker5.png -> /home/victorn65/ros2_ws/src/servo_sirvo_fisico/install/servo_sirvo_fisico/share/servo_sirvo_fisico/models/aruco_marker_5/materials/textures
[0.908s] creating /home/victorn65/ros2_ws/src/servo_sirvo_fisico/install/servo_sirvo_fisico/share/servo_sirvo_fisico/models/aruco002_cv
[0.908s] copying models/aruco002_cv/model.sdf -> /home/victorn65/ros2_ws/src/servo_sirvo_fisico/install/servo_sirvo_fisico/share/servo_sirvo_fisico/models/aruco002_cv
[0.909s] copying models/aruco002_cv/model.config -> /home/victorn65/ros2_ws/src/servo_sirvo_fisico/install/servo_sirvo_fisico/share/servo_sirvo_fisico/models/aruco002_cv
[0.909s] creating /home/victorn65/ros2_ws/src/servo_sirvo_fisico/install/servo_sirvo_fisico/share/servo_sirvo_fisico/models/aruco002_cv/materials
[0.909s] creating /home/victorn65/ros2_ws/src/servo_sirvo_fisico/install/servo_sirvo_fisico/share/servo_sirvo_fisico/models/aruco002_cv/materials/textures
[0.909s] copying models/aruco002_cv/materials/textures/4x4_50_002.png -> /home/victorn65/ros2_ws/src/servo_sirvo_fisico/install/servo_sirvo_fisico/share/servo_sirvo_fisico/models/aruco002_cv/materials/textures
[0.909s] creating /home/victorn65/ros2_ws/src/servo_sirvo_fisico/install/servo_sirvo_fisico/share/servo_sirvo_fisico/models/aruco002_cv/meshes
[0.909s] copying models/aruco002_cv/meshes/aruco002.dae -> /home/victorn65/ros2_ws/src/servo_sirvo_fisico/install/servo_sirvo_fisico/share/servo_sirvo_fisico/models/aruco002_cv/meshes
[0.909s] creating /home/victorn65/ros2_ws/src/servo_sirvo_fisico/install/servo_sirvo_fisico/share/servo_sirvo_fisico/models/puzzlebot_track
[0.909s] copying models/puzzlebot_track/model.sdf -> /home/victorn65/ros2_ws/src/servo_sirvo_fisico/install/servo_sirvo_fisico/share/servo_sirvo_fisico/models/puzzlebot_track
[0.909s] copying models/puzzlebot_track/model.config -> /home/victorn65/ros2_ws/src/servo_sirvo_fisico/install/servo_sirvo_fisico/share/servo_sirvo_fisico/models/puzzlebot_track
[0.909s] creating /home/victorn65/ros2_ws/src/servo_sirvo_fisico/install/servo_sirvo_fisico/share/servo_sirvo_fisico/models/puzzlebot_track/materials
[0.909s] creating /home/victorn65/ros2_ws/src/servo_sirvo_fisico/install/servo_sirvo_fisico/share/servo_sirvo_fisico/models/puzzlebot_track/materials/textures
[0.909s] copying models/puzzlebot_track/materials/textures/puzzlebot_track.png -> /home/victorn65/ros2_ws/src/servo_sirvo_fisico/install/servo_sirvo_fisico/share/servo_sirvo_fisico/models/puzzlebot_track/materials/textures
[0.909s] creating /home/victorn65/ros2_ws/src/servo_sirvo_fisico/install/servo_sirvo_fisico/share/servo_sirvo_fisico/models/aruco_4x4_50_3
[0.909s] copying models/aruco_4x4_50_3/model.sdf -> /home/victorn65/ros2_ws/src/servo_sirvo_fisico/install/servo_sirvo_fisico/share/servo_sirvo_fisico/models/aruco_4x4_50_3
[0.909s] copying models/aruco_4x4_50_3/model.config -> /home/victorn65/ros2_ws/src/servo_sirvo_fisico/install/servo_sirvo_fisico/share/servo_sirvo_fisico/models/aruco_4x4_50_3
[0.909s] creating /home/victorn65/ros2_ws/src/servo_sirvo_fisico/install/servo_sirvo_fisico/share/servo_sirvo_fisico/models/aruco_4x4_50_3/materials
[0.909s] creating /home/victorn65/ros2_ws/src/servo_sirvo_fisico/install/servo_sirvo_fisico/share/servo_sirvo_fisico/models/aruco_4x4_50_3/materials/textures
[0.909s] copying models/aruco_4x4_50_3/materials/textures/aruco_4x4_50_3.png -> /home/victorn65/ros2_ws/src/servo_sirvo_fisico/install/servo_sirvo_fisico/share/servo_sirvo_fisico/models/aruco_4x4_50_3/materials/textures
[0.910s] creating /home/victorn65/ros2_ws/src/servo_sirvo_fisico/install/servo_sirvo_fisico/share/servo_sirvo_fisico/models/aruco_4x4_50_3/meshes
[0.910s] copying models/aruco_4x4_50_3/meshes/aruco_4x4_50_3.dae -> /home/victorn65/ros2_ws/src/servo_sirvo_fisico/install/servo_sirvo_fisico/share/servo_sirvo_fisico/models/aruco_4x4_50_3/meshes
[0.910s] creating /home/victorn65/ros2_ws/src/servo_sirvo_fisico/install/servo_sirvo_fisico/share/servo_sirvo_fisico/models/avoidance_world_4
[0.910s] copying models/avoidance_world_4/model.sdf -> /home/victorn65/ros2_ws/src/servo_sirvo_fisico/install/servo_sirvo_fisico/share/servo_sirvo_fisico/models/avoidance_world_4
[0.910s] copying models/avoidance_world_4/model.config -> /home/victorn65/ros2_ws/src/servo_sirvo_fisico/install/servo_sirvo_fisico/share/servo_sirvo_fisico/models/avoidance_world_4
[0.910s] creating /home/victorn65/ros2_ws/src/servo_sirvo_fisico/install/servo_sirvo_fisico/share/servo_sirvo_fisico/models/aruco002
[0.910s] copying models/aruco002/model.sdf -> /home/victorn65/ros2_ws/src/servo_sirvo_fisico/install/servo_sirvo_fisico/share/servo_sirvo_fisico/models/aruco002
[0.910s] copying models/aruco002/model.config -> /home/victorn65/ros2_ws/src/servo_sirvo_fisico/install/servo_sirvo_fisico/share/servo_sirvo_fisico/models/aruco002
[0.910s] creating /home/victorn65/ros2_ws/src/servo_sirvo_fisico/install/servo_sirvo_fisico/share/servo_sirvo_fisico/models/aruco002/materials
[0.910s] creating /home/victorn65/ros2_ws/src/servo_sirvo_fisico/install/servo_sirvo_fisico/share/servo_sirvo_fisico/models/aruco002/materials/textures
[0.910s] copying models/aruco002/materials/textures/16h3_002.png -> /home/victorn65/ros2_ws/src/servo_sirvo_fisico/install/servo_sirvo_fisico/share/servo_sirvo_fisico/models/aruco002/materials/textures
[0.910s] creating /home/victorn65/ros2_ws/src/servo_sirvo_fisico/install/servo_sirvo_fisico/share/servo_sirvo_fisico/models/aruco002/meshes
[0.910s] copying models/aruco002/meshes/aruco002.dae -> /home/victorn65/ros2_ws/src/servo_sirvo_fisico/install/servo_sirvo_fisico/share/servo_sirvo_fisico/models/aruco002/meshes
[0.910s] creating /home/victorn65/ros2_ws/src/servo_sirvo_fisico/install/servo_sirvo_fisico/share/servo_sirvo_fisico/models/empty
[0.910s] copying models/empty/model.sdf -> /home/victorn65/ros2_ws/src/servo_sirvo_fisico/install/servo_sirvo_fisico/share/servo_sirvo_fisico/models/empty
[0.910s] copying models/empty/model.config -> /home/victorn65/ros2_ws/src/servo_sirvo_fisico/install/servo_sirvo_fisico/share/servo_sirvo_fisico/models/empty
[0.911s] creating /home/victorn65/ros2_ws/src/servo_sirvo_fisico/install/servo_sirvo_fisico/share/servo_sirvo_fisico/models/simple_light
[0.911s] copying models/simple_light/model.sdf -> /home/victorn65/ros2_ws/src/servo_sirvo_fisico/install/servo_sirvo_fisico/share/servo_sirvo_fisico/models/simple_light
[0.911s] copying models/simple_light/model.config -> /home/victorn65/ros2_ws/src/servo_sirvo_fisico/install/servo_sirvo_fisico/share/servo_sirvo_fisico/models/simple_light
[0.911s] creating /home/victorn65/ros2_ws/src/servo_sirvo_fisico/install/servo_sirvo_fisico/share/servo_sirvo_fisico/models/aruco003
[0.911s] copying models/aruco003/model.sdf -> /home/victorn65/ros2_ws/src/servo_sirvo_fisico/install/servo_sirvo_fisico/share/servo_sirvo_fisico/models/aruco003
[0.911s] copying models/aruco003/model.config -> /home/victorn65/ros2_ws/src/servo_sirvo_fisico/install/servo_sirvo_fisico/share/servo_sirvo_fisico/models/aruco003
[0.911s] creating /home/victorn65/ros2_ws/src/servo_sirvo_fisico/install/servo_sirvo_fisico/share/servo_sirvo_fisico/models/aruco003/materials
[0.911s] creating /home/victorn65/ros2_ws/src/servo_sirvo_fisico/install/servo_sirvo_fisico/share/servo_sirvo_fisico/models/aruco003/materials/textures
[0.911s] copying models/aruco003/materials/textures/16h3_003.png -> /home/victorn65/ros2_ws/src/servo_sirvo_fisico/install/servo_sirvo_fisico/share/servo_sirvo_fisico/models/aruco003/materials/textures
[0.911s] creating /home/victorn65/ros2_ws/src/servo_sirvo_fisico/install/servo_sirvo_fisico/share/servo_sirvo_fisico/models/aruco003/meshes
[0.911s] copying models/aruco003/meshes/aruco003.dae -> /home/victorn65/ros2_ws/src/servo_sirvo_fisico/install/servo_sirvo_fisico/share/servo_sirvo_fisico/models/aruco003/meshes
[0.912s] creating /home/victorn65/ros2_ws/src/servo_sirvo_fisico/install/servo_sirvo_fisico/share/servo_sirvo_fisico/models/aruco_4x4_50_4
[0.912s] copying models/aruco_4x4_50_4/model.sdf -> /home/victorn65/ros2_ws/src/servo_sirvo_fisico/install/servo_sirvo_fisico/share/servo_sirvo_fisico/models/aruco_4x4_50_4
[0.912s] copying models/aruco_4x4_50_4/model.config -> /home/victorn65/ros2_ws/src/servo_sirvo_fisico/install/servo_sirvo_fisico/share/servo_sirvo_fisico/models/aruco_4x4_50_4
[0.912s] creating /home/victorn65/ros2_ws/src/servo_sirvo_fisico/install/servo_sirvo_fisico/share/servo_sirvo_fisico/models/aruco_4x4_50_4/materials
[0.912s] creating /home/victorn65/ros2_ws/src/servo_sirvo_fisico/install/servo_sirvo_fisico/share/servo_sirvo_fisico/models/aruco_4x4_50_4/materials/textures
[0.912s] copying models/aruco_4x4_50_4/materials/textures/aruco_4x4_50_4.png -> /home/victorn65/ros2_ws/src/servo_sirvo_fisico/install/servo_sirvo_fisico/share/servo_sirvo_fisico/models/aruco_4x4_50_4/materials/textures
[0.912s] creating /home/victorn65/ros2_ws/src/servo_sirvo_fisico/install/servo_sirvo_fisico/share/servo_sirvo_fisico/models/aruco_4x4_50_4/meshes
[0.912s] copying models/aruco_4x4_50_4/meshes/aruco_4x4_50_4.dae -> /home/victorn65/ros2_ws/src/servo_sirvo_fisico/install/servo_sirvo_fisico/share/servo_sirvo_fisico/models/aruco_4x4_50_4/meshes
[0.912s] creating /home/victorn65/ros2_ws/src/servo_sirvo_fisico/install/servo_sirvo_fisico/share/servo_sirvo_fisico/models/yellow_colored_box
[0.912s] copying models/yellow_colored_box/model.sdf -> /home/victorn65/ros2_ws/src/servo_sirvo_fisico/install/servo_sirvo_fisico/share/servo_sirvo_fisico/models/yellow_colored_box
[0.913s] copying models/yellow_colored_box/model.config -> /home/victorn65/ros2_ws/src/servo_sirvo_fisico/install/servo_sirvo_fisico/share/servo_sirvo_fisico/models/yellow_colored_box
[0.913s] creating /home/victorn65/ros2_ws/src/servo_sirvo_fisico/install/servo_sirvo_fisico/share/servo_sirvo_fisico/models/aruco_box
[0.913s] copying models/aruco_box/model.sdf -> /home/victorn65/ros2_ws/src/servo_sirvo_fisico/install/servo_sirvo_fisico/share/servo_sirvo_fisico/models/aruco_box
[0.913s] copying models/aruco_box/model.config -> /home/victorn65/ros2_ws/src/servo_sirvo_fisico/install/servo_sirvo_fisico/share/servo_sirvo_fisico/models/aruco_box
[0.913s] creating /home/victorn65/ros2_ws/src/servo_sirvo_fisico/install/servo_sirvo_fisico/share/servo_sirvo_fisico/models/aruco_box/materials
[0.913s] creating /home/victorn65/ros2_ws/src/servo_sirvo_fisico/install/servo_sirvo_fisico/share/servo_sirvo_fisico/models/aruco_box/materials/textures
[0.913s] copying models/aruco_box/materials/textures/marker4.png -> /home/victorn65/ros2_ws/src/servo_sirvo_fisico/install/servo_sirvo_fisico/share/servo_sirvo_fisico/models/aruco_box/materials/textures
[0.913s] copying models/aruco_box/materials/textures/marker5.png -> /home/victorn65/ros2_ws/src/servo_sirvo_fisico/install/servo_sirvo_fisico/share/servo_sirvo_fisico/models/aruco_box/materials/textures
[0.913s] copying models/aruco_box/materials/textures/marker1.png -> /home/victorn65/ros2_ws/src/servo_sirvo_fisico/install/servo_sirvo_fisico/share/servo_sirvo_fisico/models/aruco_box/materials/textures
[0.913s] copying models/aruco_box/materials/textures/marker0.png -> /home/victorn65/ros2_ws/src/servo_sirvo_fisico/install/servo_sirvo_fisico/share/servo_sirvo_fisico/models/aruco_box/materials/textures
[0.913s] copying models/aruco_box/materials/textures/marker3.png -> /home/victorn65/ros2_ws/src/servo_sirvo_fisico/install/servo_sirvo_fisico/share/servo_sirvo_fisico/models/aruco_box/materials/textures
[0.913s] copying models/aruco_box/materials/textures/marker2.png -> /home/victorn65/ros2_ws/src/servo_sirvo_fisico/install/servo_sirvo_fisico/share/servo_sirvo_fisico/models/aruco_box/materials/textures
[0.913s] creating /home/victorn65/ros2_ws/src/servo_sirvo_fisico/install/servo_sirvo_fisico/share/servo_sirvo_fisico/models/aruco_marker_2
[0.913s] copying models/aruco_marker_2/model.sdf -> /home/victorn65/ros2_ws/src/servo_sirvo_fisico/install/servo_sirvo_fisico/share/servo_sirvo_fisico/models/aruco_marker_2
[0.913s] copying models/aruco_marker_2/model.config -> /home/victorn65/ros2_ws/src/servo_sirvo_fisico/install/servo_sirvo_fisico/share/servo_sirvo_fisico/models/aruco_marker_2
[0.913s] creating /home/victorn65/ros2_ws/src/servo_sirvo_fisico/install/servo_sirvo_fisico/share/servo_sirvo_fisico/models/aruco_marker_2/materials
[0.913s] creating /home/victorn65/ros2_ws/src/servo_sirvo_fisico/install/servo_sirvo_fisico/share/servo_sirvo_fisico/models/aruco_marker_2/materials/textures
[0.913s] copying models/aruco_marker_2/materials/textures/marker2.png -> /home/victorn65/ros2_ws/src/servo_sirvo_fisico/install/servo_sirvo_fisico/share/servo_sirvo_fisico/models/aruco_marker_2/materials/textures
[0.913s] creating /home/victorn65/ros2_ws/src/servo_sirvo_fisico/install/servo_sirvo_fisico/share/servo_sirvo_fisico/models/aruco_marker_4
[0.913s] copying models/aruco_marker_4/model.sdf -> /home/victorn65/ros2_ws/src/servo_sirvo_fisico/install/servo_sirvo_fisico/share/servo_sirvo_fisico/models/aruco_marker_4
[0.913s] copying models/aruco_marker_4/model.config -> /home/victorn65/ros2_ws/src/servo_sirvo_fisico/install/servo_sirvo_fisico/share/servo_sirvo_fisico/models/aruco_marker_4
[0.913s] creating /home/victorn65/ros2_ws/src/servo_sirvo_fisico/install/servo_sirvo_fisico/share/servo_sirvo_fisico/models/aruco_marker_4/materials
[0.914s] creating /home/victorn65/ros2_ws/src/servo_sirvo_fisico/install/servo_sirvo_fisico/share/servo_sirvo_fisico/models/aruco_marker_4/materials/textures
[0.914s] copying models/aruco_marker_4/materials/textures/marker4.png -> /home/victorn65/ros2_ws/src/servo_sirvo_fisico/install/servo_sirvo_fisico/share/servo_sirvo_fisico/models/aruco_marker_4/materials/textures
[0.914s] creating /home/victorn65/ros2_ws/src/servo_sirvo_fisico/install/servo_sirvo_fisico/share/servo_sirvo_fisico/models/world_wall
[0.914s] copying models/world_wall/model.sdf -> /home/victorn65/ros2_ws/src/servo_sirvo_fisico/install/servo_sirvo_fisico/share/servo_sirvo_fisico/models/world_wall
[0.914s] copying models/world_wall/model.config -> /home/victorn65/ros2_ws/src/servo_sirvo_fisico/install/servo_sirvo_fisico/share/servo_sirvo_fisico/models/world_wall
[0.914s] creating /home/victorn65/ros2_ws/src/servo_sirvo_fisico/install/servo_sirvo_fisico/share/servo_sirvo_fisico/models/world_wall/materials
[0.914s] creating /home/victorn65/ros2_ws/src/servo_sirvo_fisico/install/servo_sirvo_fisico/share/servo_sirvo_fisico/models/world_wall/materials/textures
[0.914s] copying models/world_wall/materials/textures/MapAll.jpg -> /home/victorn65/ros2_ws/src/servo_sirvo_fisico/install/servo_sirvo_fisico/share/servo_sirvo_fisico/models/world_wall/materials/textures
[0.914s] copying models/world_wall/materials/textures/0032-512x512.jpg -> /home/victorn65/ros2_ws/src/servo_sirvo_fisico/install/servo_sirvo_fisico/share/servo_sirvo_fisico/models/world_wall/materials/textures
[0.915s] copying models/world_wall/materials/textures/wood_floor.jpg -> /home/victorn65/ros2_ws/src/servo_sirvo_fisico/install/servo_sirvo_fisico/share/servo_sirvo_fisico/models/world_wall/materials/textures
[0.915s] creating /home/victorn65/ros2_ws/src/servo_sirvo_fisico/install/servo_sirvo_fisico/share/servo_sirvo_fisico/models/world_wall/meshes
[0.915s] copying models/world_wall/meshes/world_wall1.dae -> /home/victorn65/ros2_ws/src/servo_sirvo_fisico/install/servo_sirvo_fisico/share/servo_sirvo_fisico/models/world_wall/meshes
[0.915s] copying models/world_wall/meshes/0032-512x512.jpg -> /home/victorn65/ros2_ws/src/servo_sirvo_fisico/install/servo_sirvo_fisico/share/servo_sirvo_fisico/models/world_wall/meshes
[0.915s] copying models/world_wall/meshes/wood_floor.jpg -> /home/victorn65/ros2_ws/src/servo_sirvo_fisico/install/servo_sirvo_fisico/share/servo_sirvo_fisico/models/world_wall/meshes
[0.915s] creating /home/victorn65/ros2_ws/src/servo_sirvo_fisico/install/servo_sirvo_fisico/share/servo_sirvo_fisico/models/goal_marker_3
[0.915s] copying models/goal_marker_3/model.sdf -> /home/victorn65/ros2_ws/src/servo_sirvo_fisico/install/servo_sirvo_fisico/share/servo_sirvo_fisico/models/goal_marker_3
[0.915s] copying models/goal_marker_3/model.config -> /home/victorn65/ros2_ws/src/servo_sirvo_fisico/install/servo_sirvo_fisico/share/servo_sirvo_fisico/models/goal_marker_3
[0.916s] creating /home/victorn65/ros2_ws/src/servo_sirvo_fisico/install/servo_sirvo_fisico/share/servo_sirvo_fisico/models/goal_marker_3/materials
[0.916s] creating /home/victorn65/ros2_ws/src/servo_sirvo_fisico/install/servo_sirvo_fisico/share/servo_sirvo_fisico/models/goal_marker_3/materials/textures
[0.916s] copying models/goal_marker_3/materials/textures/mcr2_goal_3.png -> /home/victorn65/ros2_ws/src/servo_sirvo_fisico/install/servo_sirvo_fisico/share/servo_sirvo_fisico/models/goal_marker_3/materials/textures
[0.916s] creating /home/victorn65/ros2_ws/src/servo_sirvo_fisico/install/servo_sirvo_fisico/share/servo_sirvo_fisico/models/aruco_marker_1
[0.916s] copying models/aruco_marker_1/model.sdf -> /home/victorn65/ros2_ws/src/servo_sirvo_fisico/install/servo_sirvo_fisico/share/servo_sirvo_fisico/models/aruco_marker_1
[0.916s] copying models/aruco_marker_1/model.config -> /home/victorn65/ros2_ws/src/servo_sirvo_fisico/install/servo_sirvo_fisico/share/servo_sirvo_fisico/models/aruco_marker_1
[0.916s] creating /home/victorn65/ros2_ws/src/servo_sirvo_fisico/install/servo_sirvo_fisico/share/servo_sirvo_fisico/models/aruco_marker_1/materials
[0.916s] creating /home/victorn65/ros2_ws/src/servo_sirvo_fisico/install/servo_sirvo_fisico/share/servo_sirvo_fisico/models/aruco_marker_1/materials/textures
[0.916s] copying models/aruco_marker_1/materials/textures/marker1.png -> /home/victorn65/ros2_ws/src/servo_sirvo_fisico/install/servo_sirvo_fisico/share/servo_sirvo_fisico/models/aruco_marker_1/materials/textures
[0.916s] creating /home/victorn65/ros2_ws/src/servo_sirvo_fisico/install/servo_sirvo_fisico/share/servo_sirvo_fisico/models/aruco_4x4_50_1
[0.916s] copying models/aruco_4x4_50_1/model.sdf -> /home/victorn65/ros2_ws/src/servo_sirvo_fisico/install/servo_sirvo_fisico/share/servo_sirvo_fisico/models/aruco_4x4_50_1
[0.916s] copying models/aruco_4x4_50_1/model.config -> /home/victorn65/ros2_ws/src/servo_sirvo_fisico/install/servo_sirvo_fisico/share/servo_sirvo_fisico/models/aruco_4x4_50_1
[0.916s] creating /home/victorn65/ros2_ws/src/servo_sirvo_fisico/install/servo_sirvo_fisico/share/servo_sirvo_fisico/models/aruco_4x4_50_1/materials
[0.916s] creating /home/victorn65/ros2_ws/src/servo_sirvo_fisico/install/servo_sirvo_fisico/share/servo_sirvo_fisico/models/aruco_4x4_50_1/materials/textures
[0.917s] copying models/aruco_4x4_50_1/materials/textures/aruco_4x4_50_1.png -> /home/victorn65/ros2_ws/src/servo_sirvo_fisico/install/servo_sirvo_fisico/share/servo_sirvo_fisico/models/aruco_4x4_50_1/materials/textures
[0.917s] creating /home/victorn65/ros2_ws/src/servo_sirvo_fisico/install/servo_sirvo_fisico/share/servo_sirvo_fisico/models/aruco_4x4_50_1/meshes
[0.917s] copying models/aruco_4x4_50_1/meshes/aruco_4x4_50_1.dae -> /home/victorn65/ros2_ws/src/servo_sirvo_fisico/install/servo_sirvo_fisico/share/servo_sirvo_fisico/models/aruco_4x4_50_1/meshes
[0.917s] creating /home/victorn65/ros2_ws/src/servo_sirvo_fisico/install/servo_sirvo_fisico/share/servo_sirvo_fisico/models/goal_marker_5
[0.917s] copying models/goal_marker_5/model.sdf -> /home/victorn65/ros2_ws/src/servo_sirvo_fisico/install/servo_sirvo_fisico/share/servo_sirvo_fisico/models/goal_marker_5
[0.917s] copying models/goal_marker_5/model.config -> /home/victorn65/ros2_ws/src/servo_sirvo_fisico/install/servo_sirvo_fisico/share/servo_sirvo_fisico/models/goal_marker_5
[0.917s] creating /home/victorn65/ros2_ws/src/servo_sirvo_fisico/install/servo_sirvo_fisico/share/servo_sirvo_fisico/models/goal_marker_5/materials
[0.917s] creating /home/victorn65/ros2_ws/src/servo_sirvo_fisico/install/servo_sirvo_fisico/share/servo_sirvo_fisico/models/goal_marker_5/materials/textures
[0.917s] copying models/goal_marker_5/materials/textures/mcr2_goal_5.png -> /home/victorn65/ros2_ws/src/servo_sirvo_fisico/install/servo_sirvo_fisico/share/servo_sirvo_fisico/models/goal_marker_5/materials/textures
[0.917s] creating /home/victorn65/ros2_ws/src/servo_sirvo_fisico/install/servo_sirvo_fisico/share/servo_sirvo_fisico/models/office_floor
[0.917s] copying models/office_floor/model.sdf -> /home/victorn65/ros2_ws/src/servo_sirvo_fisico/install/servo_sirvo_fisico/share/servo_sirvo_fisico/models/office_floor
[0.917s] copying models/office_floor/model.config -> /home/victorn65/ros2_ws/src/servo_sirvo_fisico/install/servo_sirvo_fisico/share/servo_sirvo_fisico/models/office_floor
[0.917s] creating /home/victorn65/ros2_ws/src/servo_sirvo_fisico/install/servo_sirvo_fisico/share/servo_sirvo_fisico/models/office_floor/materials
[0.917s] creating /home/victorn65/ros2_ws/src/servo_sirvo_fisico/install/servo_sirvo_fisico/share/servo_sirvo_fisico/models/office_floor/materials/textures
[0.917s] copying models/office_floor/materials/textures/puzzlebot_wood_7.png -> /home/victorn65/ros2_ws/src/servo_sirvo_fisico/install/servo_sirvo_fisico/share/servo_sirvo_fisico/models/office_floor/materials/textures
[0.919s] creating /home/victorn65/ros2_ws/src/servo_sirvo_fisico/install/servo_sirvo_fisico/share/servo_sirvo_fisico/worlds
[0.919s] copying worlds/obstacle_avoidance_4.world -> /home/victorn65/ros2_ws/src/servo_sirvo_fisico/install/servo_sirvo_fisico/share/servo_sirvo_fisico/worlds
[0.919s] copying worlds/maze_aruco.world -> /home/victorn65/ros2_ws/src/servo_sirvo_fisico/install/servo_sirvo_fisico/share/servo_sirvo_fisico/worlds
[0.919s] copying worlds/mundo.world -> /home/victorn65/ros2_ws/src/servo_sirvo_fisico/install/servo_sirvo_fisico/share/servo_sirvo_fisico/worlds
[0.920s] copying worlds/puzzlebot_arena.world -> /home/victorn65/ros2_ws/src/servo_sirvo_fisico/install/servo_sirvo_fisico/share/servo_sirvo_fisico/worlds
[0.920s] copying worlds/world_empty.sdf -> /home/victorn65/ros2_ws/src/servo_sirvo_fisico/install/servo_sirvo_fisico/share/servo_sirvo_fisico/worlds
[0.920s] copying worlds/world_prueba.world -> /home/victorn65/ros2_ws/src/servo_sirvo_fisico/install/servo_sirvo_fisico/share/servo_sirvo_fisico/worlds
[0.920s] copying worlds/obstacle_avoidance_1.world -> /home/victorn65/ros2_ws/src/servo_sirvo_fisico/install/servo_sirvo_fisico/share/servo_sirvo_fisico/worlds
[0.920s] copying worlds/world_aruco_cv.sdf -> /home/victorn65/ros2_ws/src/servo_sirvo_fisico/install/servo_sirvo_fisico/share/servo_sirvo_fisico/worlds
[0.920s] copying worlds/puzzlebot_track.world -> /home/victorn65/ros2_ws/src/servo_sirvo_fisico/install/servo_sirvo_fisico/share/servo_sirvo_fisico/worlds
[0.920s] copying worlds/obstacle_avoidance_3.world -> /home/victorn65/ros2_ws/src/servo_sirvo_fisico/install/servo_sirvo_fisico/share/servo_sirvo_fisico/worlds
[0.920s] copying worlds/obstacle_avoidance_2.world -> /home/victorn65/ros2_ws/src/servo_sirvo_fisico/install/servo_sirvo_fisico/share/servo_sirvo_fisico/worlds
[0.921s] copying worlds/puzzlebot_world.world -> /home/victorn65/ros2_ws/src/servo_sirvo_fisico/install/servo_sirvo_fisico/share/servo_sirvo_fisico/worlds
[0.921s] copying worlds/puzzlebot_arena_markers.world -> /home/victorn65/ros2_ws/src/servo_sirvo_fisico/install/servo_sirvo_fisico/share/servo_sirvo_fisico/worlds
[0.921s] copying worlds/empty.world -> /home/victorn65/ros2_ws/src/servo_sirvo_fisico/install/servo_sirvo_fisico/share/servo_sirvo_fisico/worlds
[0.921s] copying worlds/world_aruco_mip.sdf -> /home/victorn65/ros2_ws/src/servo_sirvo_fisico/install/servo_sirvo_fisico/share/servo_sirvo_fisico/worlds
[0.921s] copying worlds/office.world -> /home/victorn65/ros2_ws/src/servo_sirvo_fisico/install/servo_sirvo_fisico/share/servo_sirvo_fisico/worlds
[0.921s] copying worlds/mundo1.world -> /home/victorn65/ros2_ws/src/servo_sirvo_fisico/install/servo_sirvo_fisico/share/servo_sirvo_fisico/worlds
[0.921s] copying worlds/puzzlebot_aruco_markers.world -> /home/victorn65/ros2_ws/src/servo_sirvo_fisico/install/servo_sirvo_fisico/share/servo_sirvo_fisico/worlds
[0.921s] copying worlds/world_box.sdf -> /home/victorn65/ros2_ws/src/servo_sirvo_fisico/install/servo_sirvo_fisico/share/servo_sirvo_fisico/worlds
[0.921s] creating /home/victorn65/ros2_ws/src/servo_sirvo_fisico/install/servo_sirvo_fisico/share/servo_sirvo_fisico/worlds/office_2
[0.921s] copying worlds/office_2/model.sdf -> /home/victorn65/ros2_ws/src/servo_sirvo_fisico/install/servo_sirvo_fisico/share/servo_sirvo_fisico/worlds/office_2
[0.921s] copying worlds/office_2/model.config -> /home/victorn65/ros2_ws/src/servo_sirvo_fisico/install/servo_sirvo_fisico/share/servo_sirvo_fisico/worlds/office_2
[0.921s] creating /home/victorn65/ros2_ws/src/servo_sirvo_fisico/install/servo_sirvo_fisico/share/servo_sirvo_fisico/plugins
[0.921s] copying plugins/libDiffDynamicPlugin.so -> /home/victorn65/ros2_ws/src/servo_sirvo_fisico/install/servo_sirvo_fisico/share/servo_sirvo_fisico/plugins
[0.923s] running install_egg_info
[0.925s] Copying build/servo_sirvo_fisico/servo_sirvo_fisico.egg-info to /home/victorn65/ros2_ws/src/servo_sirvo_fisico/install/servo_sirvo_fisico/lib/python3.10/site-packages/servo_sirvo_fisico-0.0.0-py3.10.egg-info
[0.926s] running install_scripts
[0.942s] Installing aruco_debug script to /home/victorn65/ros2_ws/src/servo_sirvo_fisico/install/servo_sirvo_fisico/lib/ServoYSirvo_nav2_puzzlebot
[0.942s] Installing dynamic_tf script to /home/victorn65/ros2_ws/src/servo_sirvo_fisico/install/servo_sirvo_fisico/lib/ServoYSirvo_nav2_puzzlebot
[0.943s] Installing joint_state_pub script to /home/victorn65/ros2_ws/src/servo_sirvo_fisico/install/servo_sirvo_fisico/lib/ServoYSirvo_nav2_puzzlebot
[0.943s] Installing localisation script to /home/victorn65/ros2_ws/src/servo_sirvo_fisico/install/servo_sirvo_fisico/lib/ServoYSirvo_nav2_puzzlebot
[0.943s] Installing point_stabilisation_control script to /home/victorn65/ros2_ws/src/servo_sirvo_fisico/install/servo_sirvo_fisico/lib/ServoYSirvo_nav2_puzzlebot
[0.943s] Installing puzzlebot_aruco script to /home/victorn65/ros2_ws/src/servo_sirvo_fisico/install/servo_sirvo_fisico/lib/ServoYSirvo_nav2_puzzlebot
[0.943s] Installing puzzlebot_kinematic_model script to /home/victorn65/ros2_ws/src/servo_sirvo_fisico/install/servo_sirvo_fisico/lib/ServoYSirvo_nav2_puzzlebot
[0.943s] Installing static_tf script to /home/victorn65/ros2_ws/src/servo_sirvo_fisico/install/servo_sirvo_fisico/lib/ServoYSirvo_nav2_puzzlebot
[0.943s] writing list of installed files to '/home/victorn65/ros2_ws/src/servo_sirvo_fisico/build/servo_sirvo_fisico/install.log'
[0.964s] Invoked command in '/home/victorn65/ros2_ws/src/servo_sirvo_fisico' returned '0': PYTHONPATH=/home/victorn65/ros2_ws/src/servo_sirvo_fisico/build/servo_sirvo_fisico/prefix_override:/usr/lib/python3/dist-packages/colcon_core/task/python/colcon_distutils_commands:/home/victorn65/ros2_ws/src/servo_sirvo_fisico/install/servo_sirvo_fisico/lib/python3.10/site-packages:${PYTHONPATH} /usr/bin/python3 -W ignore:setup.py install is deprecated -W ignore:easy_install command is deprecated setup.py egg_info --egg-base build/servo_sirvo_fisico build --build-base /home/victorn65/ros2_ws/src/servo_sirvo_fisico/build/servo_sirvo_fisico/build install --record /home/victorn65/ros2_ws/src/servo_sirvo_fisico/build/servo_sirvo_fisico/install.log --single-version-externally-managed install_data
