[0.085s] DEBUG:colcon:Command line arguments: ['/usr/bin/colcon', 'build']
[0.086s] DEBUG:colcon:Parsed command line arguments: Namespace(log_base=None, log_level=None, verb_name='build', build_base='build', install_base='install', merge_install=False, symlink_install=False, test_result_base=None, continue_on_error=False, executor='parallel', parallel_workers=16, event_handlers=None, ignore_user_meta=False, metas=['./colcon.meta'], base_paths=['.'], packages_ignore=None, packages_ignore_regex=None, paths=None, packages_up_to=None, packages_up_to_regex=None, packages_above=None, packages_above_and_dependencies=None, packages_above_depth=None, packages_select_by_dep=None, packages_skip_by_dep=None, packages_skip_up_to=None, packages_select_build_failed=False, packages_skip_build_finished=False, packages_select_test_failures=False, packages_skip_test_passed=False, packages_select=None, packages_skip=None, packages_select_regex=None, packages_skip_regex=None, packages_start=None, packages_end=None, allow_overriding=[], cmake_args=None, cmake_target=None, cmake_target_skip_unavailable=False, cmake_clean_cache=False, cmake_clean_first=False, cmake_force_configure=False, ament_cmake_args=None, catkin_cmake_args=None, catkin_skip_building_tests=False, mixin_files=None, mixin=None, verb_parser=<colcon_mixin.mixin.mixin_argument.MixinArgumentDecorator object at 0x7e76a7694040>, verb_extension=<colcon_core.verb.build.BuildVerb object at 0x7e76a7663a90>, main=<bound method BuildVerb.main of <colcon_core.verb.build.BuildVerb object at 0x7e76a7663a90>>, mixin_verb=('build',))
[0.240s] Level 1:colcon.colcon_core.package_discovery:discover_packages(colcon_meta) check parameters
[0.240s] Level 1:colcon.colcon_core.package_discovery:discover_packages(recursive) check parameters
[0.240s] Level 1:colcon.colcon_core.package_discovery:discover_packages(ignore) check parameters
[0.240s] Level 1:colcon.colcon_core.package_discovery:discover_packages(path) check parameters
[0.240s] Level 1:colcon.colcon_core.package_discovery:discover_packages(colcon_meta) discover
[0.240s] Level 1:colcon.colcon_core.package_discovery:discover_packages(recursive) discover
[0.240s] INFO:colcon.colcon_core.package_discovery:Crawling recursively for packages in '/home/victorn65/ros2_ws/src/servo_sirvo_fisico'
[0.240s] Level 1:colcon.colcon_core.package_identification:_identify(.) by extensions ['ignore', 'ignore_ament_install']
[0.241s] Level 1:colcon.colcon_core.package_identification:_identify(.) by extension 'ignore'
[0.241s] Level 1:colcon.colcon_core.package_identification:_identify(.) by extension 'ignore_ament_install'
[0.241s] Level 1:colcon.colcon_core.package_identification:_identify(.) by extensions ['colcon_pkg']
[0.241s] Level 1:colcon.colcon_core.package_identification:_identify(.) by extension 'colcon_pkg'
[0.241s] Level 1:colcon.colcon_core.package_identification:_identify(.) by extensions ['colcon_meta']
[0.241s] Level 1:colcon.colcon_core.package_identification:_identify(.) by extension 'colcon_meta'
[0.241s] Level 1:colcon.colcon_core.package_identification:_identify(.) by extensions ['ros']
[0.241s] Level 1:colcon.colcon_core.package_identification:_identify(.) by extension 'ros'
[0.256s] DEBUG:colcon.colcon_core.package_identification:Package '.' with type 'ros.ament_python' and name 'servo_sirvo_fisico'
[0.256s] Level 1:colcon.colcon_core.package_discovery:discover_packages(recursive) using defaults
[0.256s] Level 1:colcon.colcon_core.package_discovery:discover_packages(ignore) discover
[0.256s] Level 1:colcon.colcon_core.package_discovery:discover_packages(ignore) using defaults
[0.256s] Level 1:colcon.colcon_core.package_discovery:discover_packages(path) discover
[0.256s] Level 1:colcon.colcon_core.package_discovery:discover_packages(path) using defaults
[0.270s] Level 1:colcon.colcon_core.package_discovery:discover_packages(prefix_path) check parameters
[0.270s] Level 1:colcon.colcon_core.package_discovery:discover_packages(prefix_path) discover
[0.272s] DEBUG:colcon.colcon_installed_package_information.package_discovery:Found 3 installed packages in /home/victorn65/ros2_ws/install
[0.273s] DEBUG:colcon.colcon_installed_package_information.package_discovery:Found 461 installed packages in /opt/ros/humble
[0.275s] Level 1:colcon.colcon_core.package_discovery:discover_packages(prefix_path) using defaults
[0.314s] Level 5:colcon.colcon_core.verb:set package 'servo_sirvo_fisico' build argument 'cmake_args' from command line to 'None'
[0.314s] Level 5:colcon.colcon_core.verb:set package 'servo_sirvo_fisico' build argument 'cmake_target' from command line to 'None'
[0.314s] Level 5:colcon.colcon_core.verb:set package 'servo_sirvo_fisico' build argument 'cmake_target_skip_unavailable' from command line to 'False'
[0.314s] Level 5:colcon.colcon_core.verb:set package 'servo_sirvo_fisico' build argument 'cmake_clean_cache' from command line to 'False'
[0.314s] Level 5:colcon.colcon_core.verb:set package 'servo_sirvo_fisico' build argument 'cmake_clean_first' from command line to 'False'
[0.314s] Level 5:colcon.colcon_core.verb:set package 'servo_sirvo_fisico' build argument 'cmake_force_configure' from command line to 'False'
[0.314s] Level 5:colcon.colcon_core.verb:set package 'servo_sirvo_fisico' build argument 'ament_cmake_args' from command line to 'None'
[0.314s] Level 5:colcon.colcon_core.verb:set package 'servo_sirvo_fisico' build argument 'catkin_cmake_args' from command line to 'None'
[0.314s] Level 5:colcon.colcon_core.verb:set package 'servo_sirvo_fisico' build argument 'catkin_skip_building_tests' from command line to 'False'
[0.314s] DEBUG:colcon.colcon_core.verb:Building package 'servo_sirvo_fisico' with the following arguments: {'ament_cmake_args': None, 'build_base': '/home/victorn65/ros2_ws/src/servo_sirvo_fisico/build/servo_sirvo_fisico', 'catkin_cmake_args': None, 'catkin_skip_building_tests': False, 'cmake_args': None, 'cmake_clean_cache': False, 'cmake_clean_first': False, 'cmake_force_configure': False, 'cmake_target': None, 'cmake_target_skip_unavailable': False, 'install_base': '/home/victorn65/ros2_ws/src/servo_sirvo_fisico/install/servo_sirvo_fisico', 'merge_install': False, 'path': '/home/victorn65/ros2_ws/src/servo_sirvo_fisico', 'symlink_install': False, 'test_result_base': None}
[0.315s] INFO:colcon.colcon_core.executor:Executing jobs using 'parallel' executor
[0.316s] DEBUG:colcon.colcon_parallel_executor.executor.parallel:run_until_complete
[0.316s] INFO:colcon.colcon_ros.task.ament_python.build:Building ROS package in '/home/victorn65/ros2_ws/src/servo_sirvo_fisico' with build type 'ament_python'
[0.316s] Level 1:colcon.colcon_core.shell:create_environment_hook('servo_sirvo_fisico', 'ament_prefix_path')
[0.318s] INFO:colcon.colcon_core.plugin_system:Skipping extension 'colcon_core.shell.bat': Not used on non-Windows systems
[0.318s] INFO:colcon.colcon_core.shell:Creating environment hook '/home/victorn65/ros2_ws/src/servo_sirvo_fisico/install/servo_sirvo_fisico/share/servo_sirvo_fisico/hook/ament_prefix_path.ps1'
[0.319s] INFO:colcon.colcon_core.shell:Creating environment descriptor '/home/victorn65/ros2_ws/src/servo_sirvo_fisico/install/servo_sirvo_fisico/share/servo_sirvo_fisico/hook/ament_prefix_path.dsv'
[0.319s] INFO:colcon.colcon_core.shell:Creating environment hook '/home/victorn65/ros2_ws/src/servo_sirvo_fisico/install/servo_sirvo_fisico/share/servo_sirvo_fisico/hook/ament_prefix_path.sh'
[0.319s] INFO:colcon.colcon_core.shell:Skip shell extension 'powershell' for command environment: Not usable outside of PowerShell
[0.320s] DEBUG:colcon.colcon_core.shell:Skip shell extension 'dsv' for command environment
[0.550s] INFO:colcon.colcon_core.task.python.build:Building Python package in '/home/victorn65/ros2_ws/src/servo_sirvo_fisico'
[0.551s] INFO:colcon.colcon_core.shell:Skip shell extension 'powershell' for command environment: Not usable outside of PowerShell
[0.551s] DEBUG:colcon.colcon_core.shell:Skip shell extension 'dsv' for command environment
[0.855s] DEBUG:colcon.colcon_core.event_handler.log_command:Invoking command in '/home/victorn65/ros2_ws/src/servo_sirvo_fisico': PYTHONPATH=/home/victorn65/ros2_ws/src/servo_sirvo_fisico/build/servo_sirvo_fisico/prefix_override:/usr/lib/python3/dist-packages/colcon_core/task/python/colcon_distutils_commands:/home/victorn65/ros2_ws/src/servo_sirvo_fisico/install/servo_sirvo_fisico/lib/python3.10/site-packages:${PYTHONPATH} /usr/bin/python3 -W ignore:setup.py install is deprecated -W ignore:easy_install command is deprecated setup.py egg_info --egg-base build/servo_sirvo_fisico build --build-base /home/victorn65/ros2_ws/src/servo_sirvo_fisico/build/servo_sirvo_fisico/build install --record /home/victorn65/ros2_ws/src/servo_sirvo_fisico/build/servo_sirvo_fisico/install.log --single-version-externally-managed install_data
[1.281s] DEBUG:colcon.colcon_core.event_handler.log_command:Invoked command in '/home/victorn65/ros2_ws/src/servo_sirvo_fisico' returned '0': PYTHONPATH=/home/victorn65/ros2_ws/src/servo_sirvo_fisico/build/servo_sirvo_fisico/prefix_override:/usr/lib/python3/dist-packages/colcon_core/task/python/colcon_distutils_commands:/home/victorn65/ros2_ws/src/servo_sirvo_fisico/install/servo_sirvo_fisico/lib/python3.10/site-packages:${PYTHONPATH} /usr/bin/python3 -W ignore:setup.py install is deprecated -W ignore:easy_install command is deprecated setup.py egg_info --egg-base build/servo_sirvo_fisico build --build-base /home/victorn65/ros2_ws/src/servo_sirvo_fisico/build/servo_sirvo_fisico/build install --record /home/victorn65/ros2_ws/src/servo_sirvo_fisico/build/servo_sirvo_fisico/install.log --single-version-externally-managed install_data
[1.282s] Level 1:colcon.colcon_core.environment:checking '/home/victorn65/ros2_ws/src/servo_sirvo_fisico/install/servo_sirvo_fisico' for CMake module files
[1.283s] Level 1:colcon.colcon_core.environment:checking '/home/victorn65/ros2_ws/src/servo_sirvo_fisico/install/servo_sirvo_fisico' for CMake config files
[1.285s] Level 1:colcon.colcon_core.environment:checking '/home/victorn65/ros2_ws/src/servo_sirvo_fisico/install/servo_sirvo_fisico/lib'
[1.286s] Level 1:colcon.colcon_core.environment:checking '/home/victorn65/ros2_ws/src/servo_sirvo_fisico/install/servo_sirvo_fisico/bin'
[1.286s] Level 1:colcon.colcon_core.environment:checking '/home/victorn65/ros2_ws/src/servo_sirvo_fisico/install/servo_sirvo_fisico/lib/pkgconfig/servo_sirvo_fisico.pc'
[1.286s] Level 1:colcon.colcon_core.environment:checking '/home/victorn65/ros2_ws/src/servo_sirvo_fisico/install/servo_sirvo_fisico/lib/python3.10/site-packages'
[1.286s] Level 1:colcon.colcon_core.shell:create_environment_hook('servo_sirvo_fisico', 'pythonpath')
[1.286s] INFO:colcon.colcon_core.shell:Creating environment hook '/home/victorn65/ros2_ws/src/servo_sirvo_fisico/install/servo_sirvo_fisico/share/servo_sirvo_fisico/hook/pythonpath.ps1'
[1.286s] INFO:colcon.colcon_core.shell:Creating environment descriptor '/home/victorn65/ros2_ws/src/servo_sirvo_fisico/install/servo_sirvo_fisico/share/servo_sirvo_fisico/hook/pythonpath.dsv'
[1.287s] INFO:colcon.colcon_core.shell:Creating environment hook '/home/victorn65/ros2_ws/src/servo_sirvo_fisico/install/servo_sirvo_fisico/share/servo_sirvo_fisico/hook/pythonpath.sh'
[1.287s] Level 1:colcon.colcon_core.environment:checking '/home/victorn65/ros2_ws/src/servo_sirvo_fisico/install/servo_sirvo_fisico/bin'
[1.287s] Level 1:colcon.colcon_core.environment:create_environment_scripts_only(servo_sirvo_fisico)
[1.287s] INFO:colcon.colcon_core.shell:Creating package script '/home/victorn65/ros2_ws/src/servo_sirvo_fisico/install/servo_sirvo_fisico/share/servo_sirvo_fisico/package.ps1'
[1.288s] INFO:colcon.colcon_core.shell:Creating package descriptor '/home/victorn65/ros2_ws/src/servo_sirvo_fisico/install/servo_sirvo_fisico/share/servo_sirvo_fisico/package.dsv'
[1.288s] INFO:colcon.colcon_core.shell:Creating package script '/home/victorn65/ros2_ws/src/servo_sirvo_fisico/install/servo_sirvo_fisico/share/servo_sirvo_fisico/package.sh'
[1.289s] INFO:colcon.colcon_core.shell:Creating package script '/home/victorn65/ros2_ws/src/servo_sirvo_fisico/install/servo_sirvo_fisico/share/servo_sirvo_fisico/package.bash'
[1.289s] INFO:colcon.colcon_core.shell:Creating package script '/home/victorn65/ros2_ws/src/servo_sirvo_fisico/install/servo_sirvo_fisico/share/servo_sirvo_fisico/package.zsh'
[1.290s] Level 1:colcon.colcon_core.environment:create_file_with_runtime_dependencies(/home/victorn65/ros2_ws/src/servo_sirvo_fisico/install/servo_sirvo_fisico/share/colcon-core/packages/servo_sirvo_fisico)
[1.290s] DEBUG:colcon.colcon_parallel_executor.executor.parallel:closing loop
[1.290s] DEBUG:colcon.colcon_parallel_executor.executor.parallel:loop closed
[1.290s] DEBUG:colcon.colcon_parallel_executor.executor.parallel:run_until_complete finished with '0'
[1.290s] DEBUG:colcon.colcon_core.event_reactor:joining thread
[1.295s] INFO:colcon.colcon_core.plugin_system:Skipping extension 'colcon_notification.desktop_notification.terminal_notifier': Not used on non-Darwin systems
[1.295s] INFO:colcon.colcon_core.plugin_system:Skipping extension 'colcon_notification.desktop_notification.win32': Not used on non-Windows systems
[1.295s] INFO:colcon.colcon_notification.desktop_notification:Sending desktop notification using 'notify2'
[1.305s] DEBUG:colcon.colcon_core.event_reactor:joined thread
[1.306s] INFO:colcon.colcon_core.shell:Creating prefix script '/home/victorn65/ros2_ws/src/servo_sirvo_fisico/install/local_setup.ps1'
[1.307s] INFO:colcon.colcon_core.shell:Creating prefix util module '/home/victorn65/ros2_ws/src/servo_sirvo_fisico/install/_local_setup_util_ps1.py'
[1.308s] INFO:colcon.colcon_core.shell:Creating prefix chain script '/home/victorn65/ros2_ws/src/servo_sirvo_fisico/install/setup.ps1'
[1.309s] INFO:colcon.colcon_core.shell:Creating prefix script '/home/victorn65/ros2_ws/src/servo_sirvo_fisico/install/local_setup.sh'
[1.309s] INFO:colcon.colcon_core.shell:Creating prefix util module '/home/victorn65/ros2_ws/src/servo_sirvo_fisico/install/_local_setup_util_sh.py'
[1.310s] INFO:colcon.colcon_core.shell:Creating prefix chain script '/home/victorn65/ros2_ws/src/servo_sirvo_fisico/install/setup.sh'
[1.311s] INFO:colcon.colcon_core.shell:Creating prefix script '/home/victorn65/ros2_ws/src/servo_sirvo_fisico/install/local_setup.bash'
[1.311s] INFO:colcon.colcon_core.shell:Creating prefix chain script '/home/victorn65/ros2_ws/src/servo_sirvo_fisico/install/setup.bash'
[1.312s] INFO:colcon.colcon_core.shell:Creating prefix script '/home/victorn65/ros2_ws/src/servo_sirvo_fisico/install/local_setup.zsh'
[1.312s] INFO:colcon.colcon_core.shell:Creating prefix chain script '/home/victorn65/ros2_ws/src/servo_sirvo_fisico/install/setup.zsh'
