/home/victorn65/ros2_ws/src/servo_sirvo_fisico/install/servo_sirvo_fisico/lib/python3.10/site-packages/servo_sirvo_fisico/localisation.py
/home/victorn65/ros2_ws/src/servo_sirvo_fisico/install/servo_sirvo_fisico/lib/python3.10/site-packages/servo_sirvo_fisico/puzzlebot_aruco.py
/home/victorn65/ros2_ws/src/servo_sirvo_fisico/install/servo_sirvo_fisico/lib/python3.10/site-packages/servo_sirvo_fisico/puzzlebot_kinematic_model.py
/home/victorn65/ros2_ws/src/servo_sirvo_fisico/install/servo_sirvo_fisico/lib/python3.10/site-packages/servo_sirvo_fisico/__init__.py
/home/victorn65/ros2_ws/src/servo_sirvo_fisico/install/servo_sirvo_fisico/lib/python3.10/site-packages/servo_sirvo_fisico/point_stabilisation_control.py
/home/victorn65/ros2_ws/src/servo_sirvo_fisico/install/servo_sirvo_fisico/lib/python3.10/site-packages/servo_sirvo_fisico/joint_state_pub.py
/home/victorn65/ros2_ws/src/servo_sirvo_fisico/install/servo_sirvo_fisico/lib/python3.10/site-packages/servo_sirvo_fisico/utils/puzzlebot_kinematics.py
/home/victorn65/ros2_ws/src/servo_sirvo_fisico/install/servo_sirvo_fisico/lib/python3.10/site-packages/servo_sirvo_fisico/utils/math_utils.py
/home/victorn65/ros2_ws/src/servo_sirvo_fisico/install/servo_sirvo_fisico/lib/python3.10/site-packages/servo_sirvo_fisico/utils/observation_utils.py
/home/victorn65/ros2_ws/src/servo_sirvo_fisico/install/servo_sirvo_fisico/lib/python3.10/site-packages/servo_sirvo_fisico/utils/__init__.py
/home/victorn65/ros2_ws/src/servo_sirvo_fisico/install/servo_sirvo_fisico/lib/python3.10/site-packages/servo_sirvo_fisico/__pycache__/localisation.cpython-310.pyc
/home/victorn65/ros2_ws/src/servo_sirvo_fisico/install/servo_sirvo_fisico/lib/python3.10/site-packages/servo_sirvo_fisico/__pycache__/puzzlebot_aruco.cpython-310.pyc
/home/victorn65/ros2_ws/src/servo_sirvo_fisico/install/servo_sirvo_fisico/lib/python3.10/site-packages/servo_sirvo_fisico/__pycache__/puzzlebot_kinematic_model.cpython-310.pyc
/home/victorn65/ros2_ws/src/servo_sirvo_fisico/install/servo_sirvo_fisico/lib/python3.10/site-packages/servo_sirvo_fisico/__pycache__/__init__.cpython-310.pyc
/home/victorn65/ros2_ws/src/servo_sirvo_fisico/install/servo_sirvo_fisico/lib/python3.10/site-packages/servo_sirvo_fisico/__pycache__/point_stabilisation_control.cpython-310.pyc
/home/victorn65/ros2_ws/src/servo_sirvo_fisico/install/servo_sirvo_fisico/lib/python3.10/site-packages/servo_sirvo_fisico/__pycache__/joint_state_pub.cpython-310.pyc
/home/victorn65/ros2_ws/src/servo_sirvo_fisico/install/servo_sirvo_fisico/lib/python3.10/site-packages/servo_sirvo_fisico/utils/__pycache__/puzzlebot_kinematics.cpython-310.pyc
/home/victorn65/ros2_ws/src/servo_sirvo_fisico/install/servo_sirvo_fisico/lib/python3.10/site-packages/servo_sirvo_fisico/utils/__pycache__/math_utils.cpython-310.pyc
/home/victorn65/ros2_ws/src/servo_sirvo_fisico/install/servo_sirvo_fisico/lib/python3.10/site-packages/servo_sirvo_fisico/utils/__pycache__/observation_utils.cpython-310.pyc
/home/victorn65/ros2_ws/src/servo_sirvo_fisico/install/servo_sirvo_fisico/lib/python3.10/site-packages/servo_sirvo_fisico/utils/__pycache__/__init__.cpython-310.pyc
/home/victorn65/ros2_ws/src/servo_sirvo_fisico/install/servo_sirvo_fisico/share/ament_index/resource_index/packages/servo_sirvo_fisico
/home/victorn65/ros2_ws/src/servo_sirvo_fisico/install/servo_sirvo_fisico/share/servo_sirvo_fisico/package.xml
/home/victorn65/ros2_ws/src/servo_sirvo_fisico/install/servo_sirvo_fisico/share/servo_sirvo_fisico/launch/start_aruco_opencv.launch.py
/home/victorn65/ros2_ws/src/servo_sirvo_fisico/install/servo_sirvo_fisico/share/servo_sirvo_fisico/launch/gazebo_puzzlebot_launch.py
/home/victorn65/ros2_ws/src/servo_sirvo_fisico/install/servo_sirvo_fisico/share/servo_sirvo_fisico/launch/bringup_simulation_simple_launch.py
/home/victorn65/ros2_ws/src/servo_sirvo_fisico/install/servo_sirvo_fisico/share/servo_sirvo_fisico/launch/puzzlebot_sim_launch.py
/home/victorn65/ros2_ws/src/servo_sirvo_fisico/install/servo_sirvo_fisico/share/servo_sirvo_fisico/launch/gazebo_world_launch.py
/home/victorn65/ros2_ws/src/servo_sirvo_fisico/install/servo_sirvo_fisico/share/servo_sirvo_fisico/config/nav2_params.yaml
/home/victorn65/ros2_ws/src/servo_sirvo_fisico/install/servo_sirvo_fisico/share/servo_sirvo_fisico/config/puzzlebot_hacker_ed.yaml
/home/victorn65/ros2_ws/src/servo_sirvo_fisico/install/servo_sirvo_fisico/share/servo_sirvo_fisico/config/mapper_params_online_async.yaml
/home/victorn65/ros2_ws/src/servo_sirvo_fisico/install/servo_sirvo_fisico/share/servo_sirvo_fisico/config/puzzlebot_jetson_lidar_ed.yaml
/home/victorn65/ros2_ws/src/servo_sirvo_fisico/install/servo_sirvo_fisico/share/servo_sirvo_fisico/config/puzzlebot_jetson_ed.yaml
/home/victorn65/ros2_ws/src/servo_sirvo_fisico/install/servo_sirvo_fisico/share/servo_sirvo_fisico/config/parameter_bridge.yaml
/home/victorn65/ros2_ws/src/servo_sirvo_fisico/install/servo_sirvo_fisico/share/servo_sirvo_fisico/config/bridge_sim.yaml
/home/victorn65/ros2_ws/src/servo_sirvo_fisico/install/servo_sirvo_fisico/share/servo_sirvo_fisico/rviz/puzzlebot_view.rviz
/home/victorn65/ros2_ws/src/servo_sirvo_fisico/install/servo_sirvo_fisico/share/servo_sirvo_fisico/urdf/gazebo_control.xacro
/home/victorn65/ros2_ws/src/servo_sirvo_fisico/install/servo_sirvo_fisico/share/servo_sirvo_fisico/urdf/puzzlebot.xacro
/home/victorn65/ros2_ws/src/servo_sirvo_fisico/install/servo_sirvo_fisico/share/servo_sirvo_fisico/urdf/macros.xacro
/home/victorn65/ros2_ws/src/servo_sirvo_fisico/install/servo_sirvo_fisico/share/servo_sirvo_fisico/urdf/laser_camera_bracket.xacro
/home/victorn65/ros2_ws/src/servo_sirvo_fisico/install/servo_sirvo_fisico/share/servo_sirvo_fisico/urdf/lidar.xacro
/home/victorn65/ros2_ws/src/servo_sirvo_fisico/install/servo_sirvo_fisico/share/servo_sirvo_fisico/urdf/puzzlebot_jetson_lidar_base.urdf.xacro
/home/victorn65/ros2_ws/src/servo_sirvo_fisico/install/servo_sirvo_fisico/share/servo_sirvo_fisico/urdf/parameters_jetson_lidar.xacro
/home/victorn65/ros2_ws/src/servo_sirvo_fisico/install/servo_sirvo_fisico/share/servo_sirvo_fisico/urdf/materials.xacro
/home/victorn65/ros2_ws/src/servo_sirvo_fisico/install/servo_sirvo_fisico/share/servo_sirvo_fisico/meshes/Puzzlebot_Jetson_Lidar_Edition_Base.stl
/home/victorn65/ros2_ws/src/servo_sirvo_fisico/install/servo_sirvo_fisico/share/servo_sirvo_fisico/meshes/RPLidar.stl
/home/victorn65/ros2_ws/src/servo_sirvo_fisico/install/servo_sirvo_fisico/share/servo_sirvo_fisico/meshes/NVIDIA_Jetson.stl
/home/victorn65/ros2_ws/src/servo_sirvo_fisico/install/servo_sirvo_fisico/share/servo_sirvo_fisico/meshes/Laser_Camera_Bracket.stl
/home/victorn65/ros2_ws/src/servo_sirvo_fisico/install/servo_sirvo_fisico/share/servo_sirvo_fisico/meshes/Puzzlebot_Wheel.stl
/home/victorn65/ros2_ws/src/servo_sirvo_fisico/install/servo_sirvo_fisico/share/servo_sirvo_fisico/meshes/Puzzlebot_Caster_Wheel.stl
/home/victorn65/ros2_ws/src/servo_sirvo_fisico/install/servo_sirvo_fisico/share/servo_sirvo_fisico/models/red_colored_box/model.sdf
/home/victorn65/ros2_ws/src/servo_sirvo_fisico/install/servo_sirvo_fisico/share/servo_sirvo_fisico/models/red_colored_box/model.config
/home/victorn65/ros2_ws/src/servo_sirvo_fisico/install/servo_sirvo_fisico/share/servo_sirvo_fisico/models/office_model/model.sdf
/home/victorn65/ros2_ws/src/servo_sirvo_fisico/install/servo_sirvo_fisico/share/servo_sirvo_fisico/models/office_model/model.config
/home/victorn65/ros2_ws/src/servo_sirvo_fisico/install/servo_sirvo_fisico/share/servo_sirvo_fisico/models/avoidance_world_1/model.sdf
/home/victorn65/ros2_ws/src/servo_sirvo_fisico/install/servo_sirvo_fisico/share/servo_sirvo_fisico/models/avoidance_world_1/model.config
/home/victorn65/ros2_ws/src/servo_sirvo_fisico/install/servo_sirvo_fisico/share/servo_sirvo_fisico/models/box_brick/model.sdf
/home/victorn65/ros2_ws/src/servo_sirvo_fisico/install/servo_sirvo_fisico/share/servo_sirvo_fisico/models/box_brick/model.config
/home/victorn65/ros2_ws/src/servo_sirvo_fisico/install/servo_sirvo_fisico/share/servo_sirvo_fisico/models/box_brick/materials/textures/0032-512x512.jpg
/home/victorn65/ros2_ws/src/servo_sirvo_fisico/install/servo_sirvo_fisico/share/servo_sirvo_fisico/models/box_brick/meshes/box_brick.dae
/home/victorn65/ros2_ws/src/servo_sirvo_fisico/install/servo_sirvo_fisico/share/servo_sirvo_fisico/models/aruco000/model.sdf
/home/victorn65/ros2_ws/src/servo_sirvo_fisico/install/servo_sirvo_fisico/share/servo_sirvo_fisico/models/aruco000/model.config
/home/victorn65/ros2_ws/src/servo_sirvo_fisico/install/servo_sirvo_fisico/share/servo_sirvo_fisico/models/aruco000/materials/textures/16h3_000.png
/home/victorn65/ros2_ws/src/servo_sirvo_fisico/install/servo_sirvo_fisico/share/servo_sirvo_fisico/models/aruco000/meshes/aruco000.dae
/home/victorn65/ros2_ws/src/servo_sirvo_fisico/install/servo_sirvo_fisico/share/servo_sirvo_fisico/models/arena_a_frame/model.sdf
/home/victorn65/ros2_ws/src/servo_sirvo_fisico/install/servo_sirvo_fisico/share/servo_sirvo_fisico/models/arena_a_frame/model.config
/home/victorn65/ros2_ws/src/servo_sirvo_fisico/install/servo_sirvo_fisico/share/servo_sirvo_fisico/models/arena_a_frame/materials/textures/mcr2_banner.png
/home/victorn65/ros2_ws/src/servo_sirvo_fisico/install/servo_sirvo_fisico/share/servo_sirvo_fisico/models/arena_a_frame/meshes/MCR2_arena_side.stl
/home/victorn65/ros2_ws/src/servo_sirvo_fisico/install/servo_sirvo_fisico/share/servo_sirvo_fisico/models/media/materials/scripts/mcr2_materials.material
/home/victorn65/ros2_ws/src/servo_sirvo_fisico/install/servo_sirvo_fisico/share/servo_sirvo_fisico/models/media/materials/textures/puzzlebot_logo_white.png
/home/victorn65/ros2_ws/src/servo_sirvo_fisico/install/servo_sirvo_fisico/share/servo_sirvo_fisico/models/media/materials/textures/mcr2_goal_1.png
/home/victorn65/ros2_ws/src/servo_sirvo_fisico/install/servo_sirvo_fisico/share/servo_sirvo_fisico/models/media/materials/textures/nvidia_logo_black.jpg
/home/victorn65/ros2_ws/src/servo_sirvo_fisico/install/servo_sirvo_fisico/share/servo_sirvo_fisico/models/media/materials/textures/puzzlebot_logo.png
/home/victorn65/ros2_ws/src/servo_sirvo_fisico/install/servo_sirvo_fisico/share/servo_sirvo_fisico/models/media/materials/textures/mcr2_logo_black.png
/home/victorn65/ros2_ws/src/servo_sirvo_fisico/install/servo_sirvo_fisico/share/servo_sirvo_fisico/models/media/materials/textures/mcr2_goal_2.png
/home/victorn65/ros2_ws/src/servo_sirvo_fisico/install/servo_sirvo_fisico/share/servo_sirvo_fisico/models/media/materials/textures/puzzlebot_wood_6.png
/home/victorn65/ros2_ws/src/servo_sirvo_fisico/install/servo_sirvo_fisico/share/servo_sirvo_fisico/models/media/materials/textures/mcr2_goal_3.png
/home/victorn65/ros2_ws/src/servo_sirvo_fisico/install/servo_sirvo_fisico/share/servo_sirvo_fisico/models/media/materials/textures/mcr2_goal_4.png
/home/victorn65/ros2_ws/src/servo_sirvo_fisico/install/servo_sirvo_fisico/share/servo_sirvo_fisico/models/media/materials/textures/nvidia_logo_b_w.jpg
/home/victorn65/ros2_ws/src/servo_sirvo_fisico/install/servo_sirvo_fisico/share/servo_sirvo_fisico/models/media/materials/textures/mcr2_goal_5.png
/home/victorn65/ros2_ws/src/servo_sirvo_fisico/install/servo_sirvo_fisico/share/servo_sirvo_fisico/models/media/materials/textures/puzzlebot_wood_4.png
/home/victorn65/ros2_ws/src/servo_sirvo_fisico/install/servo_sirvo_fisico/share/servo_sirvo_fisico/models/media/materials/textures/puzzlebot_wood_7.png
/home/victorn65/ros2_ws/src/servo_sirvo_fisico/install/servo_sirvo_fisico/share/servo_sirvo_fisico/models/media/materials/textures/nvidia_logo_white.jpg
/home/victorn65/ros2_ws/src/servo_sirvo_fisico/install/servo_sirvo_fisico/share/servo_sirvo_fisico/models/media/materials/textures/nvidia_hz_logo_white.jpg
/home/victorn65/ros2_ws/src/servo_sirvo_fisico/install/servo_sirvo_fisico/share/servo_sirvo_fisico/models/media/materials/textures/puzzlebot_wood_5.png
/home/victorn65/ros2_ws/src/servo_sirvo_fisico/install/servo_sirvo_fisico/share/servo_sirvo_fisico/models/media/materials/textures/mcr2_banner.png
/home/victorn65/ros2_ws/src/servo_sirvo_fisico/install/servo_sirvo_fisico/share/servo_sirvo_fisico/models/media/materials/textures/wood_floor.jpg
/home/victorn65/ros2_ws/src/servo_sirvo_fisico/install/servo_sirvo_fisico/share/servo_sirvo_fisico/models/media/materials/textures/mcr2_logo_white.png
/home/victorn65/ros2_ws/src/servo_sirvo_fisico/install/servo_sirvo_fisico/share/servo_sirvo_fisico/models/media/materials/textures/aruco_markers/marker4.png
/home/victorn65/ros2_ws/src/servo_sirvo_fisico/install/servo_sirvo_fisico/share/servo_sirvo_fisico/models/media/materials/textures/aruco_markers/marker5.png
/home/victorn65/ros2_ws/src/servo_sirvo_fisico/install/servo_sirvo_fisico/share/servo_sirvo_fisico/models/media/materials/textures/aruco_markers/marker1.png
/home/victorn65/ros2_ws/src/servo_sirvo_fisico/install/servo_sirvo_fisico/share/servo_sirvo_fisico/models/media/materials/textures/aruco_markers/marker0.png
/home/victorn65/ros2_ws/src/servo_sirvo_fisico/install/servo_sirvo_fisico/share/servo_sirvo_fisico/models/media/materials/textures/aruco_markers/marker3.png
/home/victorn65/ros2_ws/src/servo_sirvo_fisico/install/servo_sirvo_fisico/share/servo_sirvo_fisico/models/media/materials/textures/aruco_markers/marker2.png
/home/victorn65/ros2_ws/src/servo_sirvo_fisico/install/servo_sirvo_fisico/share/servo_sirvo_fisico/models/puzzlebot_camera/model.sdf
/home/victorn65/ros2_ws/src/servo_sirvo_fisico/install/servo_sirvo_fisico/share/servo_sirvo_fisico/models/puzzlebot_camera/model.config
/home/victorn65/ros2_ws/src/servo_sirvo_fisico/install/servo_sirvo_fisico/share/servo_sirvo_fisico/models/puzzlebot_camera/meshes/chassis1.dae
/home/victorn65/ros2_ws/src/servo_sirvo_fisico/install/servo_sirvo_fisico/share/servo_sirvo_fisico/models/puzzlebot_camera/meshes/wheel.dae
/home/victorn65/ros2_ws/src/servo_sirvo_fisico/install/servo_sirvo_fisico/share/servo_sirvo_fisico/models/aruco_4x4_50_0/model.sdf
/home/victorn65/ros2_ws/src/servo_sirvo_fisico/install/servo_sirvo_fisico/share/servo_sirvo_fisico/models/aruco_4x4_50_0/model.config
/home/victorn65/ros2_ws/src/servo_sirvo_fisico/install/servo_sirvo_fisico/share/servo_sirvo_fisico/models/aruco_4x4_50_0/materials/textures/aruco_4x4_50_0.png
/home/victorn65/ros2_ws/src/servo_sirvo_fisico/install/servo_sirvo_fisico/share/servo_sirvo_fisico/models/aruco_4x4_50_0/meshes/aruco_4x4_50_0.dae
/home/victorn65/ros2_ws/src/servo_sirvo_fisico/install/servo_sirvo_fisico/share/servo_sirvo_fisico/models/plugins/libDiffDynamicPlugin.so
/home/victorn65/ros2_ws/src/servo_sirvo_fisico/install/servo_sirvo_fisico/share/servo_sirvo_fisico/models/goal_marker_2/model.sdf
/home/victorn65/ros2_ws/src/servo_sirvo_fisico/install/servo_sirvo_fisico/share/servo_sirvo_fisico/models/goal_marker_2/model.config
/home/victorn65/ros2_ws/src/servo_sirvo_fisico/install/servo_sirvo_fisico/share/servo_sirvo_fisico/models/goal_marker_2/materials/textures/mcr2_goal_2.png
/home/victorn65/ros2_ws/src/servo_sirvo_fisico/install/servo_sirvo_fisico/share/servo_sirvo_fisico/models/aruco001_cv/model.sdf
/home/victorn65/ros2_ws/src/servo_sirvo_fisico/install/servo_sirvo_fisico/share/servo_sirvo_fisico/models/aruco001_cv/model.config
/home/victorn65/ros2_ws/src/servo_sirvo_fisico/install/servo_sirvo_fisico/share/servo_sirvo_fisico/models/aruco001_cv/materials/textures/4x4_50_001.png
/home/victorn65/ros2_ws/src/servo_sirvo_fisico/install/servo_sirvo_fisico/share/servo_sirvo_fisico/models/aruco001_cv/meshes/aruco001.dae
/home/victorn65/ros2_ws/src/servo_sirvo_fisico/install/servo_sirvo_fisico/share/servo_sirvo_fisico/models/goal_marker_4/model.sdf
/home/victorn65/ros2_ws/src/servo_sirvo_fisico/install/servo_sirvo_fisico/share/servo_sirvo_fisico/models/goal_marker_4/model.config
/home/victorn65/ros2_ws/src/servo_sirvo_fisico/install/servo_sirvo_fisico/share/servo_sirvo_fisico/models/goal_marker_4/materials/textures/mcr2_goal_4.png
/home/victorn65/ros2_ws/src/servo_sirvo_fisico/install/servo_sirvo_fisico/share/servo_sirvo_fisico/models/puzzlebot_base/model.sdf
/home/victorn65/ros2_ws/src/servo_sirvo_fisico/install/servo_sirvo_fisico/share/servo_sirvo_fisico/models/puzzlebot_base/model.config
/home/victorn65/ros2_ws/src/servo_sirvo_fisico/install/servo_sirvo_fisico/share/servo_sirvo_fisico/models/puzzlebot_base/materials/textures/puzzlebot_wood_6.png
/home/victorn65/ros2_ws/src/servo_sirvo_fisico/install/servo_sirvo_fisico/share/servo_sirvo_fisico/models/avoidance_world_2/model.sdf
/home/victorn65/ros2_ws/src/servo_sirvo_fisico/install/servo_sirvo_fisico/share/servo_sirvo_fisico/models/avoidance_world_2/model.config
/home/victorn65/ros2_ws/src/servo_sirvo_fisico/install/servo_sirvo_fisico/share/servo_sirvo_fisico/models/aruco003_cv/model.sdf
/home/victorn65/ros2_ws/src/servo_sirvo_fisico/install/servo_sirvo_fisico/share/servo_sirvo_fisico/models/aruco003_cv/model.config
/home/victorn65/ros2_ws/src/servo_sirvo_fisico/install/servo_sirvo_fisico/share/servo_sirvo_fisico/models/aruco003_cv/materials/textures/4x4_50_003.png
/home/victorn65/ros2_ws/src/servo_sirvo_fisico/install/servo_sirvo_fisico/share/servo_sirvo_fisico/models/aruco003_cv/meshes/aruco003.dae
/home/victorn65/ros2_ws/src/servo_sirvo_fisico/install/servo_sirvo_fisico/share/servo_sirvo_fisico/models/aruco_marker_0/model.sdf
/home/victorn65/ros2_ws/src/servo_sirvo_fisico/install/servo_sirvo_fisico/share/servo_sirvo_fisico/models/aruco_marker_0/model.config
/home/victorn65/ros2_ws/src/servo_sirvo_fisico/install/servo_sirvo_fisico/share/servo_sirvo_fisico/models/aruco_marker_0/materials/textures/marker0.png
/home/victorn65/ros2_ws/src/servo_sirvo_fisico/install/servo_sirvo_fisico/share/servo_sirvo_fisico/models/aruco001/model.sdf
/home/victorn65/ros2_ws/src/servo_sirvo_fisico/install/servo_sirvo_fisico/share/servo_sirvo_fisico/models/aruco001/model.config
/home/victorn65/ros2_ws/src/servo_sirvo_fisico/install/servo_sirvo_fisico/share/servo_sirvo_fisico/models/aruco001/materials/textures/16h3_001.png
/home/victorn65/ros2_ws/src/servo_sirvo_fisico/install/servo_sirvo_fisico/share/servo_sirvo_fisico/models/aruco001/meshes/aruco001.dae
/home/victorn65/ros2_ws/src/servo_sirvo_fisico/install/servo_sirvo_fisico/share/servo_sirvo_fisico/models/avoidance_world_3/model.sdf
/home/victorn65/ros2_ws/src/servo_sirvo_fisico/install/servo_sirvo_fisico/share/servo_sirvo_fisico/models/avoidance_world_3/model.config
/home/victorn65/ros2_ws/src/servo_sirvo_fisico/install/servo_sirvo_fisico/share/servo_sirvo_fisico/models/modulo3_world/model.sdf
/home/victorn65/ros2_ws/src/servo_sirvo_fisico/install/servo_sirvo_fisico/share/servo_sirvo_fisico/models/modulo3_world/model.config
/home/victorn65/ros2_ws/src/servo_sirvo_fisico/install/servo_sirvo_fisico/share/servo_sirvo_fisico/models/puzzlebot_lidar/model.sdf
/home/victorn65/ros2_ws/src/servo_sirvo_fisico/install/servo_sirvo_fisico/share/servo_sirvo_fisico/models/puzzlebot_lidar/model.config
/home/victorn65/ros2_ws/src/servo_sirvo_fisico/install/servo_sirvo_fisico/share/servo_sirvo_fisico/models/puzzlebot_lidar/meshes/chassis1.dae
/home/victorn65/ros2_ws/src/servo_sirvo_fisico/install/servo_sirvo_fisico/share/servo_sirvo_fisico/models/puzzlebot_lidar/meshes/wheel.dae
/home/victorn65/ros2_ws/src/servo_sirvo_fisico/install/servo_sirvo_fisico/share/servo_sirvo_fisico/models/materials/wood.jpg
/home/victorn65/ros2_ws/src/servo_sirvo_fisico/install/servo_sirvo_fisico/share/servo_sirvo_fisico/models/aruco_marker_3/model.sdf
/home/victorn65/ros2_ws/src/servo_sirvo_fisico/install/servo_sirvo_fisico/share/servo_sirvo_fisico/models/aruco_marker_3/model.config
/home/victorn65/ros2_ws/src/servo_sirvo_fisico/install/servo_sirvo_fisico/share/servo_sirvo_fisico/models/aruco_marker_3/materials/textures/marker3.png
/home/victorn65/ros2_ws/src/servo_sirvo_fisico/install/servo_sirvo_fisico/share/servo_sirvo_fisico/models/aruco_4x4_50_2/model.sdf
/home/victorn65/ros2_ws/src/servo_sirvo_fisico/install/servo_sirvo_fisico/share/servo_sirvo_fisico/models/aruco_4x4_50_2/model.config
/home/victorn65/ros2_ws/src/servo_sirvo_fisico/install/servo_sirvo_fisico/share/servo_sirvo_fisico/models/aruco_4x4_50_2/materials/textures/aruco_4x4_50_2.png
/home/victorn65/ros2_ws/src/servo_sirvo_fisico/install/servo_sirvo_fisico/share/servo_sirvo_fisico/models/aruco_4x4_50_2/meshes/aruco_4x4_50_2.dae
/home/victorn65/ros2_ws/src/servo_sirvo_fisico/install/servo_sirvo_fisico/share/servo_sirvo_fisico/models/aruco000_cv/model.sdf
/home/victorn65/ros2_ws/src/servo_sirvo_fisico/install/servo_sirvo_fisico/share/servo_sirvo_fisico/models/aruco000_cv/model.config
/home/victorn65/ros2_ws/src/servo_sirvo_fisico/install/servo_sirvo_fisico/share/servo_sirvo_fisico/models/aruco000_cv/materials/textures/4x4_50_000.png
/home/victorn65/ros2_ws/src/servo_sirvo_fisico/install/servo_sirvo_fisico/share/servo_sirvo_fisico/models/aruco000_cv/meshes/aruco000.dae
/home/victorn65/ros2_ws/src/servo_sirvo_fisico/install/servo_sirvo_fisico/share/servo_sirvo_fisico/models/goal_marker_1/model.sdf
/home/victorn65/ros2_ws/src/servo_sirvo_fisico/install/servo_sirvo_fisico/share/servo_sirvo_fisico/models/goal_marker_1/model.config
/home/victorn65/ros2_ws/src/servo_sirvo_fisico/install/servo_sirvo_fisico/share/servo_sirvo_fisico/models/goal_marker_1/materials/textures/mcr2_goal_1.png
/home/victorn65/ros2_ws/src/servo_sirvo_fisico/install/servo_sirvo_fisico/share/servo_sirvo_fisico/models/puzzlebot/model.sdf
/home/victorn65/ros2_ws/src/servo_sirvo_fisico/install/servo_sirvo_fisico/share/servo_sirvo_fisico/models/puzzlebot/model.config
/home/victorn65/ros2_ws/src/servo_sirvo_fisico/install/servo_sirvo_fisico/share/servo_sirvo_fisico/models/puzzlebot/meshes/box13_16.blend
/home/victorn65/ros2_ws/src/servo_sirvo_fisico/install/servo_sirvo_fisico/share/servo_sirvo_fisico/models/puzzlebot/meshes/camera.stl
/home/victorn65/ros2_ws/src/servo_sirvo_fisico/install/servo_sirvo_fisico/share/servo_sirvo_fisico/models/puzzlebot/meshes/wheel.blend
/home/victorn65/ros2_ws/src/servo_sirvo_fisico/install/servo_sirvo_fisico/share/servo_sirvo_fisico/models/puzzlebot/meshes/chassis1.dae
/home/victorn65/ros2_ws/src/servo_sirvo_fisico/install/servo_sirvo_fisico/share/servo_sirvo_fisico/models/puzzlebot/meshes/world_wall1.blend
/home/victorn65/ros2_ws/src/servo_sirvo_fisico/install/servo_sirvo_fisico/share/servo_sirvo_fisico/models/puzzlebot/meshes/wheel.blend1
/home/victorn65/ros2_ws/src/servo_sirvo_fisico/install/servo_sirvo_fisico/share/servo_sirvo_fisico/models/puzzlebot/meshes/wheel.dae
/home/victorn65/ros2_ws/src/servo_sirvo_fisico/install/servo_sirvo_fisico/share/servo_sirvo_fisico/models/puzzlebot/meshes/world_wall1.blend1
/home/victorn65/ros2_ws/src/servo_sirvo_fisico/install/servo_sirvo_fisico/share/servo_sirvo_fisico/models/puzzlebot/meshes/box9_12.blend
/home/victorn65/ros2_ws/src/servo_sirvo_fisico/install/servo_sirvo_fisico/share/servo_sirvo_fisico/models/puzzlebot/meshes/box1_4.blend1
/home/victorn65/ros2_ws/src/servo_sirvo_fisico/install/servo_sirvo_fisico/share/servo_sirvo_fisico/models/puzzlebot/meshes/box1-5.blend
/home/victorn65/ros2_ws/src/servo_sirvo_fisico/install/servo_sirvo_fisico/share/servo_sirvo_fisico/models/puzzlebot/meshes/box5_8.blend
/home/victorn65/ros2_ws/src/servo_sirvo_fisico/install/servo_sirvo_fisico/share/servo_sirvo_fisico/models/puzzlebot/meshes/chassis1.blend
/home/victorn65/ros2_ws/src/servo_sirvo_fisico/install/servo_sirvo_fisico/share/servo_sirvo_fisico/models/puzzlebot/meshes/chassis1.blend1
/home/victorn65/ros2_ws/src/servo_sirvo_fisico/install/servo_sirvo_fisico/share/servo_sirvo_fisico/models/puzzlebot/meshes/chassis.stl
/home/victorn65/ros2_ws/src/servo_sirvo_fisico/install/servo_sirvo_fisico/share/servo_sirvo_fisico/models/puzzlebot/meshes/wheel.stl
/home/victorn65/ros2_ws/src/servo_sirvo_fisico/install/servo_sirvo_fisico/share/servo_sirvo_fisico/models/puzzlebot/meshes/box5_8.blend1
/home/victorn65/ros2_ws/src/servo_sirvo_fisico/install/servo_sirvo_fisico/share/servo_sirvo_fisico/models/blue_colored_box/model.sdf
/home/victorn65/ros2_ws/src/servo_sirvo_fisico/install/servo_sirvo_fisico/share/servo_sirvo_fisico/models/blue_colored_box/model.config
/home/victorn65/ros2_ws/src/servo_sirvo_fisico/install/servo_sirvo_fisico/share/servo_sirvo_fisico/models/aruco_marker_5/model.sdf
/home/victorn65/ros2_ws/src/servo_sirvo_fisico/install/servo_sirvo_fisico/share/servo_sirvo_fisico/models/aruco_marker_5/model.config
/home/victorn65/ros2_ws/src/servo_sirvo_fisico/install/servo_sirvo_fisico/share/servo_sirvo_fisico/models/aruco_marker_5/materials/textures/marker5.png
/home/victorn65/ros2_ws/src/servo_sirvo_fisico/install/servo_sirvo_fisico/share/servo_sirvo_fisico/models/aruco002_cv/model.sdf
/home/victorn65/ros2_ws/src/servo_sirvo_fisico/install/servo_sirvo_fisico/share/servo_sirvo_fisico/models/aruco002_cv/model.config
/home/victorn65/ros2_ws/src/servo_sirvo_fisico/install/servo_sirvo_fisico/share/servo_sirvo_fisico/models/aruco002_cv/materials/textures/4x4_50_002.png
/home/victorn65/ros2_ws/src/servo_sirvo_fisico/install/servo_sirvo_fisico/share/servo_sirvo_fisico/models/aruco002_cv/meshes/aruco002.dae
/home/victorn65/ros2_ws/src/servo_sirvo_fisico/install/servo_sirvo_fisico/share/servo_sirvo_fisico/models/puzzlebot_track/model.sdf
/home/victorn65/ros2_ws/src/servo_sirvo_fisico/install/servo_sirvo_fisico/share/servo_sirvo_fisico/models/puzzlebot_track/model.config
/home/victorn65/ros2_ws/src/servo_sirvo_fisico/install/servo_sirvo_fisico/share/servo_sirvo_fisico/models/puzzlebot_track/materials/textures/puzzlebot_track.png
/home/victorn65/ros2_ws/src/servo_sirvo_fisico/install/servo_sirvo_fisico/share/servo_sirvo_fisico/models/aruco_4x4_50_3/model.sdf
/home/victorn65/ros2_ws/src/servo_sirvo_fisico/install/servo_sirvo_fisico/share/servo_sirvo_fisico/models/aruco_4x4_50_3/model.config
/home/victorn65/ros2_ws/src/servo_sirvo_fisico/install/servo_sirvo_fisico/share/servo_sirvo_fisico/models/aruco_4x4_50_3/materials/textures/aruco_4x4_50_3.png
/home/victorn65/ros2_ws/src/servo_sirvo_fisico/install/servo_sirvo_fisico/share/servo_sirvo_fisico/models/aruco_4x4_50_3/meshes/aruco_4x4_50_3.dae
/home/victorn65/ros2_ws/src/servo_sirvo_fisico/install/servo_sirvo_fisico/share/servo_sirvo_fisico/models/avoidance_world_4/model.sdf
/home/victorn65/ros2_ws/src/servo_sirvo_fisico/install/servo_sirvo_fisico/share/servo_sirvo_fisico/models/avoidance_world_4/model.config
/home/victorn65/ros2_ws/src/servo_sirvo_fisico/install/servo_sirvo_fisico/share/servo_sirvo_fisico/models/aruco002/model.sdf
/home/victorn65/ros2_ws/src/servo_sirvo_fisico/install/servo_sirvo_fisico/share/servo_sirvo_fisico/models/aruco002/model.config
/home/victorn65/ros2_ws/src/servo_sirvo_fisico/install/servo_sirvo_fisico/share/servo_sirvo_fisico/models/aruco002/materials/textures/16h3_002.png
/home/victorn65/ros2_ws/src/servo_sirvo_fisico/install/servo_sirvo_fisico/share/servo_sirvo_fisico/models/aruco002/meshes/aruco002.dae
/home/victorn65/ros2_ws/src/servo_sirvo_fisico/install/servo_sirvo_fisico/share/servo_sirvo_fisico/models/empty/model.sdf
/home/victorn65/ros2_ws/src/servo_sirvo_fisico/install/servo_sirvo_fisico/share/servo_sirvo_fisico/models/empty/model.config
/home/victorn65/ros2_ws/src/servo_sirvo_fisico/install/servo_sirvo_fisico/share/servo_sirvo_fisico/models/simple_light/model.sdf
/home/victorn65/ros2_ws/src/servo_sirvo_fisico/install/servo_sirvo_fisico/share/servo_sirvo_fisico/models/simple_light/model.config
/home/victorn65/ros2_ws/src/servo_sirvo_fisico/install/servo_sirvo_fisico/share/servo_sirvo_fisico/models/aruco003/model.sdf
/home/victorn65/ros2_ws/src/servo_sirvo_fisico/install/servo_sirvo_fisico/share/servo_sirvo_fisico/models/aruco003/model.config
/home/victorn65/ros2_ws/src/servo_sirvo_fisico/install/servo_sirvo_fisico/share/servo_sirvo_fisico/models/aruco003/materials/textures/16h3_003.png
/home/victorn65/ros2_ws/src/servo_sirvo_fisico/install/servo_sirvo_fisico/share/servo_sirvo_fisico/models/aruco003/meshes/aruco003.dae
/home/victorn65/ros2_ws/src/servo_sirvo_fisico/install/servo_sirvo_fisico/share/servo_sirvo_fisico/models/aruco_4x4_50_4/model.sdf
/home/victorn65/ros2_ws/src/servo_sirvo_fisico/install/servo_sirvo_fisico/share/servo_sirvo_fisico/models/aruco_4x4_50_4/model.config
/home/victorn65/ros2_ws/src/servo_sirvo_fisico/install/servo_sirvo_fisico/share/servo_sirvo_fisico/models/aruco_4x4_50_4/materials/textures/aruco_4x4_50_4.png
/home/victorn65/ros2_ws/src/servo_sirvo_fisico/install/servo_sirvo_fisico/share/servo_sirvo_fisico/models/aruco_4x4_50_4/meshes/aruco_4x4_50_4.dae
/home/victorn65/ros2_ws/src/servo_sirvo_fisico/install/servo_sirvo_fisico/share/servo_sirvo_fisico/models/yellow_colored_box/model.sdf
/home/victorn65/ros2_ws/src/servo_sirvo_fisico/install/servo_sirvo_fisico/share/servo_sirvo_fisico/models/yellow_colored_box/model.config
/home/victorn65/ros2_ws/src/servo_sirvo_fisico/install/servo_sirvo_fisico/share/servo_sirvo_fisico/models/aruco_box/model.sdf
/home/victorn65/ros2_ws/src/servo_sirvo_fisico/install/servo_sirvo_fisico/share/servo_sirvo_fisico/models/aruco_box/model.config
/home/victorn65/ros2_ws/src/servo_sirvo_fisico/install/servo_sirvo_fisico/share/servo_sirvo_fisico/models/aruco_box/materials/textures/marker4.png
/home/victorn65/ros2_ws/src/servo_sirvo_fisico/install/servo_sirvo_fisico/share/servo_sirvo_fisico/models/aruco_box/materials/textures/marker5.png
/home/victorn65/ros2_ws/src/servo_sirvo_fisico/install/servo_sirvo_fisico/share/servo_sirvo_fisico/models/aruco_box/materials/textures/marker1.png
/home/victorn65/ros2_ws/src/servo_sirvo_fisico/install/servo_sirvo_fisico/share/servo_sirvo_fisico/models/aruco_box/materials/textures/marker0.png
/home/victorn65/ros2_ws/src/servo_sirvo_fisico/install/servo_sirvo_fisico/share/servo_sirvo_fisico/models/aruco_box/materials/textures/marker3.png
/home/victorn65/ros2_ws/src/servo_sirvo_fisico/install/servo_sirvo_fisico/share/servo_sirvo_fisico/models/aruco_box/materials/textures/marker2.png
/home/victorn65/ros2_ws/src/servo_sirvo_fisico/install/servo_sirvo_fisico/share/servo_sirvo_fisico/models/aruco_marker_2/model.sdf
/home/victorn65/ros2_ws/src/servo_sirvo_fisico/install/servo_sirvo_fisico/share/servo_sirvo_fisico/models/aruco_marker_2/model.config
/home/victorn65/ros2_ws/src/servo_sirvo_fisico/install/servo_sirvo_fisico/share/servo_sirvo_fisico/models/aruco_marker_2/materials/textures/marker2.png
/home/victorn65/ros2_ws/src/servo_sirvo_fisico/install/servo_sirvo_fisico/share/servo_sirvo_fisico/models/aruco_marker_4/model.sdf
/home/victorn65/ros2_ws/src/servo_sirvo_fisico/install/servo_sirvo_fisico/share/servo_sirvo_fisico/models/aruco_marker_4/model.config
/home/victorn65/ros2_ws/src/servo_sirvo_fisico/install/servo_sirvo_fisico/share/servo_sirvo_fisico/models/aruco_marker_4/materials/textures/marker4.png
/home/victorn65/ros2_ws/src/servo_sirvo_fisico/install/servo_sirvo_fisico/share/servo_sirvo_fisico/models/world_wall/model.sdf
/home/victorn65/ros2_ws/src/servo_sirvo_fisico/install/servo_sirvo_fisico/share/servo_sirvo_fisico/models/world_wall/model.config
/home/victorn65/ros2_ws/src/servo_sirvo_fisico/install/servo_sirvo_fisico/share/servo_sirvo_fisico/models/world_wall/materials/textures/MapAll.jpg
/home/victorn65/ros2_ws/src/servo_sirvo_fisico/install/servo_sirvo_fisico/share/servo_sirvo_fisico/models/world_wall/materials/textures/0032-512x512.jpg
/home/victorn65/ros2_ws/src/servo_sirvo_fisico/install/servo_sirvo_fisico/share/servo_sirvo_fisico/models/world_wall/materials/textures/wood_floor.jpg
/home/victorn65/ros2_ws/src/servo_sirvo_fisico/install/servo_sirvo_fisico/share/servo_sirvo_fisico/models/world_wall/meshes/world_wall1.dae
/home/victorn65/ros2_ws/src/servo_sirvo_fisico/install/servo_sirvo_fisico/share/servo_sirvo_fisico/models/world_wall/meshes/0032-512x512.jpg
/home/victorn65/ros2_ws/src/servo_sirvo_fisico/install/servo_sirvo_fisico/share/servo_sirvo_fisico/models/world_wall/meshes/wood_floor.jpg
/home/victorn65/ros2_ws/src/servo_sirvo_fisico/install/servo_sirvo_fisico/share/servo_sirvo_fisico/models/goal_marker_3/model.sdf
/home/victorn65/ros2_ws/src/servo_sirvo_fisico/install/servo_sirvo_fisico/share/servo_sirvo_fisico/models/goal_marker_3/model.config
/home/victorn65/ros2_ws/src/servo_sirvo_fisico/install/servo_sirvo_fisico/share/servo_sirvo_fisico/models/goal_marker_3/materials/textures/mcr2_goal_3.png
/home/victorn65/ros2_ws/src/servo_sirvo_fisico/install/servo_sirvo_fisico/share/servo_sirvo_fisico/models/aruco_marker_1/model.sdf
/home/victorn65/ros2_ws/src/servo_sirvo_fisico/install/servo_sirvo_fisico/share/servo_sirvo_fisico/models/aruco_marker_1/model.config
/home/victorn65/ros2_ws/src/servo_sirvo_fisico/install/servo_sirvo_fisico/share/servo_sirvo_fisico/models/aruco_marker_1/materials/textures/marker1.png
/home/victorn65/ros2_ws/src/servo_sirvo_fisico/install/servo_sirvo_fisico/share/servo_sirvo_fisico/models/aruco_4x4_50_1/model.sdf
/home/victorn65/ros2_ws/src/servo_sirvo_fisico/install/servo_sirvo_fisico/share/servo_sirvo_fisico/models/aruco_4x4_50_1/model.config
/home/victorn65/ros2_ws/src/servo_sirvo_fisico/install/servo_sirvo_fisico/share/servo_sirvo_fisico/models/aruco_4x4_50_1/materials/textures/aruco_4x4_50_1.png
/home/victorn65/ros2_ws/src/servo_sirvo_fisico/install/servo_sirvo_fisico/share/servo_sirvo_fisico/models/aruco_4x4_50_1/meshes/aruco_4x4_50_1.dae
/home/victorn65/ros2_ws/src/servo_sirvo_fisico/install/servo_sirvo_fisico/share/servo_sirvo_fisico/models/goal_marker_5/model.sdf
/home/victorn65/ros2_ws/src/servo_sirvo_fisico/install/servo_sirvo_fisico/share/servo_sirvo_fisico/models/goal_marker_5/model.config
/home/victorn65/ros2_ws/src/servo_sirvo_fisico/install/servo_sirvo_fisico/share/servo_sirvo_fisico/models/goal_marker_5/materials/textures/mcr2_goal_5.png
/home/victorn65/ros2_ws/src/servo_sirvo_fisico/install/servo_sirvo_fisico/share/servo_sirvo_fisico/models/office_floor/model.sdf
/home/victorn65/ros2_ws/src/servo_sirvo_fisico/install/servo_sirvo_fisico/share/servo_sirvo_fisico/models/office_floor/model.config
/home/victorn65/ros2_ws/src/servo_sirvo_fisico/install/servo_sirvo_fisico/share/servo_sirvo_fisico/models/office_floor/materials/textures/puzzlebot_wood_7.png
/home/victorn65/ros2_ws/src/servo_sirvo_fisico/install/servo_sirvo_fisico/share/servo_sirvo_fisico/worlds/obstacle_avoidance_4.world
/home/victorn65/ros2_ws/src/servo_sirvo_fisico/install/servo_sirvo_fisico/share/servo_sirvo_fisico/worlds/maze_aruco.world
/home/victorn65/ros2_ws/src/servo_sirvo_fisico/install/servo_sirvo_fisico/share/servo_sirvo_fisico/worlds/mundo.world
/home/victorn65/ros2_ws/src/servo_sirvo_fisico/install/servo_sirvo_fisico/share/servo_sirvo_fisico/worlds/puzzlebot_arena.world
/home/victorn65/ros2_ws/src/servo_sirvo_fisico/install/servo_sirvo_fisico/share/servo_sirvo_fisico/worlds/world_empty.sdf
/home/victorn65/ros2_ws/src/servo_sirvo_fisico/install/servo_sirvo_fisico/share/servo_sirvo_fisico/worlds/world_prueba.world
/home/victorn65/ros2_ws/src/servo_sirvo_fisico/install/servo_sirvo_fisico/share/servo_sirvo_fisico/worlds/obstacle_avoidance_1.world
/home/victorn65/ros2_ws/src/servo_sirvo_fisico/install/servo_sirvo_fisico/share/servo_sirvo_fisico/worlds/world_aruco_cv.sdf
/home/victorn65/ros2_ws/src/servo_sirvo_fisico/install/servo_sirvo_fisico/share/servo_sirvo_fisico/worlds/puzzlebot_track.world
/home/victorn65/ros2_ws/src/servo_sirvo_fisico/install/servo_sirvo_fisico/share/servo_sirvo_fisico/worlds/obstacle_avoidance_3.world
/home/victorn65/ros2_ws/src/servo_sirvo_fisico/install/servo_sirvo_fisico/share/servo_sirvo_fisico/worlds/obstacle_avoidance_2.world
/home/victorn65/ros2_ws/src/servo_sirvo_fisico/install/servo_sirvo_fisico/share/servo_sirvo_fisico/worlds/puzzlebot_world.world
/home/victorn65/ros2_ws/src/servo_sirvo_fisico/install/servo_sirvo_fisico/share/servo_sirvo_fisico/worlds/puzzlebot_arena_markers.world
/home/victorn65/ros2_ws/src/servo_sirvo_fisico/install/servo_sirvo_fisico/share/servo_sirvo_fisico/worlds/empty.world
/home/victorn65/ros2_ws/src/servo_sirvo_fisico/install/servo_sirvo_fisico/share/servo_sirvo_fisico/worlds/world_aruco_mip.sdf
/home/victorn65/ros2_ws/src/servo_sirvo_fisico/install/servo_sirvo_fisico/share/servo_sirvo_fisico/worlds/office.world
/home/victorn65/ros2_ws/src/servo_sirvo_fisico/install/servo_sirvo_fisico/share/servo_sirvo_fisico/worlds/mundo1.world
/home/victorn65/ros2_ws/src/servo_sirvo_fisico/install/servo_sirvo_fisico/share/servo_sirvo_fisico/worlds/puzzlebot_aruco_markers.world
/home/victorn65/ros2_ws/src/servo_sirvo_fisico/install/servo_sirvo_fisico/share/servo_sirvo_fisico/worlds/world_box.sdf
/home/victorn65/ros2_ws/src/servo_sirvo_fisico/install/servo_sirvo_fisico/share/servo_sirvo_fisico/worlds/office_2/model.sdf
/home/victorn65/ros2_ws/src/servo_sirvo_fisico/install/servo_sirvo_fisico/share/servo_sirvo_fisico/worlds/office_2/model.config
/home/victorn65/ros2_ws/src/servo_sirvo_fisico/install/servo_sirvo_fisico/share/servo_sirvo_fisico/plugins/libDiffDynamicPlugin.so
/home/victorn65/ros2_ws/src/servo_sirvo_fisico/install/servo_sirvo_fisico/lib/python3.10/site-packages/servo_sirvo_fisico-0.0.0-py3.10.egg-info/entry_points.txt
/home/victorn65/ros2_ws/src/servo_sirvo_fisico/install/servo_sirvo_fisico/lib/python3.10/site-packages/servo_sirvo_fisico-0.0.0-py3.10.egg-info/dependency_links.txt
/home/victorn65/ros2_ws/src/servo_sirvo_fisico/install/servo_sirvo_fisico/lib/python3.10/site-packages/servo_sirvo_fisico-0.0.0-py3.10.egg-info/PKG-INFO
/home/victorn65/ros2_ws/src/servo_sirvo_fisico/install/servo_sirvo_fisico/lib/python3.10/site-packages/servo_sirvo_fisico-0.0.0-py3.10.egg-info/top_level.txt
/home/victorn65/ros2_ws/src/servo_sirvo_fisico/install/servo_sirvo_fisico/lib/python3.10/site-packages/servo_sirvo_fisico-0.0.0-py3.10.egg-info/zip-safe
/home/victorn65/ros2_ws/src/servo_sirvo_fisico/install/servo_sirvo_fisico/lib/python3.10/site-packages/servo_sirvo_fisico-0.0.0-py3.10.egg-info/requires.txt
/home/victorn65/ros2_ws/src/servo_sirvo_fisico/install/servo_sirvo_fisico/lib/python3.10/site-packages/servo_sirvo_fisico-0.0.0-py3.10.egg-info/SOURCES.txt
/home/victorn65/ros2_ws/src/servo_sirvo_fisico/install/servo_sirvo_fisico/lib/ServoYSirvo_nav2_puzzlebot/aruco_debug
/home/victorn65/ros2_ws/src/servo_sirvo_fisico/install/servo_sirvo_fisico/lib/ServoYSirvo_nav2_puzzlebot/dynamic_tf
/home/victorn65/ros2_ws/src/servo_sirvo_fisico/install/servo_sirvo_fisico/lib/ServoYSirvo_nav2_puzzlebot/joint_state_pub
/home/victorn65/ros2_ws/src/servo_sirvo_fisico/install/servo_sirvo_fisico/lib/ServoYSirvo_nav2_puzzlebot/localisation
/home/victorn65/ros2_ws/src/servo_sirvo_fisico/install/servo_sirvo_fisico/lib/ServoYSirvo_nav2_puzzlebot/point_stabilisation_control
/home/victorn65/ros2_ws/src/servo_sirvo_fisico/install/servo_sirvo_fisico/lib/ServoYSirvo_nav2_puzzlebot/puzzlebot_aruco
/home/victorn65/ros2_ws/src/servo_sirvo_fisico/install/servo_sirvo_fisico/lib/ServoYSirvo_nav2_puzzlebot/puzzlebot_kinematic_model
/home/victorn65/ros2_ws/src/servo_sirvo_fisico/install/servo_sirvo_fisico/lib/ServoYSirvo_nav2_puzzlebot/static_tf
